++ /usr/bin/java -Dlog4j.configuration=file:/Hadoop/git/EADJpmis/conf/log4j.properties -Dapacheds.log.dir=/Hadoop/git/EADJpmis/log -Dead.server.port=10389 -Dhadoop-group-mapping=/Hadoop/hadoop-group-mapping.xml -classpath /Hadoop/git/EADJpmis/lib/JPMISEAD-0.0.1-SNAPSHOT.jar:/Hadoop/git/EADJpmis/lib/LdapGroupMapping-0.0.1-SNAPSHOT.jar:/Hadoop/git/EADJpmis/lib/activation-1.1.jar:/Hadoop/git/EADJpmis/lib/apacheds-all-2.0.0-M23.jar:/Hadoop/git/EADJpmis/lib/apacheds-i18n-2.0.0-M15.jar:/Hadoop/git/EADJpmis/lib/apacheds-kerberos-codec-2.0.0-M15.jar:/Hadoop/git/EADJpmis/lib/api-asn1-api-1.0.0-M20.jar:/Hadoop/git/EADJpmis/lib/api-util-1.0.0-M20.jar:/Hadoop/git/EADJpmis/lib/asm-3.1.jar:/Hadoop/git/EADJpmis/lib/avro-1.7.6-cdh5.7.3.jar:/Hadoop/git/EADJpmis/lib/commons-beanutils-1.7.0.jar:/Hadoop/git/EADJpmis/lib/commons-beanutils-core-1.8.0.jar:/Hadoop/git/EADJpmis/lib/commons-cli-1.2.jar:/Hadoop/git/EADJpmis/lib/commons-codec-1.4.jar:/Hadoop/git/EADJpmis/lib/commons-collections-3.2.2.jar:/Hadoop/git/EADJpmis/lib/commons-compress-1.4.1.jar:/Hadoop/git/EADJpmis/lib/commons-configuration-1.6.jar:/Hadoop/git/EADJpmis/lib/commons-digester-1.8.jar:/Hadoop/git/EADJpmis/lib/commons-el-1.0.jar:/Hadoop/git/EADJpmis/lib/commons-httpclient-3.1.jar:/Hadoop/git/EADJpmis/lib/commons-io-2.4.jar:/Hadoop/git/EADJpmis/lib/commons-lang-2.6.jar:/Hadoop/git/EADJpmis/lib/commons-logging-1.1.3.jar:/Hadoop/git/EADJpmis/lib/commons-math3-3.1.1.jar:/Hadoop/git/EADJpmis/lib/commons-net-3.1.jar:/Hadoop/git/EADJpmis/lib/curator-client-2.7.1.jar:/Hadoop/git/EADJpmis/lib/curator-framework-2.7.1.jar:/Hadoop/git/EADJpmis/lib/curator-recipes-2.7.1.jar:/Hadoop/git/EADJpmis/lib/gson-2.2.4.jar:/Hadoop/git/EADJpmis/lib/guava-11.0.2.jar:/Hadoop/git/EADJpmis/lib/hadoop-annotations-2.6.0-cdh5.7.3.jar:/Hadoop/git/EADJpmis/lib/hadoop-auth-2.6.0-cdh5.7.3.jar:/Hadoop/git/EADJpmis/lib/hadoop-common-2.6.0-cdh5.7.3.jar:/Hadoop/git/EADJpmis/lib/hamcrest-core-1.3.jar:/Hadoop/git/EADJpmis/lib/htrace-core4-4.0.1-incubating.jar:/Hadoop/git/EADJpmis/lib/httpclient-4.1.2.jar:/Hadoop/git/EADJpmis/lib/httpcore-4.1.2.jar:/Hadoop/git/EADJpmis/lib/jackson-core-asl-1.8.8.jar:/Hadoop/git/EADJpmis/lib/jackson-jaxrs-1.8.3.jar:/Hadoop/git/EADJpmis/lib/jackson-mapper-asl-1.8.8.jar:/Hadoop/git/EADJpmis/lib/jackson-xc-1.8.3.jar:/Hadoop/git/EADJpmis/lib/jasper-compiler-5.5.23.jar:/Hadoop/git/EADJpmis/lib/jasper-runtime-5.5.23.jar:/Hadoop/git/EADJpmis/lib/java-xmlbuilder-0.4.jar:/Hadoop/git/EADJpmis/lib/jaxb-api-2.2.2.jar:/Hadoop/git/EADJpmis/lib/jaxb-impl-2.2.3-1.jar:/Hadoop/git/EADJpmis/lib/jersey-core-1.9.jar:/Hadoop/git/EADJpmis/lib/jersey-json-1.9.jar:/Hadoop/git/EADJpmis/lib/jersey-server-1.9.jar:/Hadoop/git/EADJpmis/lib/jets3t-0.9.0.jar:/Hadoop/git/EADJpmis/lib/jettison-1.1.jar:/Hadoop/git/EADJpmis/lib/jetty-6.1.26.cloudera.4.jar:/Hadoop/git/EADJpmis/lib/jetty-util-6.1.26.cloudera.4.jar:/Hadoop/git/EADJpmis/lib/jsch-0.1.42.jar:/Hadoop/git/EADJpmis/lib/jsp-api-2.1.jar:/Hadoop/git/EADJpmis/lib/jsr305-3.0.0.jar:/Hadoop/git/EADJpmis/lib/junit-4.12.jar:/Hadoop/git/EADJpmis/lib/log4j-1.2.17.jar:/Hadoop/git/EADJpmis/lib/paranamer-2.3.jar:/Hadoop/git/EADJpmis/lib/protobuf-java-2.5.0.jar:/Hadoop/git/EADJpmis/lib/servlet-api-2.5.jar:/Hadoop/git/EADJpmis/lib/slf4j-api-1.7.14.jar:/Hadoop/git/EADJpmis/lib/slf4j-log4j12-1.7.5.jar:/Hadoop/git/EADJpmis/lib/snappy-java-1.0.4.1.jar:/Hadoop/git/EADJpmis/lib/stax-api-1.0-2.jar:/Hadoop/git/EADJpmis/lib/wrapper-3.2.3.jar:/Hadoop/git/EADJpmis/lib/xmlenc-0.52.jar:/Hadoop/git/EADJpmis/lib/xz-1.0.jar:/Hadoop/git/EADJpmis/lib/zookeeper-3.4.5-cdh5.7.3.jar com.krish.ead.server.EADServer /Hadoop/git/EADJpmis/instances/krish
[20:02:39] INFO [com.krish.ead.server.EADServer] - Starting the service.
[20:02:39] INFO [org.apache.directory.api.ldap.codec.osgi.DefaultLdapCodecService] - Registered pre-bundled control factory: 1.3.6.1.4.1.18060.0.0.1
[20:02:39] INFO [org.apache.directory.api.ldap.codec.osgi.DefaultLdapCodecService] - Registered pre-bundled control factory: 2.16.840.1.113730.3.4.7
[20:02:39] INFO [org.apache.directory.api.ldap.codec.osgi.DefaultLdapCodecService] - Registered pre-bundled control factory: 2.16.840.1.113730.3.4.2
[20:02:39] INFO [org.apache.directory.api.ldap.codec.osgi.DefaultLdapCodecService] - Registered pre-bundled control factory: 2.16.840.1.113730.3.4.18
[20:02:39] INFO [org.apache.directory.api.ldap.codec.osgi.DefaultLdapCodecService] - Registered pre-bundled control factory: 1.2.840.113556.1.4.319
[20:02:39] INFO [org.apache.directory.api.ldap.codec.osgi.DefaultLdapCodecService] - Registered pre-bundled control factory: 2.16.840.1.113730.3.4.3
[20:02:39] INFO [org.apache.directory.api.ldap.codec.osgi.DefaultLdapCodecService] - Registered pre-bundled control factory: 1.3.6.1.4.1.4203.1.10.1
[20:02:39] INFO [org.apache.directory.api.ldap.codec.standalone.CodecFactoryUtil] - Registered pre-bundled control factory: 1.3.6.1.4.1.18060.0.0.1
[20:02:39] INFO [org.apache.directory.api.ldap.codec.standalone.CodecFactoryUtil] - Registered pre-bundled control factory: 2.16.840.1.113730.3.4.7
[20:02:39] INFO [org.apache.directory.api.ldap.codec.standalone.CodecFactoryUtil] - Registered pre-bundled control factory: 2.16.840.1.113730.3.4.2
[20:02:39] INFO [org.apache.directory.api.ldap.codec.standalone.CodecFactoryUtil] - Registered pre-bundled control factory: 2.16.840.1.113730.3.4.18
[20:02:39] INFO [org.apache.directory.api.ldap.codec.standalone.CodecFactoryUtil] - Registered pre-bundled control factory: 1.2.840.113556.1.4.319
[20:02:39] INFO [org.apache.directory.api.ldap.codec.standalone.CodecFactoryUtil] - Registered pre-bundled control factory: 2.16.840.1.113730.3.4.3
[20:02:39] INFO [org.apache.directory.api.ldap.codec.standalone.CodecFactoryUtil] - Registered pre-bundled control factory: 1.3.6.1.4.1.4203.1.10.1
[20:02:39] INFO [org.apache.directory.api.ldap.codec.standalone.CodecFactoryUtil] - Registered pre-bundled control factory: 1.3.6.1.4.1.42.2.27.8.5.1
[20:02:39] INFO [org.apache.directory.api.ldap.codec.standalone.CodecFactoryUtil] - Registered pre-bundled control factory: 2.16.840.1.113730.3.4.9
[20:02:39] INFO [org.apache.directory.api.ldap.codec.standalone.CodecFactoryUtil] - Registered pre-bundled control factory: 2.16.840.1.113730.3.4.10
[20:02:39] INFO [org.apache.directory.api.ldap.codec.standalone.CodecFactoryUtil] - Registered pre-bundled control factory: 1.3.6.1.4.1.4203.1.9.1.3
[20:02:39] INFO [org.apache.directory.api.ldap.codec.standalone.CodecFactoryUtil] - Registered pre-bundled control factory: 1.3.6.1.4.1.4203.1.9.1.4
[20:02:39] INFO [org.apache.directory.api.ldap.codec.standalone.CodecFactoryUtil] - Registered pre-bundled control factory: 1.3.6.1.4.1.4203.1.9.1.1
[20:02:39] INFO [org.apache.directory.api.ldap.codec.standalone.CodecFactoryUtil] - Registered pre-bundled control factory: 1.3.6.1.4.1.4203.1.9.1.2
[20:02:39] INFO [org.apache.directory.api.ldap.codec.standalone.CodecFactoryUtil] - Registered pre-bundled control factory: 1.2.840.113556.1.4.473
[20:02:39] INFO [org.apache.directory.api.ldap.codec.standalone.CodecFactoryUtil] - Registered pre-bundled control factory: 1.2.840.113556.1.4.474
[20:02:39] INFO [org.apache.directory.api.ldap.codec.standalone.CodecFactoryUtil] - Registered pre-bundled control factory: 1.2.840.113556.1.4.841
[20:02:39] INFO [org.apache.directory.api.ldap.codec.standalone.CodecFactoryUtil] - Registered pre-bundled control factory: 1.2.840.113556.1.4.417
[20:02:39] INFO [org.apache.directory.api.ldap.codec.standalone.CodecFactoryUtil] - Registered pre-bundled control factory: 1.2.840.113556.1.4.1413
[20:02:39] INFO [org.apache.directory.api.ldap.codec.standalone.CodecFactoryUtil] - Registered pre-bundled control factory: 1.2.840.113556.1.4.528
[20:02:39] INFO [org.apache.directory.api.ldap.codec.standalone.CodecFactoryUtil] - Registered pre-bundled extended operation factory: 1.3.6.1.1.8
[20:02:39] INFO [org.apache.directory.api.ldap.codec.standalone.CodecFactoryUtil] - Registered pre-bundled extended operation factory: 1.3.6.1.4.1.18060.0.1.8
[20:02:39] INFO [org.apache.directory.api.ldap.codec.standalone.CodecFactoryUtil] - Registered pre-bundled extended operation factory: 1.3.6.1.4.1.18060.0.1.3
[20:02:39] INFO [org.apache.directory.api.ldap.codec.standalone.CodecFactoryUtil] - Registered pre-bundled extended operation factory: 1.3.6.1.4.1.18060.0.1.6
[20:02:39] INFO [org.apache.directory.api.ldap.codec.standalone.CodecFactoryUtil] - Registered pre-bundled extended operation factory: 1.3.6.1.4.1.18060.0.1.5
[20:02:39] INFO [org.apache.directory.api.ldap.codec.standalone.CodecFactoryUtil] - Registered pre-bundled extended operation factory: 1.3.6.1.4.1.4203.1.11.1
[20:02:39] INFO [org.apache.directory.api.ldap.codec.standalone.CodecFactoryUtil] - Registered pre-bundled extended operation factory: 1.3.6.1.4.1.4203.1.11.3
[20:02:39] INFO [org.apache.directory.api.ldap.codec.standalone.CodecFactoryUtil] - Registered pre-bundled extended operation factory: 1.3.6.1.4.1.1466.20037
[20:02:39] INFO [org.apache.directory.server.core.api.CacheService] - no custom cache configuration was set, loading the default cache configuration
[20:02:39] INFO [org.apache.directory.api.ldap.schema.extractor.impl.DefaultSchemaLdifExtractor] - Schema directory '/Hadoop/git/EADJpmis/instances/krish/partitions/schema' does NOT exist: extracted state set to false.
[20:02:40] INFO [org.apache.directory.api.ldap.model.ldif.LdifReader] - No version information : assuming version: 1
[20:02:40] INFO [org.apache.directory.api.ldap.schema.manager.impl.DefaultSchemaManager] - Loading system enabled schema: 
	Schema Name: system
		Disabled: false
		Owner: uid=admin,ou=system
		Dependencies: []
		SchemaLoader : LdifSchemaLoader
[20:02:40] INFO [org.apache.directory.api.ldap.schema.manager.impl.DefaultSchemaManager] - Loading core enabled schema: 
	Schema Name: core
		Disabled: false
		Owner: uid=admin,ou=system
		Dependencies: [system]
		SchemaLoader : LdifSchemaLoader
[20:02:40] INFO [org.apache.directory.api.ldap.schema.manager.impl.DefaultSchemaManager] - system schema has already been loaded
[20:02:40] INFO [org.apache.directory.api.ldap.schema.manager.impl.DefaultSchemaManager] - core schema has already been loaded
[20:02:40] INFO [org.apache.directory.api.ldap.schema.manager.impl.DefaultSchemaManager] - system schema has already been loaded
[20:02:40] INFO [org.apache.directory.api.ldap.schema.manager.impl.DefaultSchemaManager] - Loading apache enabled schema: 
	Schema Name: apache
		Disabled: false
		Owner: uid=admin,ou=system
		Dependencies: [core, system]
		SchemaLoader : LdifSchemaLoader
[20:02:40] INFO [org.apache.directory.api.ldap.schema.manager.impl.DefaultSchemaManager] - system schema has already been loaded
[20:02:40] INFO [org.apache.directory.api.ldap.schema.manager.impl.DefaultSchemaManager] - Loading apachemeta enabled schema: 
	Schema Name: apachemeta
		Disabled: false
		Owner: uid=admin,ou=system
		Dependencies: [system]
		SchemaLoader : LdifSchemaLoader
[20:02:40] INFO [org.apache.directory.api.ldap.schema.manager.impl.DefaultSchemaManager] - Loading other enabled schema: 
	Schema Name: other
		Disabled: false
		Owner: uid=admin,ou=system
		Dependencies: [core, system, apache, apachemeta]
		SchemaLoader : LdifSchemaLoader
[20:02:40] INFO [org.apache.directory.api.ldap.schema.manager.impl.DefaultSchemaManager] - core schema has already been loaded
[20:02:40] INFO [org.apache.directory.api.ldap.schema.manager.impl.DefaultSchemaManager] - system schema has already been loaded
[20:02:40] INFO [org.apache.directory.api.ldap.schema.manager.impl.DefaultSchemaManager] - core schema has already been loaded
[20:02:40] INFO [org.apache.directory.api.ldap.schema.manager.impl.DefaultSchemaManager] - system schema has already been loaded
[20:02:40] INFO [org.apache.directory.api.ldap.schema.manager.impl.DefaultSchemaManager] - Loading cosine enabled schema: 
	Schema Name: cosine
		Disabled: false
		Owner: uid=admin,ou=system
		Dependencies: [core, system]
		SchemaLoader : LdifSchemaLoader
[20:02:40] INFO [org.apache.directory.api.ldap.schema.manager.impl.DefaultSchemaManager] - Loading inetorgperson enabled schema: 
	Schema Name: inetorgperson
		Disabled: false
		Owner: uid=admin,ou=system
		Dependencies: [core, system, cosine]
		SchemaLoader : LdifSchemaLoader
[20:02:40] INFO [org.apache.directory.api.ldap.schema.manager.impl.DefaultSchemaManager] - apachemeta schema has already been loaded
[20:02:40] INFO [org.apache.directory.api.ldap.schema.manager.impl.DefaultSchemaManager] - core schema has already been loaded
[20:02:40] INFO [org.apache.directory.api.ldap.schema.manager.impl.DefaultSchemaManager] - core schema has already been loaded
[20:02:40] INFO [org.apache.directory.api.ldap.schema.manager.impl.DefaultSchemaManager] - system schema has already been loaded
[20:02:40] INFO [org.apache.directory.api.ldap.schema.manager.impl.DefaultSchemaManager] - Loading krb5kdc enabled schema: 
	Schema Name: krb5kdc
		Disabled: false
		Owner: uid=admin,ou=system
		Dependencies: [core, system]
		SchemaLoader : LdifSchemaLoader
[20:02:40] INFO [org.apache.directory.api.ldap.schema.manager.impl.DefaultSchemaManager] - apache schema has already been loaded
[20:02:40] INFO [org.apache.directory.api.ldap.schema.manager.impl.DefaultSchemaManager] - core schema has already been loaded
[20:02:40] INFO [org.apache.directory.api.ldap.schema.manager.impl.DefaultSchemaManager] - system schema has already been loaded
[20:02:40] INFO [org.apache.directory.api.ldap.schema.manager.impl.DefaultSchemaManager] - Loading java enabled schema: 
	Schema Name: java
		Disabled: false
		Owner: uid=admin,ou=system
		Dependencies: [core, system]
		SchemaLoader : LdifSchemaLoader
[20:02:40] INFO [org.apache.directory.api.ldap.schema.manager.impl.DefaultSchemaManager] - system schema has already been loaded
[20:02:40] INFO [org.apache.directory.api.ldap.schema.manager.impl.DefaultSchemaManager] - system schema has already been loaded
[20:02:40] INFO [org.apache.directory.api.ldap.schema.manager.impl.DefaultSchemaManager] - Loading pwdpolicy enabled schema: 
	Schema Name: pwdpolicy
		Disabled: false
		Owner: uid=admin,ou=system
		Dependencies: [system]
		SchemaLoader : LdifSchemaLoader
[20:02:40] INFO [org.apache.directory.api.ldap.schema.manager.impl.DefaultSchemaManager] - cosine schema has already been loaded
[20:02:40] INFO [org.apache.directory.api.ldap.schema.manager.impl.DefaultSchemaManager] - core schema has already been loaded
[20:02:40] INFO [org.apache.directory.api.ldap.schema.manager.impl.DefaultSchemaManager] - system schema has already been loaded
[20:02:40] INFO [org.apache.directory.api.ldap.schema.manager.impl.DefaultSchemaManager] - Loading collective enabled schema: 
	Schema Name: collective
		Disabled: false
		Owner: uid=admin,ou=system
		Dependencies: [core, system]
		SchemaLoader : LdifSchemaLoader
[20:02:40] INFO [org.apache.directory.api.ldap.schema.manager.impl.DefaultSchemaManager] - core schema has already been loaded
[20:02:40] INFO [org.apache.directory.api.ldap.schema.manager.impl.DefaultSchemaManager] - apache schema has already been loaded
[20:02:40] INFO [org.apache.directory.api.ldap.schema.manager.impl.DefaultSchemaManager] - system schema has already been loaded
[20:02:40] INFO [org.apache.directory.api.ldap.schema.manager.impl.DefaultSchemaManager] - Loading adsconfig enabled schema: 
	Schema Name: adsconfig
		Disabled: false
		Owner: uid=admin,ou=system
		Dependencies: [core, apache, system]
		SchemaLoader : LdifSchemaLoader
[20:02:40] INFO [org.apache.directory.api.ldap.model.ldif.LdifReader] - No version information : assuming version: 1
[20:02:40] INFO [org.apache.directory.api.ldap.model.ldif.LdifReader] - No version information : assuming version: 1
[20:02:40] INFO [org.apache.directory.api.ldap.model.ldif.LdifReader] - No version information : assuming version: 1
[20:02:40] INFO [org.apache.directory.api.ldap.model.ldif.LdifReader] - No version information : assuming version: 1
[20:02:40] INFO [org.apache.directory.api.ldap.model.ldif.LdifReader] - No version information : assuming version: 1
[20:02:40] INFO [org.apache.directory.api.ldap.model.ldif.LdifReader] - No version information : assuming version: 1
[20:02:40] INFO [org.apache.directory.api.ldap.model.ldif.LdifReader] - No version information : assuming version: 1
[20:02:40] INFO [org.apache.directory.api.ldap.model.ldif.LdifReader] - No version information : assuming version: 1
[20:02:40] INFO [org.apache.directory.api.ldap.model.ldif.LdifReader] - No version information : assuming version: 1
[20:02:40] INFO [org.apache.directory.api.ldap.model.ldif.LdifReader] - No version information : assuming version: 1
[20:02:40] INFO [org.apache.directory.api.ldap.model.ldif.LdifReader] - No version information : assuming version: 1
[20:02:40] INFO [org.apache.directory.server.core.api.CacheService] - fetching the cache named krish
[20:02:40] INFO [org.apache.directory.server.core.api.CacheService] - No cache with name krish exists, creating one
[20:02:40] INFO [org.apache.directory.server.core.DefaultDirectoryService] - ApacheDS shutdown hook has been registered with the runtime.
[20:02:40] INFO [org.apache.directory.server.core.api.CacheService] - fetching the cache named alias
[20:02:40] INFO [org.apache.directory.server.core.api.CacheService] - No cache with name alias exists, creating one
[20:02:40] INFO [org.apache.directory.server.core.api.CacheService] - fetching the cache named piar
[20:02:40] INFO [org.apache.directory.server.core.api.CacheService] - No cache with name piar exists, creating one
[20:02:40] INFO [org.apache.directory.server.core.api.CacheService] - fetching the cache named entryDn
[20:02:40] INFO [org.apache.directory.server.core.api.CacheService] - No cache with name entryDn exists, creating one
[20:02:40] INFO [org.apache.directory.api.ldap.model.ldif.LdifReader] - No version information : assuming version: 1
[20:02:40] INFO [org.apache.directory.api.ldap.model.ldif.LdifReader] - No version information : assuming version: 1
[20:02:40] INFO [org.apache.directory.api.ldap.model.ldif.LdifReader] - No version information : assuming version: 1
[20:02:40] INFO [org.apache.directory.api.ldap.model.ldif.LdifReader] - No version information : assuming version: 1
[20:02:40] INFO [org.apache.directory.api.ldap.model.ldif.LdifReader] - No version information : assuming version: 1
[20:02:40] INFO [org.apache.directory.api.ldap.model.ldif.LdifReader] - No version information : assuming version: 1
[20:02:40] INFO [org.apache.directory.api.ldap.model.ldif.LdifReader] - No version information : assuming version: 1
[20:02:40] INFO [org.apache.directory.api.ldap.model.ldif.LdifReader] - No version information : assuming version: 1
[20:02:40] INFO [org.apache.directory.api.ldap.model.ldif.LdifReader] - No version information : assuming version: 1
[20:02:40] INFO [org.apache.directory.api.ldap.model.ldif.LdifReader] - No version information : assuming version: 1
[20:02:40] INFO [org.apache.directory.api.ldap.model.ldif.LdifReader] - No version information : assuming version: 1
[20:02:40] INFO [org.apache.directory.api.ldap.model.ldif.LdifReader] - No version information : assuming version: 1
[20:02:40] INFO [org.apache.directory.api.ldap.model.entry.AbstractValue] - ERR_04447_CANNOT_NORMALIZE_VALUE Cannot normalize the wrapped value ERR_04226 I do not know how to handle NameAndOptionalUID normalization with objects of class: apacheDnsDomainName
[20:02:40] INFO [org.apache.directory.api.ldap.model.entry.AbstractValue] - ERR_04447_CANNOT_NORMALIZE_VALUE Cannot normalize the wrapped value ERR_04226 I do not know how to handle NameAndOptionalUID normalization with objects of class: apacheDnsDomainName
[20:02:40] INFO [org.apache.directory.api.ldap.model.entry.AbstractValue] - ERR_04447_CANNOT_NORMALIZE_VALUE Cannot normalize the wrapped value ERR_04226 I do not know how to handle NameAndOptionalUID normalization with objects of class: apacheDnsTtl
[20:02:40] INFO [org.apache.directory.api.ldap.model.entry.AbstractValue] - ERR_04447_CANNOT_NORMALIZE_VALUE Cannot normalize the wrapped value ERR_04226 I do not know how to handle NameAndOptionalUID normalization with objects of class: apacheDnsDomainName
[20:02:40] INFO [org.apache.directory.api.ldap.model.entry.AbstractValue] - ERR_04447_CANNOT_NORMALIZE_VALUE Cannot normalize the wrapped value ERR_04226 I do not know how to handle NameAndOptionalUID normalization with objects of class: apacheDnsAbstractRecord
[20:02:40] INFO [org.apache.directory.api.ldap.model.entry.AbstractValue] - ERR_04447_CANNOT_NORMALIZE_VALUE Cannot normalize the wrapped value ERR_04226 I do not know how to handle NameAndOptionalUID normalization with objects of class: apacheDnsDomainName
[20:02:40] INFO [org.apache.directory.api.ldap.model.entry.AbstractValue] - ERR_04447_CANNOT_NORMALIZE_VALUE Cannot normalize the wrapped value ERR_04226 I do not know how to handle NameAndOptionalUID normalization with objects of class: apacheDnsIpAddress
[20:02:40] INFO [org.apache.directory.api.ldap.model.entry.AbstractValue] - ERR_04447_CANNOT_NORMALIZE_VALUE Cannot normalize the wrapped value ERR_04226 I do not know how to handle NameAndOptionalUID normalization with objects of class: apacheDnsAbstractRecord
[20:02:40] INFO [org.apache.directory.api.ldap.model.entry.AbstractValue] - ERR_04447_CANNOT_NORMALIZE_VALUE Cannot normalize the wrapped value ERR_04226 I do not know how to handle NameAndOptionalUID normalization with objects of class: apacheDnsIpAddress
[20:02:40] INFO [org.apache.directory.api.ldap.model.entry.AbstractValue] - ERR_04447_CANNOT_NORMALIZE_VALUE Cannot normalize the wrapped value ERR_04226 I do not know how to handle NameAndOptionalUID normalization with objects of class: apacheDnsAbstractRecord
[20:02:40] INFO [org.apache.directory.api.ldap.model.entry.AbstractValue] - ERR_04447_CANNOT_NORMALIZE_VALUE Cannot normalize the wrapped value ERR_04226 I do not know how to handle NameAndOptionalUID normalization with objects of class: apacheDnsDomainName
[20:02:40] INFO [org.apache.directory.api.ldap.model.entry.AbstractValue] - ERR_04447_CANNOT_NORMALIZE_VALUE Cannot normalize the wrapped value ERR_04226 I do not know how to handle NameAndOptionalUID normalization with objects of class: apacheDnsAbstractRecord
[20:02:40] INFO [org.apache.directory.api.ldap.model.entry.AbstractValue] - ERR_04447_CANNOT_NORMALIZE_VALUE Cannot normalize the wrapped value ERR_04226 I do not know how to handle NameAndOptionalUID normalization with objects of class: apacheDnsDomainName
[20:02:40] INFO [org.apache.directory.api.ldap.model.entry.AbstractValue] - ERR_04447_CANNOT_NORMALIZE_VALUE Cannot normalize the wrapped value ERR_04226 I do not know how to handle NameAndOptionalUID normalization with objects of class: apacheDnsAbstractRecord
[20:02:40] INFO [org.apache.directory.api.ldap.model.entry.AbstractValue] - ERR_04447_CANNOT_NORMALIZE_VALUE Cannot normalize the wrapped value ERR_04226 I do not know how to handle NameAndOptionalUID normalization with objects of class: apacheDnsClass
[20:02:40] INFO [org.apache.directory.api.ldap.model.entry.AbstractValue] - ERR_04447_CANNOT_NORMALIZE_VALUE Cannot normalize the wrapped value ERR_04226 I do not know how to handle NameAndOptionalUID normalization with objects of class: apacheDnsSoaSerial
[20:02:40] INFO [org.apache.directory.api.ldap.model.entry.AbstractValue] - ERR_04447_CANNOT_NORMALIZE_VALUE Cannot normalize the wrapped value ERR_04226 I do not know how to handle NameAndOptionalUID normalization with objects of class: apacheDnsSoaRefresh
[20:02:40] INFO [org.apache.directory.api.ldap.model.entry.AbstractValue] - ERR_04447_CANNOT_NORMALIZE_VALUE Cannot normalize the wrapped value ERR_04226 I do not know how to handle NameAndOptionalUID normalization with objects of class: apacheDnsSoaRetry
[20:02:40] INFO [org.apache.directory.api.ldap.model.entry.AbstractValue] - ERR_04447_CANNOT_NORMALIZE_VALUE Cannot normalize the wrapped value ERR_04226 I do not know how to handle NameAndOptionalUID normalization with objects of class: apacheDnsSoaExpire
[20:02:40] INFO [org.apache.directory.api.ldap.model.entry.AbstractValue] - ERR_04447_CANNOT_NORMALIZE_VALUE Cannot normalize the wrapped value ERR_04226 I do not know how to handle NameAndOptionalUID normalization with objects of class: apacheDnsSoaMName
[20:02:40] INFO [org.apache.directory.api.ldap.model.entry.AbstractValue] - ERR_04447_CANNOT_NORMALIZE_VALUE Cannot normalize the wrapped value ERR_04226 I do not know how to handle NameAndOptionalUID normalization with objects of class: apacheDnsSoaRName
[20:02:40] INFO [org.apache.directory.api.ldap.model.entry.AbstractValue] - ERR_04447_CANNOT_NORMALIZE_VALUE Cannot normalize the wrapped value ERR_04226 I do not know how to handle NameAndOptionalUID normalization with objects of class: apacheDnsSoaMinimum
[20:02:40] INFO [org.apache.directory.api.ldap.model.entry.AbstractValue] - ERR_04447_CANNOT_NORMALIZE_VALUE Cannot normalize the wrapped value ERR_04226 I do not know how to handle NameAndOptionalUID normalization with objects of class: apacheDnsAbstractRecord
[20:02:40] INFO [org.apache.directory.api.ldap.model.entry.AbstractValue] - ERR_04447_CANNOT_NORMALIZE_VALUE Cannot normalize the wrapped value ERR_04226 I do not know how to handle NameAndOptionalUID normalization with objects of class: apacheDnsDomainName
[20:02:40] INFO [org.apache.directory.api.ldap.model.entry.AbstractValue] - ERR_04447_CANNOT_NORMALIZE_VALUE Cannot normalize the wrapped value ERR_04226 I do not know how to handle NameAndOptionalUID normalization with objects of class: apacheDnsAbstractRecord
[20:02:40] INFO [org.apache.directory.api.ldap.model.entry.AbstractValue] - ERR_04447_CANNOT_NORMALIZE_VALUE Cannot normalize the wrapped value ERR_04226 I do not know how to handle NameAndOptionalUID normalization with objects of class: apacheDnsMxPreference
[20:02:40] INFO [org.apache.directory.api.ldap.model.entry.AbstractValue] - ERR_04447_CANNOT_NORMALIZE_VALUE Cannot normalize the wrapped value ERR_04226 I do not know how to handle NameAndOptionalUID normalization with objects of class: apacheDnsDomainName
[20:02:40] INFO [org.apache.directory.api.ldap.model.entry.AbstractValue] - ERR_04447_CANNOT_NORMALIZE_VALUE Cannot normalize the wrapped value ERR_04226 I do not know how to handle NameAndOptionalUID normalization with objects of class: apacheDnsAbstractRecord
[20:02:40] INFO [org.apache.directory.api.ldap.model.entry.AbstractValue] - ERR_04447_CANNOT_NORMALIZE_VALUE Cannot normalize the wrapped value ERR_04226 I do not know how to handle NameAndOptionalUID normalization with objects of class: apacheDnsCharacterString
[20:02:40] INFO [org.apache.directory.api.ldap.model.entry.AbstractValue] - ERR_04447_CANNOT_NORMALIZE_VALUE Cannot normalize the wrapped value ERR_04226 I do not know how to handle NameAndOptionalUID normalization with objects of class: apacheDnsAbstractRecord
[20:02:40] INFO [org.apache.directory.api.ldap.model.entry.AbstractValue] - ERR_04447_CANNOT_NORMALIZE_VALUE Cannot normalize the wrapped value ERR_04226 I do not know how to handle NameAndOptionalUID normalization with objects of class: apacheDnsServicePriority
[20:02:40] INFO [org.apache.directory.api.ldap.model.entry.AbstractValue] - ERR_04447_CANNOT_NORMALIZE_VALUE Cannot normalize the wrapped value ERR_04226 I do not know how to handle NameAndOptionalUID normalization with objects of class: apacheDnsServiceWeight
[20:02:40] INFO [org.apache.directory.api.ldap.model.entry.AbstractValue] - ERR_04447_CANNOT_NORMALIZE_VALUE Cannot normalize the wrapped value ERR_04226 I do not know how to handle NameAndOptionalUID normalization with objects of class: apacheDnsServicePort
[20:02:40] INFO [org.apache.directory.api.ldap.model.entry.AbstractValue] - ERR_04447_CANNOT_NORMALIZE_VALUE Cannot normalize the wrapped value ERR_04226 I do not know how to handle NameAndOptionalUID normalization with objects of class: apacheDnsDomainName
[20:02:40] INFO [org.apache.directory.api.ldap.model.entry.AbstractValue] - ERR_04447_CANNOT_NORMALIZE_VALUE Cannot normalize the wrapped value ERR_04226 I do not know how to handle NameAndOptionalUID normalization with objects of class: apacheDnsAbstractRecord
[20:02:40] INFO [org.apache.directory.api.ldap.model.entry.AbstractValue] - ERR_04447_CANNOT_NORMALIZE_VALUE Cannot normalize the wrapped value ERR_04226 I do not know how to handle NameAndOptionalUID normalization with objects of class: automountInformation
[20:02:40] INFO [org.apache.directory.api.ldap.model.entry.AbstractValue] - ERR_04447_CANNOT_NORMALIZE_VALUE Cannot normalize the wrapped value ERR_04226 I do not know how to handle NameAndOptionalUID normalization with objects of class: corbaIor
[20:02:40] INFO [org.apache.directory.api.ldap.model.entry.AbstractValue] - ERR_04447_CANNOT_NORMALIZE_VALUE Cannot normalize the wrapped value ERR_04226 I do not know how to handle NameAndOptionalUID normalization with objects of class: corbaObject
[20:02:40] INFO [org.apache.directory.api.ldap.model.entry.AbstractValue] - ERR_04447_CANNOT_NORMALIZE_VALUE Cannot normalize the wrapped value ERR_04226 I do not know how to handle NameAndOptionalUID normalization with objects of class: corbaRepositoryId
[20:02:41] INFO [org.apache.directory.api.ldap.model.entry.AbstractValue] - ERR_04447_CANNOT_NORMALIZE_VALUE Cannot normalize the wrapped value ERR_04226 I do not know how to handle NameAndOptionalUID normalization with objects of class: dhcpSecondaryDN
[20:02:41] INFO [org.apache.directory.api.ldap.model.entry.AbstractValue] - ERR_04447_CANNOT_NORMALIZE_VALUE Cannot normalize the wrapped value ERR_04226 I do not know how to handle NameAndOptionalUID normalization with objects of class: dhcpSharedNetworkDN
[20:02:41] INFO [org.apache.directory.api.ldap.model.entry.AbstractValue] - ERR_04447_CANNOT_NORMALIZE_VALUE Cannot normalize the wrapped value ERR_04226 I do not know how to handle NameAndOptionalUID normalization with objects of class: dhcpSubnetDN
[20:02:41] INFO [org.apache.directory.api.ldap.model.entry.AbstractValue] - ERR_04447_CANNOT_NORMALIZE_VALUE Cannot normalize the wrapped value ERR_04226 I do not know how to handle NameAndOptionalUID normalization with objects of class: dhcpGroupDN
[20:02:41] INFO [org.apache.directory.api.ldap.model.entry.AbstractValue] - ERR_04447_CANNOT_NORMALIZE_VALUE Cannot normalize the wrapped value ERR_04226 I do not know how to handle NameAndOptionalUID normalization with objects of class: dhcpHostDN
[20:02:41] INFO [org.apache.directory.api.ldap.model.entry.AbstractValue] - ERR_04447_CANNOT_NORMALIZE_VALUE Cannot normalize the wrapped value ERR_04226 I do not know how to handle NameAndOptionalUID normalization with objects of class: dhcpClassesDN
[20:02:41] INFO [org.apache.directory.api.ldap.model.entry.AbstractValue] - ERR_04447_CANNOT_NORMALIZE_VALUE Cannot normalize the wrapped value ERR_04226 I do not know how to handle NameAndOptionalUID normalization with objects of class: dhcpOptionsDN
[20:02:41] INFO [org.apache.directory.api.ldap.model.entry.AbstractValue] - ERR_04447_CANNOT_NORMALIZE_VALUE Cannot normalize the wrapped value ERR_04226 I do not know how to handle NameAndOptionalUID normalization with objects of class: dhcpStatements
[20:02:41] INFO [org.apache.directory.api.ldap.model.entry.AbstractValue] - ERR_04447_CANNOT_NORMALIZE_VALUE Cannot normalize the wrapped value ERR_04226 I do not know how to handle NameAndOptionalUID normalization with objects of class: dhcpPrimaryDN
[20:02:41] INFO [org.apache.directory.api.ldap.model.entry.AbstractValue] - ERR_04447_CANNOT_NORMALIZE_VALUE Cannot normalize the wrapped value ERR_04226 I do not know how to handle NameAndOptionalUID normalization with objects of class: dhcpExpirationTime
[20:02:41] INFO [org.apache.directory.api.ldap.model.entry.AbstractValue] - ERR_04447_CANNOT_NORMALIZE_VALUE Cannot normalize the wrapped value ERR_04226 I do not know how to handle NameAndOptionalUID normalization with objects of class: dhcpStartTimeOfState
[20:02:41] INFO [org.apache.directory.api.ldap.model.entry.AbstractValue] - ERR_04447_CANNOT_NORMALIZE_VALUE Cannot normalize the wrapped value ERR_04226 I do not know how to handle NameAndOptionalUID normalization with objects of class: dhcpLastTransactionTime
[20:02:41] INFO [org.apache.directory.api.ldap.model.entry.AbstractValue] - ERR_04447_CANNOT_NORMALIZE_VALUE Cannot normalize the wrapped value ERR_04226 I do not know how to handle NameAndOptionalUID normalization with objects of class: dhcpBootpFlag
[20:02:41] INFO [org.apache.directory.api.ldap.model.entry.AbstractValue] - ERR_04447_CANNOT_NORMALIZE_VALUE Cannot normalize the wrapped value ERR_04226 I do not know how to handle NameAndOptionalUID normalization with objects of class: dhcpDomainName
[20:02:41] INFO [org.apache.directory.api.ldap.model.entry.AbstractValue] - ERR_04447_CANNOT_NORMALIZE_VALUE Cannot normalize the wrapped value ERR_04226 I do not know how to handle NameAndOptionalUID normalization with objects of class: dhcpDnsStatus
[20:02:41] INFO [org.apache.directory.api.ldap.model.entry.AbstractValue] - ERR_04447_CANNOT_NORMALIZE_VALUE Cannot normalize the wrapped value ERR_04226 I do not know how to handle NameAndOptionalUID normalization with objects of class: dhcpRequestedHostName
[20:02:41] INFO [org.apache.directory.api.ldap.model.entry.AbstractValue] - ERR_04447_CANNOT_NORMALIZE_VALUE Cannot normalize the wrapped value ERR_04226 I do not know how to handle NameAndOptionalUID normalization with objects of class: dhcpAssignedHostName
[20:02:41] INFO [org.apache.directory.api.ldap.model.entry.AbstractValue] - ERR_04447_CANNOT_NORMALIZE_VALUE Cannot normalize the wrapped value ERR_04226 I do not know how to handle NameAndOptionalUID normalization with objects of class: dhcpReservedForClient
[20:02:41] INFO [org.apache.directory.api.ldap.model.entry.AbstractValue] - ERR_04447_CANNOT_NORMALIZE_VALUE Cannot normalize the wrapped value ERR_04226 I do not know how to handle NameAndOptionalUID normalization with objects of class: dhcpAssignedToClient
[20:02:41] INFO [org.apache.directory.api.ldap.model.entry.AbstractValue] - ERR_04447_CANNOT_NORMALIZE_VALUE Cannot normalize the wrapped value ERR_04226 I do not know how to handle NameAndOptionalUID normalization with objects of class: dhcpRelayAgentInfo
[20:02:41] INFO [org.apache.directory.api.ldap.model.entry.AbstractValue] - ERR_04447_CANNOT_NORMALIZE_VALUE Cannot normalize the wrapped value ERR_04226 I do not know how to handle NameAndOptionalUID normalization with objects of class: dhcpHWAddress
[20:02:41] INFO [org.apache.directory.api.ldap.model.entry.AbstractValue] - ERR_04447_CANNOT_NORMALIZE_VALUE Cannot normalize the wrapped value ERR_04226 I do not know how to handle NameAndOptionalUID normalization with objects of class: dhcpAddressState
[20:02:41] INFO [org.apache.directory.api.ldap.model.entry.AbstractValue] - ERR_04447_CANNOT_NORMALIZE_VALUE Cannot normalize the wrapped value ERR_04226 I do not know how to handle NameAndOptionalUID normalization with objects of class: dhcpAddressState
[20:02:41] INFO [org.apache.directory.api.ldap.model.entry.AbstractValue] - ERR_04447_CANNOT_NORMALIZE_VALUE Cannot normalize the wrapped value ERR_04226 I do not know how to handle NameAndOptionalUID normalization with objects of class: dhcpExpirationTime
[20:02:41] INFO [org.apache.directory.api.ldap.model.entry.AbstractValue] - ERR_04447_CANNOT_NORMALIZE_VALUE Cannot normalize the wrapped value ERR_04226 I do not know how to handle NameAndOptionalUID normalization with objects of class: dhcpStartTimeOfState
[20:02:41] INFO [org.apache.directory.api.ldap.model.entry.AbstractValue] - ERR_04447_CANNOT_NORMALIZE_VALUE Cannot normalize the wrapped value ERR_04226 I do not know how to handle NameAndOptionalUID normalization with objects of class: dhcpLastTransactionTime
[20:02:41] INFO [org.apache.directory.api.ldap.model.entry.AbstractValue] - ERR_04447_CANNOT_NORMALIZE_VALUE Cannot normalize the wrapped value ERR_04226 I do not know how to handle NameAndOptionalUID normalization with objects of class: dhcpBootpFlag
[20:02:41] INFO [org.apache.directory.api.ldap.model.entry.AbstractValue] - ERR_04447_CANNOT_NORMALIZE_VALUE Cannot normalize the wrapped value ERR_04226 I do not know how to handle NameAndOptionalUID normalization with objects of class: dhcpDomainName
[20:02:41] INFO [org.apache.directory.api.ldap.model.entry.AbstractValue] - ERR_04447_CANNOT_NORMALIZE_VALUE Cannot normalize the wrapped value ERR_04226 I do not know how to handle NameAndOptionalUID normalization with objects of class: dhcpDnsStatus
[20:02:41] INFO [org.apache.directory.api.ldap.model.entry.AbstractValue] - ERR_04447_CANNOT_NORMALIZE_VALUE Cannot normalize the wrapped value ERR_04226 I do not know how to handle NameAndOptionalUID normalization with objects of class: dhcpRequestedHostName
[20:02:41] INFO [org.apache.directory.api.ldap.model.entry.AbstractValue] - ERR_04447_CANNOT_NORMALIZE_VALUE Cannot normalize the wrapped value ERR_04226 I do not know how to handle NameAndOptionalUID normalization with objects of class: dhcpAssignedHostName
[20:02:41] INFO [org.apache.directory.api.ldap.model.entry.AbstractValue] - ERR_04447_CANNOT_NORMALIZE_VALUE Cannot normalize the wrapped value ERR_04226 I do not know how to handle NameAndOptionalUID normalization with objects of class: dhcpReservedForClient
[20:02:41] INFO [org.apache.directory.api.ldap.model.entry.AbstractValue] - ERR_04447_CANNOT_NORMALIZE_VALUE Cannot normalize the wrapped value ERR_04226 I do not know how to handle NameAndOptionalUID normalization with objects of class: dhcpAssignedToClient
[20:02:41] INFO [org.apache.directory.api.ldap.model.entry.AbstractValue] - ERR_04447_CANNOT_NORMALIZE_VALUE Cannot normalize the wrapped value ERR_04226 I do not know how to handle NameAndOptionalUID normalization with objects of class: dhcpRelayAgentInfo
[20:02:41] INFO [org.apache.directory.api.ldap.model.entry.AbstractValue] - ERR_04447_CANNOT_NORMALIZE_VALUE Cannot normalize the wrapped value ERR_04226 I do not know how to handle NameAndOptionalUID normalization with objects of class: dhcpHWAddress
[20:02:41] INFO [org.apache.directory.api.ldap.model.entry.AbstractValue] - ERR_04447_CANNOT_NORMALIZE_VALUE Cannot normalize the wrapped value ERR_04226 I do not know how to handle NameAndOptionalUID normalization with objects of class: dhcpErrorLog
[20:02:41] INFO [org.apache.directory.api.ldap.model.entry.AbstractValue] - ERR_04447_CANNOT_NORMALIZE_VALUE Cannot normalize the wrapped value ERR_04226 I do not know how to handle NameAndOptionalUID normalization with objects of class: dhcpVersion
[20:02:41] INFO [org.apache.directory.api.ldap.model.entry.AbstractValue] - ERR_04447_CANNOT_NORMALIZE_VALUE Cannot normalize the wrapped value ERR_04226 I do not know how to handle NameAndOptionalUID normalization with objects of class: dhcpImplementation
[20:02:41] INFO [org.apache.directory.api.ldap.model.entry.AbstractValue] - ERR_04447_CANNOT_NORMALIZE_VALUE Cannot normalize the wrapped value ERR_04226 I do not know how to handle NameAndOptionalUID normalization with objects of class: dhcpHashBucketAssignment
[20:02:41] INFO [org.apache.directory.api.ldap.model.entry.AbstractValue] - ERR_04447_CANNOT_NORMALIZE_VALUE Cannot normalize the wrapped value ERR_04226 I do not know how to handle NameAndOptionalUID normalization with objects of class: dhcpDelayedServiceParameter
[20:02:41] INFO [org.apache.directory.api.ldap.model.entry.AbstractValue] - ERR_04447_CANNOT_NORMALIZE_VALUE Cannot normalize the wrapped value ERR_04226 I do not know how to handle NameAndOptionalUID normalization with objects of class: dhcpMaxClientLeadTime
[20:02:41] INFO [org.apache.directory.api.ldap.model.entry.AbstractValue] - ERR_04447_CANNOT_NORMALIZE_VALUE Cannot normalize the wrapped value ERR_04226 I do not know how to handle NameAndOptionalUID normalization with objects of class: dhcpFailOverEndpointState
[20:02:41] INFO [org.apache.directory.api.ldap.model.entry.AbstractValue] - ERR_04447_CANNOT_NORMALIZE_VALUE Cannot normalize the wrapped value ERR_04226 I do not know how to handle NameAndOptionalUID normalization with objects of class: dhcpStatements
[20:02:41] INFO [org.apache.directory.api.ldap.model.entry.AbstractValue] - ERR_04447_CANNOT_NORMALIZE_VALUE Cannot normalize the wrapped value ERR_04226 I do not know how to handle NameAndOptionalUID normalization with objects of class: dhcpServiceDN
[20:02:41] INFO [org.apache.directory.api.ldap.model.entry.AbstractValue] - ERR_04447_CANNOT_NORMALIZE_VALUE Cannot normalize the wrapped value ERR_04226 I do not know how to handle NameAndOptionalUID normalization with objects of class: dhcpSubnetDN
[20:02:41] INFO [org.apache.directory.api.ldap.model.entry.AbstractValue] - ERR_04447_CANNOT_NORMALIZE_VALUE Cannot normalize the wrapped value ERR_04226 I do not know how to handle NameAndOptionalUID normalization with objects of class: dhcpPoolDN
[20:02:41] INFO [org.apache.directory.api.ldap.model.entry.AbstractValue] - ERR_04447_CANNOT_NORMALIZE_VALUE Cannot normalize the wrapped value ERR_04226 I do not know how to handle NameAndOptionalUID normalization with objects of class: dhcpOptionsDN
[20:02:41] INFO [org.apache.directory.api.ldap.model.entry.AbstractValue] - ERR_04447_CANNOT_NORMALIZE_VALUE Cannot normalize the wrapped value ERR_04226 I do not know how to handle NameAndOptionalUID normalization with objects of class: dhcpStatements
[20:02:41] INFO [org.apache.directory.api.ldap.model.entry.AbstractValue] - ERR_04447_CANNOT_NORMALIZE_VALUE Cannot normalize the wrapped value ERR_04226 I do not know how to handle NameAndOptionalUID normalization with objects of class: dhcpRange
[20:02:41] INFO [org.apache.directory.api.ldap.model.entry.AbstractValue] - ERR_04447_CANNOT_NORMALIZE_VALUE Cannot normalize the wrapped value ERR_04226 I do not know how to handle NameAndOptionalUID normalization with objects of class: dhcpPoolDN
[20:02:41] INFO [org.apache.directory.api.ldap.model.entry.AbstractValue] - ERR_04447_CANNOT_NORMALIZE_VALUE Cannot normalize the wrapped value ERR_04226 I do not know how to handle NameAndOptionalUID normalization with objects of class: dhcpGroupDN
[20:02:41] INFO [org.apache.directory.api.ldap.model.entry.AbstractValue] - ERR_04447_CANNOT_NORMALIZE_VALUE Cannot normalize the wrapped value ERR_04226 I do not know how to handle NameAndOptionalUID normalization with objects of class: dhcpHostDN
[20:02:41] INFO [org.apache.directory.api.ldap.model.entry.AbstractValue] - ERR_04447_CANNOT_NORMALIZE_VALUE Cannot normalize the wrapped value ERR_04226 I do not know how to handle NameAndOptionalUID normalization with objects of class: dhcpClassesDN
[20:02:41] INFO [org.apache.directory.api.ldap.model.entry.AbstractValue] - ERR_04447_CANNOT_NORMALIZE_VALUE Cannot normalize the wrapped value ERR_04226 I do not know how to handle NameAndOptionalUID normalization with objects of class: dhcpLeasesDN
[20:02:41] INFO [org.apache.directory.api.ldap.model.entry.AbstractValue] - ERR_04447_CANNOT_NORMALIZE_VALUE Cannot normalize the wrapped value ERR_04226 I do not know how to handle NameAndOptionalUID normalization with objects of class: dhcpOptionsDN
[20:02:41] INFO [org.apache.directory.api.ldap.model.entry.AbstractValue] - ERR_04447_CANNOT_NORMALIZE_VALUE Cannot normalize the wrapped value ERR_04226 I do not know how to handle NameAndOptionalUID normalization with objects of class: dhcpStatements
[20:02:41] INFO [org.apache.directory.api.ldap.model.entry.AbstractValue] - ERR_04447_CANNOT_NORMALIZE_VALUE Cannot normalize the wrapped value ERR_04226 I do not know how to handle NameAndOptionalUID normalization with objects of class: dhcpNetMask
[20:02:41] INFO [org.apache.directory.api.ldap.model.entry.AbstractValue] - ERR_04447_CANNOT_NORMALIZE_VALUE Cannot normalize the wrapped value ERR_04226 I do not know how to handle NameAndOptionalUID normalization with objects of class: dhcpClassesDN
[20:02:41] INFO [org.apache.directory.api.ldap.model.entry.AbstractValue] - ERR_04447_CANNOT_NORMALIZE_VALUE Cannot normalize the wrapped value ERR_04226 I do not know how to handle NameAndOptionalUID normalization with objects of class: dhcpPermitList
[20:02:41] INFO [org.apache.directory.api.ldap.model.entry.AbstractValue] - ERR_04447_CANNOT_NORMALIZE_VALUE Cannot normalize the wrapped value ERR_04226 I do not know how to handle NameAndOptionalUID normalization with objects of class: dhcpLeasesDN
[20:02:41] INFO [org.apache.directory.api.ldap.model.entry.AbstractValue] - ERR_04447_CANNOT_NORMALIZE_VALUE Cannot normalize the wrapped value ERR_04226 I do not know how to handle NameAndOptionalUID normalization with objects of class: dhcpOptionsDN
[20:02:41] INFO [org.apache.directory.api.ldap.model.entry.AbstractValue] - ERR_04447_CANNOT_NORMALIZE_VALUE Cannot normalize the wrapped value ERR_04226 I do not know how to handle NameAndOptionalUID normalization with objects of class: dhcpStatements
[20:02:41] INFO [org.apache.directory.api.ldap.model.entry.AbstractValue] - ERR_04447_CANNOT_NORMALIZE_VALUE Cannot normalize the wrapped value ERR_04226 I do not know how to handle NameAndOptionalUID normalization with objects of class: dhcpRange
[20:02:41] INFO [org.apache.directory.api.ldap.model.entry.AbstractValue] - ERR_04447_CANNOT_NORMALIZE_VALUE Cannot normalize the wrapped value ERR_04226 I do not know how to handle NameAndOptionalUID normalization with objects of class: dhcpHostDN
[20:02:41] INFO [org.apache.directory.api.ldap.model.entry.AbstractValue] - ERR_04447_CANNOT_NORMALIZE_VALUE Cannot normalize the wrapped value ERR_04226 I do not know how to handle NameAndOptionalUID normalization with objects of class: dhcpOptionsDN
[20:02:41] INFO [org.apache.directory.api.ldap.model.entry.AbstractValue] - ERR_04447_CANNOT_NORMALIZE_VALUE Cannot normalize the wrapped value ERR_04226 I do not know how to handle NameAndOptionalUID normalization with objects of class: dhcpStatements
[20:02:41] INFO [org.apache.directory.api.ldap.model.entry.AbstractValue] - ERR_04447_CANNOT_NORMALIZE_VALUE Cannot normalize the wrapped value ERR_04226 I do not know how to handle NameAndOptionalUID normalization with objects of class: dhcpLeaseDN
[20:02:41] INFO [org.apache.directory.api.ldap.model.entry.AbstractValue] - ERR_04447_CANNOT_NORMALIZE_VALUE Cannot normalize the wrapped value ERR_04226 I do not know how to handle NameAndOptionalUID normalization with objects of class: dhcpHWAddress
[20:02:41] INFO [org.apache.directory.api.ldap.model.entry.AbstractValue] - ERR_04447_CANNOT_NORMALIZE_VALUE Cannot normalize the wrapped value ERR_04226 I do not know how to handle NameAndOptionalUID normalization with objects of class: dhcpOptionsDN
[20:02:41] INFO [org.apache.directory.api.ldap.model.entry.AbstractValue] - ERR_04447_CANNOT_NORMALIZE_VALUE Cannot normalize the wrapped value ERR_04226 I do not know how to handle NameAndOptionalUID normalization with objects of class: dhcpStatements
[20:02:41] INFO [org.apache.directory.api.ldap.model.entry.AbstractValue] - ERR_04447_CANNOT_NORMALIZE_VALUE Cannot normalize the wrapped value ERR_04226 I do not know how to handle NameAndOptionalUID normalization with objects of class: dhcpSubclassesDN
[20:02:41] INFO [org.apache.directory.api.ldap.model.entry.AbstractValue] - ERR_04447_CANNOT_NORMALIZE_VALUE Cannot normalize the wrapped value ERR_04226 I do not know how to handle NameAndOptionalUID normalization with objects of class: dhcpOptionsDN
[20:02:41] INFO [org.apache.directory.api.ldap.model.entry.AbstractValue] - ERR_04447_CANNOT_NORMALIZE_VALUE Cannot normalize the wrapped value ERR_04226 I do not know how to handle NameAndOptionalUID normalization with objects of class: dhcpStatements
[20:02:41] INFO [org.apache.directory.api.ldap.model.entry.AbstractValue] - ERR_04447_CANNOT_NORMALIZE_VALUE Cannot normalize the wrapped value ERR_04226 I do not know how to handle NameAndOptionalUID normalization with objects of class: dhcpClassData
[20:02:41] INFO [org.apache.directory.api.ldap.model.entry.AbstractValue] - ERR_04447_CANNOT_NORMALIZE_VALUE Cannot normalize the wrapped value ERR_04226 I do not know how to handle NameAndOptionalUID normalization with objects of class: dhcpOptionsDN
[20:02:41] INFO [org.apache.directory.api.ldap.model.entry.AbstractValue] - ERR_04447_CANNOT_NORMALIZE_VALUE Cannot normalize the wrapped value ERR_04226 I do not know how to handle NameAndOptionalUID normalization with objects of class: dhcpStatements
[20:02:41] INFO [org.apache.directory.api.ldap.model.entry.AbstractValue] - ERR_04447_CANNOT_NORMALIZE_VALUE Cannot normalize the wrapped value ERR_04226 I do not know how to handle NameAndOptionalUID normalization with objects of class: dhcpOption
[20:02:41] INFO [org.apache.directory.api.ldap.model.entry.AbstractValue] - ERR_04447_CANNOT_NORMALIZE_VALUE Cannot normalize the wrapped value ERR_04226 I do not know how to handle NameAndOptionalUID normalization with objects of class: xmozillanickname
[20:02:41] INFO [org.apache.directory.api.ldap.model.entry.AbstractValue] - ERR_04447_CANNOT_NORMALIZE_VALUE Cannot normalize the wrapped value ERR_04226 I do not know how to handle NameAndOptionalUID normalization with objects of class: xmozillausehtmlmail
[20:02:41] INFO [org.apache.directory.api.ldap.model.entry.AbstractValue] - ERR_04447_CANNOT_NORMALIZE_VALUE Cannot normalize the wrapped value ERR_04226 I do not know how to handle NameAndOptionalUID normalization with objects of class: mozillaSecondEmail
[20:02:41] INFO [org.apache.directory.api.ldap.model.entry.AbstractValue] - ERR_04447_CANNOT_NORMALIZE_VALUE Cannot normalize the wrapped value ERR_04226 I do not know how to handle NameAndOptionalUID normalization with objects of class: mozillaPostalAddress2
[20:02:41] INFO [org.apache.directory.api.ldap.model.entry.AbstractValue] - ERR_04447_CANNOT_NORMALIZE_VALUE Cannot normalize the wrapped value ERR_04226 I do not know how to handle NameAndOptionalUID normalization with objects of class: mozillaHomePostalAddress2
[20:02:41] INFO [org.apache.directory.api.ldap.model.entry.AbstractValue] - ERR_04447_CANNOT_NORMALIZE_VALUE Cannot normalize the wrapped value ERR_04226 I do not know how to handle NameAndOptionalUID normalization with objects of class: mozillaHomeLocalityName
[20:02:41] INFO [org.apache.directory.api.ldap.model.entry.AbstractValue] - ERR_04447_CANNOT_NORMALIZE_VALUE Cannot normalize the wrapped value ERR_04226 I do not know how to handle NameAndOptionalUID normalization with objects of class: mozillaHomeState
[20:02:41] INFO [org.apache.directory.api.ldap.model.entry.AbstractValue] - ERR_04447_CANNOT_NORMALIZE_VALUE Cannot normalize the wrapped value ERR_04226 I do not know how to handle NameAndOptionalUID normalization with objects of class: mozillaHomePostalCode
[20:02:41] INFO [org.apache.directory.api.ldap.model.entry.AbstractValue] - ERR_04447_CANNOT_NORMALIZE_VALUE Cannot normalize the wrapped value ERR_04226 I do not know how to handle NameAndOptionalUID normalization with objects of class: mozillaHomeCountryName
[20:02:41] INFO [org.apache.directory.api.ldap.model.entry.AbstractValue] - ERR_04447_CANNOT_NORMALIZE_VALUE Cannot normalize the wrapped value ERR_04226 I do not know how to handle NameAndOptionalUID normalization with objects of class: mozillaHomeFriendlyCountryName
[20:02:41] INFO [org.apache.directory.api.ldap.model.entry.AbstractValue] - ERR_04447_CANNOT_NORMALIZE_VALUE Cannot normalize the wrapped value ERR_04226 I do not know how to handle NameAndOptionalUID normalization with objects of class: homeurl
[20:02:41] INFO [org.apache.directory.api.ldap.model.entry.AbstractValue] - ERR_04447_CANNOT_NORMALIZE_VALUE Cannot normalize the wrapped value ERR_04226 I do not know how to handle NameAndOptionalUID normalization with objects of class: workurl
[20:02:41] INFO [org.apache.directory.api.ldap.model.entry.AbstractValue] - ERR_04447_CANNOT_NORMALIZE_VALUE Cannot normalize the wrapped value ERR_04226 I do not know how to handle NameAndOptionalUID normalization with objects of class: custom1
[20:02:41] INFO [org.apache.directory.api.ldap.model.entry.AbstractValue] - ERR_04447_CANNOT_NORMALIZE_VALUE Cannot normalize the wrapped value ERR_04226 I do not know how to handle NameAndOptionalUID normalization with objects of class: custom2
[20:02:41] INFO [org.apache.directory.api.ldap.model.entry.AbstractValue] - ERR_04447_CANNOT_NORMALIZE_VALUE Cannot normalize the wrapped value ERR_04226 I do not know how to handle NameAndOptionalUID normalization with objects of class: custom3
[20:02:41] INFO [org.apache.directory.api.ldap.model.entry.AbstractValue] - ERR_04447_CANNOT_NORMALIZE_VALUE Cannot normalize the wrapped value ERR_04226 I do not know how to handle NameAndOptionalUID normalization with objects of class: custom4
[20:02:41] INFO [org.apache.directory.api.ldap.model.entry.AbstractValue] - ERR_04447_CANNOT_NORMALIZE_VALUE Cannot normalize the wrapped value ERR_04226 I do not know how to handle NameAndOptionalUID normalization with objects of class: nsAIMid
[20:02:41] INFO [org.apache.directory.api.ldap.model.entry.AbstractValue] - ERR_04447_CANNOT_NORMALIZE_VALUE Cannot normalize the wrapped value ERR_04226 I do not know how to handle NameAndOptionalUID normalization with objects of class: caseExactIA5SubstringsMatch
[20:02:41] INFO [org.apache.directory.api.ldap.model.entry.AbstractValue] - ERR_04447_CANNOT_NORMALIZE_VALUE Cannot normalize the wrapped value ERR_04226 I do not know how to handle NameAndOptionalUID normalization with objects of class: caseExactIA5SubstringsMatch
[20:02:41] INFO [org.apache.directory.api.ldap.model.entry.AbstractValue] - ERR_04447_CANNOT_NORMALIZE_VALUE Cannot normalize the wrapped value ERR_04226 I do not know how to handle NameAndOptionalUID normalization with objects of class: caseExactIA5SubstringsMatch
[20:02:41] INFO [org.apache.directory.api.ldap.model.entry.AbstractValue] - ERR_04447_CANNOT_NORMALIZE_VALUE Cannot normalize the wrapped value ERR_04226 I do not know how to handle NameAndOptionalUID normalization with objects of class: loginShell
[20:02:41] INFO [org.apache.directory.api.ldap.model.entry.AbstractValue] - ERR_04447_CANNOT_NORMALIZE_VALUE Cannot normalize the wrapped value ERR_04226 I do not know how to handle NameAndOptionalUID normalization with objects of class: gecos
[20:02:41] INFO [org.apache.directory.api.ldap.model.entry.AbstractValue] - ERR_04447_CANNOT_NORMALIZE_VALUE Cannot normalize the wrapped value ERR_04226 I do not know how to handle NameAndOptionalUID normalization with objects of class: uidNumber
[20:02:41] INFO [org.apache.directory.api.ldap.model.entry.AbstractValue] - ERR_04447_CANNOT_NORMALIZE_VALUE Cannot normalize the wrapped value ERR_04226 I do not know how to handle NameAndOptionalUID normalization with objects of class: gidNumber
[20:02:41] INFO [org.apache.directory.api.ldap.model.entry.AbstractValue] - ERR_04447_CANNOT_NORMALIZE_VALUE Cannot normalize the wrapped value ERR_04226 I do not know how to handle NameAndOptionalUID normalization with objects of class: homeDirectory
[20:02:41] INFO [org.apache.directory.api.ldap.model.entry.AbstractValue] - ERR_04447_CANNOT_NORMALIZE_VALUE Cannot normalize the wrapped value ERR_04226 I do not know how to handle NameAndOptionalUID normalization with objects of class: shadowLastChange
[20:02:41] INFO [org.apache.directory.api.ldap.model.entry.AbstractValue] - ERR_04447_CANNOT_NORMALIZE_VALUE Cannot normalize the wrapped value ERR_04226 I do not know how to handle NameAndOptionalUID normalization with objects of class: shadowMin
[20:02:41] INFO [org.apache.directory.api.ldap.model.entry.AbstractValue] - ERR_04447_CANNOT_NORMALIZE_VALUE Cannot normalize the wrapped value ERR_04226 I do not know how to handle NameAndOptionalUID normalization with objects of class: shadowMax
[20:02:41] INFO [org.apache.directory.api.ldap.model.entry.AbstractValue] - ERR_04447_CANNOT_NORMALIZE_VALUE Cannot normalize the wrapped value ERR_04226 I do not know how to handle NameAndOptionalUID normalization with objects of class: shadowWarning
[20:02:41] INFO [org.apache.directory.api.ldap.model.entry.AbstractValue] - ERR_04447_CANNOT_NORMALIZE_VALUE Cannot normalize the wrapped value ERR_04226 I do not know how to handle NameAndOptionalUID normalization with objects of class: shadowInactive
[20:02:41] INFO [org.apache.directory.api.ldap.model.entry.AbstractValue] - ERR_04447_CANNOT_NORMALIZE_VALUE Cannot normalize the wrapped value ERR_04226 I do not know how to handle NameAndOptionalUID normalization with objects of class: shadowExpire
[20:02:41] INFO [org.apache.directory.api.ldap.model.entry.AbstractValue] - ERR_04447_CANNOT_NORMALIZE_VALUE Cannot normalize the wrapped value ERR_04226 I do not know how to handle NameAndOptionalUID normalization with objects of class: shadowFlag
[20:02:41] INFO [org.apache.directory.api.ldap.model.entry.AbstractValue] - ERR_04447_CANNOT_NORMALIZE_VALUE Cannot normalize the wrapped value ERR_04226 I do not know how to handle NameAndOptionalUID normalization with objects of class: nisMapEntry
[20:02:41] INFO [org.apache.directory.api.ldap.model.entry.AbstractValue] - ERR_04447_CANNOT_NORMALIZE_VALUE Cannot normalize the wrapped value ERR_04226 I do not know how to handle NameAndOptionalUID normalization with objects of class: nisMapName
[20:02:41] INFO [org.apache.directory.api.ldap.model.entry.AbstractValue] - ERR_04447_CANNOT_NORMALIZE_VALUE Cannot normalize the wrapped value ERR_04226 I do not know how to handle NameAndOptionalUID normalization with objects of class: macAddress
[20:02:41] INFO [org.apache.directory.api.ldap.model.entry.AbstractValue] - ERR_04447_CANNOT_NORMALIZE_VALUE Cannot normalize the wrapped value ERR_04226 I do not know how to handle NameAndOptionalUID normalization with objects of class: bootFile
[20:02:41] INFO [org.apache.directory.api.ldap.model.entry.AbstractValue] - ERR_04447_CANNOT_NORMALIZE_VALUE Cannot normalize the wrapped value ERR_04226 I do not know how to handle NameAndOptionalUID normalization with objects of class: bootParameter
[20:02:41] INFO [org.apache.directory.api.ldap.model.entry.AbstractValue] - ERR_04447_CANNOT_NORMALIZE_VALUE Cannot normalize the wrapped value ERR_04226 I do not know how to handle NameAndOptionalUID normalization with objects of class: memberUid
[20:02:41] INFO [org.apache.directory.api.ldap.model.entry.AbstractValue] - ERR_04447_CANNOT_NORMALIZE_VALUE Cannot normalize the wrapped value ERR_04226 I do not know how to handle NameAndOptionalUID normalization with objects of class: gidNumber
[20:02:41] INFO [org.apache.directory.api.ldap.model.entry.AbstractValue] - ERR_04447_CANNOT_NORMALIZE_VALUE Cannot normalize the wrapped value ERR_04226 I do not know how to handle NameAndOptionalUID normalization with objects of class: ipServicePort
[20:02:41] INFO [org.apache.directory.api.ldap.model.entry.AbstractValue] - ERR_04447_CANNOT_NORMALIZE_VALUE Cannot normalize the wrapped value ERR_04226 I do not know how to handle NameAndOptionalUID normalization with objects of class: ipServiceProtocol
[20:02:41] INFO [org.apache.directory.api.ldap.model.entry.AbstractValue] - ERR_04447_CANNOT_NORMALIZE_VALUE Cannot normalize the wrapped value ERR_04226 I do not know how to handle NameAndOptionalUID normalization with objects of class: ipProtocolNumber
[20:02:41] INFO [org.apache.directory.api.ldap.model.entry.AbstractValue] - ERR_04447_CANNOT_NORMALIZE_VALUE Cannot normalize the wrapped value ERR_04226 I do not know how to handle NameAndOptionalUID normalization with objects of class: oncRpcNumber
[20:02:41] INFO [org.apache.directory.api.ldap.model.entry.AbstractValue] - ERR_04447_CANNOT_NORMALIZE_VALUE Cannot normalize the wrapped value ERR_04226 I do not know how to handle NameAndOptionalUID normalization with objects of class: ipHostNumber
[20:02:41] INFO [org.apache.directory.api.ldap.model.entry.AbstractValue] - ERR_04447_CANNOT_NORMALIZE_VALUE Cannot normalize the wrapped value ERR_04226 I do not know how to handle NameAndOptionalUID normalization with objects of class: ipNetmaskNumber
[20:02:41] INFO [org.apache.directory.api.ldap.model.entry.AbstractValue] - ERR_04447_CANNOT_NORMALIZE_VALUE Cannot normalize the wrapped value ERR_04226 I do not know how to handle NameAndOptionalUID normalization with objects of class: ipNetworkNumber
[20:02:41] INFO [org.apache.directory.api.ldap.model.entry.AbstractValue] - ERR_04447_CANNOT_NORMALIZE_VALUE Cannot normalize the wrapped value ERR_04226 I do not know how to handle NameAndOptionalUID normalization with objects of class: nisNetgroupTriple
[20:02:41] INFO [org.apache.directory.api.ldap.model.entry.AbstractValue] - ERR_04447_CANNOT_NORMALIZE_VALUE Cannot normalize the wrapped value ERR_04226 I do not know how to handle NameAndOptionalUID normalization with objects of class: memberNisNetgroup
[20:02:41] INFO [org.apache.directory.api.ldap.model.entry.AbstractValue] - ERR_04447_CANNOT_NORMALIZE_VALUE Cannot normalize the wrapped value ERR_04226 I do not know how to handle NameAndOptionalUID normalization with objects of class: nisMapName
[20:02:41] INFO [org.apache.directory.api.ldap.model.ldif.LdifReader] - No version information : assuming version: 1
[20:02:41] INFO [org.apache.directory.api.ldap.model.ldif.LdifReader] - No version information : assuming version: 1
[20:02:41] INFO [org.apache.directory.api.ldap.model.ldif.LdifReader] - No version information : assuming version: 1
[20:02:41] INFO [org.apache.directory.api.ldap.model.entry.AbstractValue] - ERR_04447_CANNOT_NORMALIZE_VALUE Cannot normalize the wrapped value ERR_04226 I do not know how to handle NameAndOptionalUID normalization with objects of class: caseExactIA5SubstringsMatch
[20:02:41] INFO [org.apache.directory.api.ldap.model.ldif.LdifReader] - No version information : assuming version: 1
[20:02:41] INFO [org.apache.directory.api.ldap.model.entry.AbstractValue] - ERR_04447_CANNOT_NORMALIZE_VALUE Cannot normalize the wrapped value ERR_04226 I do not know how to handle NameAndOptionalUID normalization with objects of class: caseExactIA5SubstringsMatch
[20:02:41] INFO [org.apache.directory.api.ldap.model.ldif.LdifReader] - No version information : assuming version: 1
[20:02:41] INFO [org.apache.directory.api.ldap.model.entry.AbstractValue] - ERR_04447_CANNOT_NORMALIZE_VALUE Cannot normalize the wrapped value ERR_04226 I do not know how to handle NameAndOptionalUID normalization with objects of class: uidNumber
[20:02:41] INFO [org.apache.directory.api.ldap.model.entry.AbstractValue] - ERR_04447_CANNOT_NORMALIZE_VALUE Cannot normalize the wrapped value ERR_04226 I do not know how to handle NameAndOptionalUID normalization with objects of class: nisPublicKey
[20:02:41] INFO [org.apache.directory.api.ldap.model.entry.AbstractValue] - ERR_04447_CANNOT_NORMALIZE_VALUE Cannot normalize the wrapped value ERR_04226 I do not know how to handle NameAndOptionalUID normalization with objects of class: nisSecretKey
[20:02:41] INFO [org.apache.directory.api.ldap.model.ldif.LdifReader] - No version information : assuming version: 1
[20:02:41] INFO [org.apache.directory.api.ldap.model.entry.AbstractValue] - ERR_04447_CANNOT_NORMALIZE_VALUE Cannot normalize the wrapped value ERR_04226 I do not know how to handle NameAndOptionalUID normalization with objects of class: nisDomain
[20:02:41] INFO [org.apache.directory.api.ldap.model.ldif.LdifReader] - No version information : assuming version: 1
[20:02:41] INFO [org.apache.directory.api.ldap.model.entry.AbstractValue] - ERR_04447_CANNOT_NORMALIZE_VALUE Cannot normalize the wrapped value ERR_04226 I do not know how to handle NameAndOptionalUID normalization with objects of class: sambaShareName
[20:02:41] INFO [org.apache.directory.api.ldap.model.entry.AbstractValue] - ERR_04447_CANNOT_NORMALIZE_VALUE Cannot normalize the wrapped value ERR_04226 I do not know how to handle NameAndOptionalUID normalization with objects of class: sambaBoolOption
[20:02:41] INFO [org.apache.directory.api.ldap.model.entry.AbstractValue] - ERR_04447_CANNOT_NORMALIZE_VALUE Cannot normalize the wrapped value ERR_04226 I do not know how to handle NameAndOptionalUID normalization with objects of class: sambaIntegerOption
[20:02:41] INFO [org.apache.directory.api.ldap.model.entry.AbstractValue] - ERR_04447_CANNOT_NORMALIZE_VALUE Cannot normalize the wrapped value ERR_04226 I do not know how to handle NameAndOptionalUID normalization with objects of class: sambaStringListOption
[20:02:41] INFO [org.apache.directory.api.ldap.model.entry.AbstractValue] - ERR_04447_CANNOT_NORMALIZE_VALUE Cannot normalize the wrapped value ERR_04226 I do not know how to handle NameAndOptionalUID normalization with objects of class: sambaStringOption
[20:02:41] INFO [org.apache.directory.api.ldap.model.entry.AbstractValue] - ERR_04447_CANNOT_NORMALIZE_VALUE Cannot normalize the wrapped value ERR_04226 I do not know how to handle NameAndOptionalUID normalization with objects of class: sambaOptionName
[20:02:41] INFO [org.apache.directory.api.ldap.model.entry.AbstractValue] - ERR_04447_CANNOT_NORMALIZE_VALUE Cannot normalize the wrapped value ERR_04226 I do not know how to handle NameAndOptionalUID normalization with objects of class: sambaPrivilegeList
[20:02:41] INFO [org.apache.directory.api.ldap.model.entry.AbstractValue] - ERR_04447_CANNOT_NORMALIZE_VALUE Cannot normalize the wrapped value ERR_04226 I do not know how to handle NameAndOptionalUID normalization with objects of class: sambaSID
[20:02:41] INFO [org.apache.directory.api.ldap.model.entry.AbstractValue] - ERR_04447_CANNOT_NORMALIZE_VALUE Cannot normalize the wrapped value ERR_04226 I do not know how to handle NameAndOptionalUID normalization with objects of class: sambaPwdLastSet
[20:02:41] INFO [org.apache.directory.api.ldap.model.entry.AbstractValue] - ERR_04447_CANNOT_NORMALIZE_VALUE Cannot normalize the wrapped value ERR_04226 I do not know how to handle NameAndOptionalUID normalization with objects of class: sambaSID
[20:02:41] INFO [org.apache.directory.api.ldap.model.entry.AbstractValue] - ERR_04447_CANNOT_NORMALIZE_VALUE Cannot normalize the wrapped value ERR_04226 I do not know how to handle NameAndOptionalUID normalization with objects of class: sambaDomainName
[20:02:41] INFO [org.apache.directory.api.ldap.model.entry.AbstractValue] - ERR_04447_CANNOT_NORMALIZE_VALUE Cannot normalize the wrapped value ERR_04226 I do not know how to handle NameAndOptionalUID normalization with objects of class: sambaNTPassword
[20:02:41] INFO [org.apache.directory.api.ldap.model.entry.AbstractValue] - ERR_04447_CANNOT_NORMALIZE_VALUE Cannot normalize the wrapped value ERR_04226 I do not know how to handle NameAndOptionalUID normalization with objects of class: sambaTrustFlags
[20:02:41] INFO [org.apache.directory.api.ldap.model.entry.AbstractValue] - ERR_04447_CANNOT_NORMALIZE_VALUE Cannot normalize the wrapped value ERR_04226 I do not know how to handle NameAndOptionalUID normalization with objects of class: sambaSIDList
[20:02:41] INFO [org.apache.directory.api.ldap.model.entry.AbstractValue] - ERR_04447_CANNOT_NORMALIZE_VALUE Cannot normalize the wrapped value ERR_04226 I do not know how to handle NameAndOptionalUID normalization with objects of class: gidNumber
[20:02:41] INFO [org.apache.directory.api.ldap.model.entry.AbstractValue] - ERR_04447_CANNOT_NORMALIZE_VALUE Cannot normalize the wrapped value ERR_04226 I do not know how to handle NameAndOptionalUID normalization with objects of class: sambaGroupType
[20:02:41] INFO [org.apache.directory.api.ldap.model.entry.AbstractValue] - ERR_04447_CANNOT_NORMALIZE_VALUE Cannot normalize the wrapped value ERR_04226 I do not know how to handle NameAndOptionalUID normalization with objects of class: sambaSID
[20:02:41] INFO [org.apache.directory.api.ldap.model.entry.AbstractValue] - ERR_04447_CANNOT_NORMALIZE_VALUE Cannot normalize the wrapped value ERR_04226 I do not know how to handle NameAndOptionalUID normalization with objects of class: sambaAlgorithmicRidBase
[20:02:41] INFO [org.apache.directory.api.ldap.model.entry.AbstractValue] - ERR_04447_CANNOT_NORMALIZE_VALUE Cannot normalize the wrapped value ERR_04226 I do not know how to handle NameAndOptionalUID normalization with objects of class: sambaForceLogoff
[20:02:41] INFO [org.apache.directory.api.ldap.model.entry.AbstractValue] - ERR_04447_CANNOT_NORMALIZE_VALUE Cannot normalize the wrapped value ERR_04226 I do not know how to handle NameAndOptionalUID normalization with objects of class: sambaLockoutDuration
[20:02:41] INFO [org.apache.directory.api.ldap.model.entry.AbstractValue] - ERR_04447_CANNOT_NORMALIZE_VALUE Cannot normalize the wrapped value ERR_04226 I do not know how to handle NameAndOptionalUID normalization with objects of class: sambaLockoutObservationWindow
[20:02:41] INFO [org.apache.directory.api.ldap.model.entry.AbstractValue] - ERR_04447_CANNOT_NORMALIZE_VALUE Cannot normalize the wrapped value ERR_04226 I do not know how to handle NameAndOptionalUID normalization with objects of class: sambaLockoutThreshold
[20:02:41] INFO [org.apache.directory.api.ldap.model.entry.AbstractValue] - ERR_04447_CANNOT_NORMALIZE_VALUE Cannot normalize the wrapped value ERR_04226 I do not know how to handle NameAndOptionalUID normalization with objects of class: sambaLogonToChgPwd
[20:02:41] INFO [org.apache.directory.api.ldap.model.entry.AbstractValue] - ERR_04447_CANNOT_NORMALIZE_VALUE Cannot normalize the wrapped value ERR_04226 I do not know how to handle NameAndOptionalUID normalization with objects of class: sambaMaxPwdAge
[20:02:41] INFO [org.apache.directory.api.ldap.model.entry.AbstractValue] - ERR_04447_CANNOT_NORMALIZE_VALUE Cannot normalize the wrapped value ERR_04226 I do not know how to handle NameAndOptionalUID normalization with objects of class: sambaMinPwdAge
[20:02:41] INFO [org.apache.directory.api.ldap.model.entry.AbstractValue] - ERR_04447_CANNOT_NORMALIZE_VALUE Cannot normalize the wrapped value ERR_04226 I do not know how to handle NameAndOptionalUID normalization with objects of class: sambaMinPwdLength
[20:02:41] INFO [org.apache.directory.api.ldap.model.entry.AbstractValue] - ERR_04447_CANNOT_NORMALIZE_VALUE Cannot normalize the wrapped value ERR_04226 I do not know how to handle NameAndOptionalUID normalization with objects of class: sambaNextGroupRid
[20:02:41] INFO [org.apache.directory.api.ldap.model.entry.AbstractValue] - ERR_04447_CANNOT_NORMALIZE_VALUE Cannot normalize the wrapped value ERR_04226 I do not know how to handle NameAndOptionalUID normalization with objects of class: sambaNextRid
[20:02:41] INFO [org.apache.directory.api.ldap.model.entry.AbstractValue] - ERR_04447_CANNOT_NORMALIZE_VALUE Cannot normalize the wrapped value ERR_04226 I do not know how to handle NameAndOptionalUID normalization with objects of class: sambaNextUserRid
[20:02:41] INFO [org.apache.directory.api.ldap.model.entry.AbstractValue] - ERR_04447_CANNOT_NORMALIZE_VALUE Cannot normalize the wrapped value ERR_04226 I do not know how to handle NameAndOptionalUID normalization with objects of class: sambaPwdHistoryLength
[20:02:41] INFO [org.apache.directory.api.ldap.model.entry.AbstractValue] - ERR_04447_CANNOT_NORMALIZE_VALUE Cannot normalize the wrapped value ERR_04226 I do not know how to handle NameAndOptionalUID normalization with objects of class: sambaRefuseMachinePwdChange
[20:02:41] INFO [org.apache.directory.api.ldap.model.entry.AbstractValue] - ERR_04447_CANNOT_NORMALIZE_VALUE Cannot normalize the wrapped value ERR_04226 I do not know how to handle NameAndOptionalUID normalization with objects of class: sambaDomainName
[20:02:41] INFO [org.apache.directory.api.ldap.model.entry.AbstractValue] - ERR_04447_CANNOT_NORMALIZE_VALUE Cannot normalize the wrapped value ERR_04226 I do not know how to handle NameAndOptionalUID normalization with objects of class: sambaSID
[20:02:41] INFO [org.apache.directory.api.ldap.model.entry.AbstractValue] - ERR_04447_CANNOT_NORMALIZE_VALUE Cannot normalize the wrapped value ERR_04226 I do not know how to handle NameAndOptionalUID normalization with objects of class: sambaAcctFlags
[20:02:41] INFO [org.apache.directory.api.ldap.model.entry.AbstractValue] - ERR_04447_CANNOT_NORMALIZE_VALUE Cannot normalize the wrapped value ERR_04226 I do not know how to handle NameAndOptionalUID normalization with objects of class: sambaBadPasswordCount
[20:02:41] INFO [org.apache.directory.api.ldap.model.entry.AbstractValue] - ERR_04447_CANNOT_NORMALIZE_VALUE Cannot normalize the wrapped value ERR_04226 I do not know how to handle NameAndOptionalUID normalization with objects of class: sambaBadPasswordTime
[20:02:41] INFO [org.apache.directory.api.ldap.model.entry.AbstractValue] - ERR_04447_CANNOT_NORMALIZE_VALUE Cannot normalize the wrapped value ERR_04226 I do not know how to handle NameAndOptionalUID normalization with objects of class: sambaDomainName
[20:02:41] INFO [org.apache.directory.api.ldap.model.entry.AbstractValue] - ERR_04447_CANNOT_NORMALIZE_VALUE Cannot normalize the wrapped value ERR_04226 I do not know how to handle NameAndOptionalUID normalization with objects of class: sambaHomeDrive
[20:02:41] INFO [org.apache.directory.api.ldap.model.entry.AbstractValue] - ERR_04447_CANNOT_NORMALIZE_VALUE Cannot normalize the wrapped value ERR_04226 I do not know how to handle NameAndOptionalUID normalization with objects of class: sambaHomePath
[20:02:41] INFO [org.apache.directory.api.ldap.model.entry.AbstractValue] - ERR_04447_CANNOT_NORMALIZE_VALUE Cannot normalize the wrapped value ERR_04226 I do not know how to handle NameAndOptionalUID normalization with objects of class: sambaKickoffTime
[20:02:41] INFO [org.apache.directory.api.ldap.model.entry.AbstractValue] - ERR_04447_CANNOT_NORMALIZE_VALUE Cannot normalize the wrapped value ERR_04226 I do not know how to handle NameAndOptionalUID normalization with objects of class: sambaLMPassword
[20:02:41] INFO [org.apache.directory.api.ldap.model.entry.AbstractValue] - ERR_04447_CANNOT_NORMALIZE_VALUE Cannot normalize the wrapped value ERR_04226 I do not know how to handle NameAndOptionalUID normalization with objects of class: sambaLogoffTime
[20:02:41] INFO [org.apache.directory.api.ldap.model.entry.AbstractValue] - ERR_04447_CANNOT_NORMALIZE_VALUE Cannot normalize the wrapped value ERR_04226 I do not know how to handle NameAndOptionalUID normalization with objects of class: sambaLogonHours
[20:02:41] INFO [org.apache.directory.api.ldap.model.entry.AbstractValue] - ERR_04447_CANNOT_NORMALIZE_VALUE Cannot normalize the wrapped value ERR_04226 I do not know how to handle NameAndOptionalUID normalization with objects of class: sambaLogonScript
[20:02:41] INFO [org.apache.directory.api.ldap.model.entry.AbstractValue] - ERR_04447_CANNOT_NORMALIZE_VALUE Cannot normalize the wrapped value ERR_04226 I do not know how to handle NameAndOptionalUID normalization with objects of class: sambaLogonTime
[20:02:41] INFO [org.apache.directory.api.ldap.model.entry.AbstractValue] - ERR_04447_CANNOT_NORMALIZE_VALUE Cannot normalize the wrapped value ERR_04226 I do not know how to handle NameAndOptionalUID normalization with objects of class: sambaMungedDial
[20:02:41] INFO [org.apache.directory.api.ldap.model.entry.AbstractValue] - ERR_04447_CANNOT_NORMALIZE_VALUE Cannot normalize the wrapped value ERR_04226 I do not know how to handle NameAndOptionalUID normalization with objects of class: sambaNTPassword
[20:02:41] INFO [org.apache.directory.api.ldap.model.entry.AbstractValue] - ERR_04447_CANNOT_NORMALIZE_VALUE Cannot normalize the wrapped value ERR_04226 I do not know how to handle NameAndOptionalUID normalization with objects of class: sambaPasswordHistory
[20:02:41] INFO [org.apache.directory.api.ldap.model.entry.AbstractValue] - ERR_04447_CANNOT_NORMALIZE_VALUE Cannot normalize the wrapped value ERR_04226 I do not know how to handle NameAndOptionalUID normalization with objects of class: sambaPrimaryGroupSID
[20:02:41] INFO [org.apache.directory.api.ldap.model.entry.AbstractValue] - ERR_04447_CANNOT_NORMALIZE_VALUE Cannot normalize the wrapped value ERR_04226 I do not know how to handle NameAndOptionalUID normalization with objects of class: sambaProfilePath
[20:02:41] INFO [org.apache.directory.api.ldap.model.entry.AbstractValue] - ERR_04447_CANNOT_NORMALIZE_VALUE Cannot normalize the wrapped value ERR_04226 I do not know how to handle NameAndOptionalUID normalization with objects of class: sambaPwdCanChange
[20:02:41] INFO [org.apache.directory.api.ldap.model.entry.AbstractValue] - ERR_04447_CANNOT_NORMALIZE_VALUE Cannot normalize the wrapped value ERR_04226 I do not know how to handle NameAndOptionalUID normalization with objects of class: sambaPwdLastSet
[20:02:41] INFO [org.apache.directory.api.ldap.model.entry.AbstractValue] - ERR_04447_CANNOT_NORMALIZE_VALUE Cannot normalize the wrapped value ERR_04226 I do not know how to handle NameAndOptionalUID normalization with objects of class: sambaPwdMustChange
[20:02:41] INFO [org.apache.directory.api.ldap.model.entry.AbstractValue] - ERR_04447_CANNOT_NORMALIZE_VALUE Cannot normalize the wrapped value ERR_04226 I do not know how to handle NameAndOptionalUID normalization with objects of class: sambaUserWorkstations
[20:02:41] INFO [org.apache.directory.api.ldap.model.entry.AbstractValue] - ERR_04447_CANNOT_NORMALIZE_VALUE Cannot normalize the wrapped value ERR_04226 I do not know how to handle NameAndOptionalUID normalization with objects of class: sambaSID
[20:02:41] INFO [org.apache.directory.api.ldap.model.entry.AbstractValue] - ERR_04447_CANNOT_NORMALIZE_VALUE Cannot normalize the wrapped value ERR_04226 I do not know how to handle NameAndOptionalUID normalization with objects of class: gidNumber
[20:02:41] INFO [org.apache.directory.api.ldap.model.entry.AbstractValue] - ERR_04447_CANNOT_NORMALIZE_VALUE Cannot normalize the wrapped value ERR_04226 I do not know how to handle NameAndOptionalUID normalization with objects of class: uidNumber
[20:02:41] INFO [org.apache.directory.api.ldap.model.entry.AbstractValue] - ERR_04447_CANNOT_NORMALIZE_VALUE Cannot normalize the wrapped value ERR_04226 I do not know how to handle NameAndOptionalUID normalization with objects of class: gidNumber
[20:02:41] INFO [org.apache.directory.api.ldap.model.entry.AbstractValue] - ERR_04447_CANNOT_NORMALIZE_VALUE Cannot normalize the wrapped value ERR_04226 I do not know how to handle NameAndOptionalUID normalization with objects of class: uidNumber
[20:02:41] INFO [org.apache.directory.api.ldap.model.entry.AbstractValue] - ERR_04447_CANNOT_NORMALIZE_VALUE Cannot normalize the wrapped value ERR_04226 I do not know how to handle NameAndOptionalUID normalization with objects of class: sambaSID
[20:02:41] INFO [org.apache.directory.api.ldap.model.entry.AbstractValue] - ERR_04447_CANNOT_NORMALIZE_VALUE Cannot normalize the wrapped value ERR_04226 I do not know how to handle NameAndOptionalUID normalization with objects of class: sambaSID
[20:02:41] INFO [org.apache.directory.server.core.api.CacheService] - fetching the cache named alias
[20:02:41] INFO [org.apache.directory.server.core.api.CacheService] - fetching the cache named piar
[20:02:41] INFO [org.apache.directory.server.core.api.CacheService] - fetching the cache named entryDn
[20:02:41] INFO [org.apache.directory.server.core.api.CacheService] - fetching the cache named system
[20:02:41] INFO [org.apache.directory.server.core.api.CacheService] - No cache with name system exists, creating one
[20:02:41] INFO [org.apache.directory.server.core.api.CacheService] - fetching the cache named groupCache
[20:02:42] INFO [org.apache.directory.server.core.event.EventInterceptor] - Initializing ...
[20:02:42] INFO [org.apache.directory.server.core.event.EventInterceptor] - Initialization complete.
[20:02:42] WARN [org.apache.directory.server.core.DefaultDirectoryService] - You didn't change the admin password of directory service instance 'null'.  Please update the admin password as soon as possible to prevent a possible security breach.
[20:02:42] INFO [org.apache.directory.api.ldap.model.ldif.LdifReader] - No version information : assuming version: 1
[20:02:42] INFO [org.apache.directory.api.ldap.schema.manager.impl.DefaultSchemaManager] - Loading microsoft enabled schema: 
	Schema Name: microsoft
		Disabled: false
		Owner: 0.9.2342.19200300.100.1.1=admin,2.5.4.11=system
		Dependencies: []
		SchemaLoader : 
[20:02:42] INFO [org.apache.directory.api.ldap.schema.manager.impl.DefaultSchemaManager] - Loading microsoft enabled schema: 
	Schema Name: microsoft
		Disabled: false
		Owner: 0.9.2342.19200300.100.1.1=admin,2.5.4.11=system
		Dependencies: []
		SchemaLoader : 
[20:02:42] INFO [org.apache.directory.server.protocol.shared.store.LdifFileLoader] - Created cn=microsoft, ou=schema.
[20:02:42] INFO [org.apache.directory.server.protocol.shared.store.LdifFileLoader] - Created ou=attributetypes, cn=microsoft, ou=schema.
[20:02:42] INFO [org.apache.directory.server.protocol.shared.store.LdifFileLoader] - Created m-oid=1.2.840.113556.1.4.221, ou=attributetypes, cn=microsoft, ou=schema.
[20:02:42] INFO [org.apache.directory.server.protocol.shared.store.LdifFileLoader] - Created m-oid=1.2.840.113556.1.4.222, ou=attributetypes, cn=microsoft, ou=schema.
[20:02:42] INFO [org.apache.directory.server.protocol.shared.store.LdifFileLoader] - Created ou=objectclasses, cn=microsoft, ou=schema.
[20:02:42] INFO [org.apache.directory.server.protocol.shared.store.LdifFileLoader] - Created m-oid=1.2.840.113556.1.5.6, ou=objectclasses, cn=microsoft, ou=schema.
[20:02:42] INFO [org.apache.directory.server.protocol.shared.store.LdifFileLoader] - Found ou=attributetypes, cn=microsoft, ou=schema, will not create.
[20:02:42] INFO [org.apache.directory.server.protocol.shared.store.LdifFileLoader] - Found ou=objectclasses, cn=microsoft, ou=schema, will not create.
[20:02:42] INFO [org.apache.directory.server.protocol.shared.store.LdifFileLoader] - Created m-oid=1.2.840.113556.1.5.9, ou=objectclasses, cn=microsoft, ou=schema.
[20:02:42] INFO [com.krish.ead.server.EmbeddedADSVerM23] - Krish schema has been loaded with count 7
[20:02:42] INFO [org.apache.directory.server.core.api.CacheService] - fetching the cache named alias
[20:02:42] INFO [org.apache.directory.server.core.api.CacheService] - fetching the cache named piar
[20:02:42] INFO [org.apache.directory.server.core.api.CacheService] - fetching the cache named entryDn
[20:02:42] INFO [org.apache.directory.server.core.api.CacheService] - fetching the cache named jpmis
[20:02:42] INFO [org.apache.directory.server.core.api.CacheService] - No cache with name jpmis exists, creating one
[20:02:42] WARN [org.apache.directory.server.core.normalization.NormalizationInterceptor] - The Rdn 'dc=jpmis' is not present in the entry
[20:02:42] INFO [com.krish.ead.server.EADServer] - Start the shutdown listener on port 62968
[20:02:42] INFO [com.krish.directory.service.EadSchemaService] - Created user in the EAD krishdey
[20:02:42] INFO [com.krish.security.hadoop.impl.LdapGroupsMapping] - Trying to get users for group ND-POC-ENG for NAEAST
[20:02:42] INFO [com.krish.directory.service.DefaultGroupMappingService] - The users for the group ND-POC-ENG are [krish, jim, chris]
The users for the group ND-POC-ENG are [krish, jim, chris]
[20:02:42] INFO [com.krish.directory.service.DefaultGroupMappingService] - Created group ND-POC-ENG
[20:02:42] INFO [com.krish.directory.service.EadSchemaService] - Created user in the EAD krish
[20:02:42] INFO [com.krish.directory.service.EadSchemaService] - Created user in the EAD jim
[20:02:42] INFO [com.krish.directory.service.EadSchemaService] - Created user in the EAD chris
[20:02:44] INFO [org.apache.directory.server.core.api.CacheService] - clearing all the caches
