[20:09:38] WARN [org.apache.directory.server.core.DefaultDirectoryService] - You didn't change the admin password of directory service instance 'null'.  Please update the admin password as soon as possible to prevent a possible security breach.
[20:09:38] WARN [org.apache.directory.api.ldap.model.schema.registries.DefaultSchemaObjectRegistry] - ERR_04271 ATTRIBUTE_TYPE with name member already registered!
[20:09:38] WARN [org.apache.directory.server.core.normalization.NormalizationInterceptor] - The Rdn 'dc=jpmis' is not present in the entry
[20:16:07] WARN [org.apache.directory.server.core.DefaultDirectoryService] - You didn't change the admin password of directory service instance 'null'.  Please update the admin password as soon as possible to prevent a possible security breach.
[20:16:07] WARN [org.apache.directory.api.ldap.model.schema.registries.DefaultSchemaObjectRegistry] - ERR_04271 ATTRIBUTE_TYPE with name member already registered!
[20:16:08] WARN [org.apache.directory.server.core.normalization.NormalizationInterceptor] - The Rdn 'dc=jpmis' is not present in the entry
[20:33:36] WARN [org.apache.directory.server.core.DefaultDirectoryService] - You didn't change the admin password of directory service instance 'null'.  Please update the admin password as soon as possible to prevent a possible security breach.
[20:33:36] WARN [org.apache.directory.api.ldap.model.schema.registries.DefaultSchemaObjectRegistry] - ERR_04271 ATTRIBUTE_TYPE with name member already registered!
[20:33:36] WARN [org.apache.directory.server.core.normalization.NormalizationInterceptor] - The Rdn 'dc=jpmis' is not present in the entry
[20:51:05] WARN [org.apache.directory.server.core.DefaultDirectoryService] - You didn't change the admin password of directory service instance 'null'.  Please update the admin password as soon as possible to prevent a possible security breach.
[20:51:06] WARN [org.apache.directory.api.ldap.model.schema.registries.DefaultSchemaObjectRegistry] - ERR_04271 ATTRIBUTE_TYPE with name member already registered!
[20:51:06] WARN [org.apache.directory.server.core.normalization.NormalizationInterceptor] - The Rdn 'dc=jpmis' is not present in the entry
[20:54:21] WARN [org.apache.directory.server.core.DefaultDirectoryService] - You didn't change the admin password of directory service instance 'null'.  Please update the admin password as soon as possible to prevent a possible security breach.
[20:54:21] ERROR [org.apache.directory.server.protocol.shared.store.LdifFileLoader] - ERR_173 LDIF file does not exist.
[20:54:21] WARN [org.apache.directory.server.core.normalization.NormalizationInterceptor] - The Rdn 'dc=jpmis' is not present in the entry
[20:54:21] ERROR [org.apache.directory.api.ldap.model.ldif.LdifAttributesReader] - 
[20:54:21] ERROR [org.apache.directory.api.ldap.model.ldif.LdifAttributesReader] - ERR_12008_CANNOT_PARSE_LDIF_BUFFER Cannot parse the ldif buffer : 
[21:09:29] WARN [org.apache.directory.server.core.DefaultDirectoryService] - You didn't change the admin password of directory service instance 'null'.  Please update the admin password as soon as possible to prevent a possible security breach.
[21:09:29] ERROR [com.krish.ead.server.EADServer] - Failed to start the service.
java.lang.RuntimeException: krish.schema not found
	at com.krish.ead.server.EmbeddedADSVerM23.loadJpmisSchema(EmbeddedADSVerM23.java:151)
	at com.krish.ead.server.EmbeddedADSVerM23.startServer(EmbeddedADSVerM23.java:289)
	at com.krish.ead.server.EADServer.start(EADServer.java:106)
	at com.krish.ead.server.EADServer.main(EADServer.java:49)
[21:09:29] ERROR [com.krish.ead.server.EADServer] - Failed to start the service.
java.lang.NullPointerException
	at com.krish.ead.server.EmbeddedADSVerM23.stopServer(EmbeddedADSVerM23.java:305)
	at com.krish.ead.server.EADServer.stop(EADServer.java:120)
	at com.krish.ead.server.EADServer.start(EADServer.java:111)
	at com.krish.ead.server.EADServer.main(EADServer.java:49)
[21:13:08] WARN [org.apache.directory.server.core.DefaultDirectoryService] - You didn't change the admin password of directory service instance 'null'.  Please update the admin password as soon as possible to prevent a possible security breach.
[21:13:08] ERROR [com.krish.ead.server.EADServer] - Failed to start the service.
java.lang.RuntimeException: krish.schema not found
	at com.krish.ead.server.EmbeddedADSVerM23.loadJpmisSchema(EmbeddedADSVerM23.java:151)
	at com.krish.ead.server.EmbeddedADSVerM23.startServer(EmbeddedADSVerM23.java:289)
	at com.krish.ead.server.EADServer.start(EADServer.java:106)
	at com.krish.ead.server.EADServer.main(EADServer.java:49)
[21:13:08] ERROR [com.krish.ead.server.EADServer] - Failed to start the service.
java.lang.NullPointerException
	at com.krish.ead.server.EmbeddedADSVerM23.stopServer(EmbeddedADSVerM23.java:305)
	at com.krish.ead.server.EADServer.stop(EADServer.java:120)
	at com.krish.ead.server.EADServer.start(EADServer.java:111)
	at com.krish.ead.server.EADServer.main(EADServer.java:49)
[21:14:39] WARN [org.apache.directory.server.core.DefaultDirectoryService] - You didn't change the admin password of directory service instance 'null'.  Please update the admin password as soon as possible to prevent a possible security breach.
[21:14:39] WARN [org.apache.directory.api.ldap.model.schema.registries.DefaultSchemaObjectRegistry] - ERR_04271 ATTRIBUTE_TYPE with name member already registered!
[21:14:39] WARN [org.apache.directory.server.core.normalization.NormalizationInterceptor] - The Rdn 'dc=jpmis' is not present in the entry
[21:14:39] ERROR [org.apache.directory.server.ldap.LdapServer] - ERR_171 Failed to bind an LDAP service (10,389) to the service registry.
java.io.IOException: Error while binding on 0.0.0.0/0.0.0.0:10389
original message : Address already in use
	at org.apache.mina.transport.socket.nio.NioSocketAcceptor.open(NioSocketAcceptor.java:238)
	at org.apache.mina.transport.socket.nio.NioSocketAcceptor.open(NioSocketAcceptor.java:51)
	at org.apache.mina.core.polling.AbstractPollingIoAcceptor.registerHandles(AbstractPollingIoAcceptor.java:585)
	at org.apache.mina.core.polling.AbstractPollingIoAcceptor.access$400(AbstractPollingIoAcceptor.java:71)
	at org.apache.mina.core.polling.AbstractPollingIoAcceptor$Acceptor.run(AbstractPollingIoAcceptor.java:459)
	at org.apache.mina.util.NamePreservingRunnable.run(NamePreservingRunnable.java:64)
	at java.util.concurrent.ThreadPoolExecutor.runWorker(ThreadPoolExecutor.java:1142)
	at java.util.concurrent.ThreadPoolExecutor$Worker.run(ThreadPoolExecutor.java:617)
	at java.lang.Thread.run(Thread.java:745)
[21:14:39] ERROR [com.krish.ead.server.EADServer] - Failed to start the service.
org.apache.directory.api.ldap.model.exception.LdapConfigurationException: ERR_171 Failed to bind an LDAP service (10,389) to the service registry.
	at org.apache.directory.server.ldap.LdapServer.startNetwork(LdapServer.java:695)
	at org.apache.directory.server.ldap.LdapServer.start(LdapServer.java:547)
	at com.krish.ead.server.EmbeddedADSVerM23.startServer(EmbeddedADSVerM23.java:295)
	at com.krish.ead.server.EADServer.start(EADServer.java:106)
	at com.krish.ead.server.EADServer.main(EADServer.java:49)
Caused by: java.io.IOException: Error while binding on 0.0.0.0/0.0.0.0:10389
original message : Address already in use
	at org.apache.mina.transport.socket.nio.NioSocketAcceptor.open(NioSocketAcceptor.java:238)
	at org.apache.mina.transport.socket.nio.NioSocketAcceptor.open(NioSocketAcceptor.java:51)
	at org.apache.mina.core.polling.AbstractPollingIoAcceptor.registerHandles(AbstractPollingIoAcceptor.java:585)
	at org.apache.mina.core.polling.AbstractPollingIoAcceptor.access$400(AbstractPollingIoAcceptor.java:71)
	at org.apache.mina.core.polling.AbstractPollingIoAcceptor$Acceptor.run(AbstractPollingIoAcceptor.java:459)
	at org.apache.mina.util.NamePreservingRunnable.run(NamePreservingRunnable.java:64)
	at java.util.concurrent.ThreadPoolExecutor.runWorker(ThreadPoolExecutor.java:1142)
	at java.util.concurrent.ThreadPoolExecutor$Worker.run(ThreadPoolExecutor.java:617)
	at java.lang.Thread.run(Thread.java:745)
[21:15:01] WARN [org.apache.directory.server.core.DefaultDirectoryService] - You didn't change the admin password of directory service instance 'null'.  Please update the admin password as soon as possible to prevent a possible security breach.
[21:15:02] WARN [org.apache.directory.api.ldap.model.schema.registries.DefaultSchemaObjectRegistry] - ERR_04271 ATTRIBUTE_TYPE with name member already registered!
[21:15:02] WARN [org.apache.directory.server.core.normalization.NormalizationInterceptor] - The Rdn 'dc=jpmis' is not present in the entry
[21:25:41] WARN [org.apache.directory.server.core.shared.partition.DefaultPartitionNexus] - Failed to flush partition data out.
java.io.FileNotFoundException: /tmp/krish/partitions/jpmis/1.3.6.1.4.1.18060.0.4.1.2.5.lg (No such file or directory)
	at java.io.FileOutputStream.open0(Native Method)
	at java.io.FileOutputStream.open(FileOutputStream.java:270)
	at java.io.FileOutputStream.<init>(FileOutputStream.java:213)
	at java.io.FileOutputStream.<init>(FileOutputStream.java:101)
	at jdbm.recman.TransactionManager.open(TransactionManager.java:209)
	at jdbm.recman.TransactionManager.synchronizeLogFromMemory(TransactionManager.java:202)
	at jdbm.recman.TransactionManager.synchronizeLog(TransactionManager.java:135)
	at org.apache.directory.server.core.partition.impl.btree.jdbm.JdbmIndex.sync(JdbmIndex.java:606)
	at org.apache.directory.server.core.partition.impl.btree.jdbm.JdbmPartition.sync(JdbmPartition.java:567)
	at org.apache.directory.server.core.shared.partition.DefaultPartitionNexus.sync(DefaultPartitionNexus.java:329)
	at org.apache.directory.server.core.DefaultDirectoryService.shutdown(DefaultDirectoryService.java:1290)
	at org.apache.directory.server.core.DefaultDirectoryService$1.run(DefaultDirectoryService.java:1233)
	at java.lang.Thread.run(Thread.java:745)
[21:25:41] WARN [org.apache.directory.server.core.DefaultDirectoryService] - Failed to shut down the directory service: null
org.apache.directory.api.util.exception.MultiException: ERR_265 Grouping many exceptions on root nexus sync()
	at org.apache.directory.server.core.shared.partition.DefaultPartitionNexus.sync(DefaultPartitionNexus.java:337)
	at org.apache.directory.server.core.DefaultDirectoryService.shutdown(DefaultDirectoryService.java:1290)
	at org.apache.directory.server.core.DefaultDirectoryService$1.run(DefaultDirectoryService.java:1233)
	at java.lang.Thread.run(Thread.java:745)
Nested exceptions to follow:


	<<========= Last Nested Exception ========>>

[21:38:56] WARN [org.apache.directory.server.core.DefaultDirectoryService] - You didn't change the admin password of directory service instance 'null'.  Please update the admin password as soon as possible to prevent a possible security breach.
[21:38:56] WARN [org.apache.directory.api.ldap.model.schema.registries.DefaultSchemaObjectRegistry] - ERR_04271 ATTRIBUTE_TYPE with name member already registered!
[21:38:56] WARN [org.apache.directory.server.core.normalization.NormalizationInterceptor] - The Rdn 'dc=jpmis' is not present in the entry
