[12:49:59] WARN [com.krish.security.hadoop.LdapGroupsMappingTest] - Exception trying to get groups for user krish: [LDAP: error code 49 - INVALID_CREDENTIALS: Bind failed: ERR_229 Cannot authenticate user uid=krish,ou=users,dc=jpmis,dc=com]
[12:49:59] WARN [com.krish.security.hadoop.LdapGroupsMappingTest] - Exception trying to get groups for user krish: [LDAP: error code 49 - INVALID_CREDENTIALS: Bind failed: ERR_229 Cannot authenticate user uid=krish,ou=users,dc=jpmis,dc=com]
[14:34:38] WARN [org.apache.directory.server.core.DefaultDirectoryService] - You didn't change the admin password of directory service instance 'null'.  Please update the admin password as soon as possible to prevent a possible security breach.
[14:34:38] WARN [org.apache.directory.api.ldap.model.schema.registries.DefaultSchemaObjectRegistry] - ERR_04271 ATTRIBUTE_TYPE with name member already registered!
[14:34:39] WARN [org.apache.directory.server.core.normalization.NormalizationInterceptor] - The Rdn 'dc=jpmis' is not present in the entry
[14:34:39] ERROR [org.apache.directory.server.ldap.LdapServer] - ERR_171 Failed to bind an LDAP service (10,389) to the service registry.
java.io.IOException: Error while binding on 0.0.0.0/0.0.0.0:10389
original message : Address already in use
	at org.apache.mina.transport.socket.nio.NioSocketAcceptor.open(NioSocketAcceptor.java:238)
	at org.apache.mina.transport.socket.nio.NioSocketAcceptor.open(NioSocketAcceptor.java:51)
	at org.apache.mina.core.polling.AbstractPollingIoAcceptor.registerHandles(AbstractPollingIoAcceptor.java:585)
	at org.apache.mina.core.polling.AbstractPollingIoAcceptor.access$400(AbstractPollingIoAcceptor.java:71)
	at org.apache.mina.core.polling.AbstractPollingIoAcceptor$Acceptor.run(AbstractPollingIoAcceptor.java:459)
	at org.apache.mina.util.NamePreservingRunnable.run(NamePreservingRunnable.java:64)
	at java.util.concurrent.ThreadPoolExecutor.runWorker(ThreadPoolExecutor.java:1142)
	at java.util.concurrent.ThreadPoolExecutor$Worker.run(ThreadPoolExecutor.java:617)
	at java.lang.Thread.run(Thread.java:745)
[14:34:39] ERROR [com.krish.ead.server.EADServer] - Failed to start the service.
org.apache.directory.api.ldap.model.exception.LdapConfigurationException: ERR_171 Failed to bind an LDAP service (10,389) to the service registry.
	at org.apache.directory.server.ldap.LdapServer.startNetwork(LdapServer.java:695)
	at org.apache.directory.server.ldap.LdapServer.start(LdapServer.java:547)
	at com.krish.ead.server.EmbeddedADSVerM23.startServer(EmbeddedADSVerM23.java:290)
	at com.krish.ead.server.EADServer.start(EADServer.java:105)
	at com.krish.ead.server.EadIntegrationTest.setUp(EadIntegrationTest.java:17)
	at sun.reflect.NativeMethodAccessorImpl.invoke0(Native Method)
	at sun.reflect.NativeMethodAccessorImpl.invoke(NativeMethodAccessorImpl.java:62)
	at sun.reflect.DelegatingMethodAccessorImpl.invoke(DelegatingMethodAccessorImpl.java:43)
	at java.lang.reflect.Method.invoke(Method.java:498)
	at org.junit.runners.model.FrameworkMethod$1.runReflectiveCall(FrameworkMethod.java:50)
	at org.junit.internal.runners.model.ReflectiveCallable.run(ReflectiveCallable.java:12)
	at org.junit.runners.model.FrameworkMethod.invokeExplosively(FrameworkMethod.java:47)
	at org.junit.internal.runners.statements.RunBefores.evaluate(RunBefores.java:24)
	at org.junit.runners.ParentRunner.runLeaf(ParentRunner.java:325)
	at org.junit.runners.BlockJUnit4ClassRunner.runChild(BlockJUnit4ClassRunner.java:78)
	at org.junit.runners.BlockJUnit4ClassRunner.runChild(BlockJUnit4ClassRunner.java:57)
	at org.junit.runners.ParentRunner$3.run(ParentRunner.java:290)
	at org.junit.runners.ParentRunner$1.schedule(ParentRunner.java:71)
	at org.junit.runners.ParentRunner.runChildren(ParentRunner.java:288)
	at org.junit.runners.ParentRunner.access$000(ParentRunner.java:58)
	at org.junit.runners.ParentRunner$2.evaluate(ParentRunner.java:268)
	at org.junit.runners.ParentRunner.run(ParentRunner.java:363)
	at org.eclipse.jdt.internal.junit4.runner.JUnit4TestReference.run(JUnit4TestReference.java:50)
	at org.eclipse.jdt.internal.junit.runner.TestExecution.run(TestExecution.java:38)
	at org.eclipse.jdt.internal.junit.runner.RemoteTestRunner.runTests(RemoteTestRunner.java:459)
	at org.eclipse.jdt.internal.junit.runner.RemoteTestRunner.runTests(RemoteTestRunner.java:675)
	at org.eclipse.jdt.internal.junit.runner.RemoteTestRunner.run(RemoteTestRunner.java:382)
	at org.eclipse.jdt.internal.junit.runner.RemoteTestRunner.main(RemoteTestRunner.java:192)
Caused by: java.io.IOException: Error while binding on 0.0.0.0/0.0.0.0:10389
original message : Address already in use
	at org.apache.mina.transport.socket.nio.NioSocketAcceptor.open(NioSocketAcceptor.java:238)
	at org.apache.mina.transport.socket.nio.NioSocketAcceptor.open(NioSocketAcceptor.java:51)
	at org.apache.mina.core.polling.AbstractPollingIoAcceptor.registerHandles(AbstractPollingIoAcceptor.java:585)
	at org.apache.mina.core.polling.AbstractPollingIoAcceptor.access$400(AbstractPollingIoAcceptor.java:71)
	at org.apache.mina.core.polling.AbstractPollingIoAcceptor$Acceptor.run(AbstractPollingIoAcceptor.java:459)
	at org.apache.mina.util.NamePreservingRunnable.run(NamePreservingRunnable.java:64)
	at java.util.concurrent.ThreadPoolExecutor.runWorker(ThreadPoolExecutor.java:1142)
	at java.util.concurrent.ThreadPoolExecutor$Worker.run(ThreadPoolExecutor.java:617)
	at java.lang.Thread.run(Thread.java:745)
[14:36:03] WARN [org.apache.directory.server.core.DefaultDirectoryService] - You didn't change the admin password of directory service instance 'null'.  Please update the admin password as soon as possible to prevent a possible security breach.
[14:36:04] WARN [org.apache.directory.api.ldap.model.schema.registries.DefaultSchemaObjectRegistry] - ERR_04271 ATTRIBUTE_TYPE with name member already registered!
[14:36:04] WARN [org.apache.directory.server.core.normalization.NormalizationInterceptor] - The Rdn 'dc=jpmis' is not present in the entry
[14:41:14] WARN [org.apache.directory.server.core.DefaultDirectoryService] - You didn't change the admin password of directory service instance 'null'.  Please update the admin password as soon as possible to prevent a possible security breach.
[14:41:14] WARN [org.apache.directory.api.ldap.model.schema.registries.DefaultSchemaObjectRegistry] - ERR_04271 ATTRIBUTE_TYPE with name member already registered!
[14:41:15] WARN [org.apache.directory.server.core.normalization.NormalizationInterceptor] - The Rdn 'dc=jpmis' is not present in the entry
[15:01:35] WARN [com.krish.security.hadoop.LdapGroupsMappingTest] - Connection is closed, will try to reconnect
[15:01:35] WARN [com.krish.security.hadoop.LdapGroupsMappingTest] - Connection being closed, reconnecting failed, retryCount = 1
[15:01:35] WARN [com.krish.security.hadoop.LdapGroupsMappingTest] - Connection being closed, reconnecting failed, retryCount = 2
[15:01:35] WARN [com.krish.security.hadoop.LdapGroupsMappingTest] - Connection being closed, reconnecting failed, retryCount = 3
[15:01:35] WARN [com.krish.security.hadoop.LdapGroupsMappingTest] - Connection is closed, will try to reconnect
[15:01:35] WARN [com.krish.security.hadoop.LdapGroupsMappingTest] - Connection being closed, reconnecting failed, retryCount = 1
[15:01:35] WARN [com.krish.security.hadoop.LdapGroupsMappingTest] - Connection being closed, reconnecting failed, retryCount = 2
[15:01:35] WARN [com.krish.security.hadoop.LdapGroupsMappingTest] - Connection being closed, reconnecting failed, retryCount = 3
[15:01:53] WARN [org.apache.directory.server.core.DefaultDirectoryService] - You didn't change the admin password of directory service instance 'null'.  Please update the admin password as soon as possible to prevent a possible security breach.
[15:01:53] WARN [org.apache.directory.api.ldap.model.schema.registries.DefaultSchemaObjectRegistry] - ERR_04271 ATTRIBUTE_TYPE with name member already registered!
[15:01:53] WARN [org.apache.directory.server.core.normalization.NormalizationInterceptor] - The Rdn 'dc=jpmis' is not present in the entry
[16:10:51] WARN [org.apache.directory.server.core.DefaultDirectoryService] - You didn't change the admin password of directory service instance 'null'.  Please update the admin password as soon as possible to prevent a possible security breach.
[16:10:52] WARN [org.apache.directory.api.ldap.model.schema.registries.DefaultSchemaObjectRegistry] - ERR_04271 ATTRIBUTE_TYPE with name member already registered!
[16:10:52] WARN [org.apache.directory.server.core.normalization.NormalizationInterceptor] - The Rdn 'dc=jpmis' is not present in the entry
[16:25:51] WARN [org.apache.directory.server.core.DefaultDirectoryService] - You didn't change the admin password of directory service instance 'null'.  Please update the admin password as soon as possible to prevent a possible security breach.
[16:25:51] WARN [org.apache.directory.api.ldap.model.schema.registries.DefaultSchemaObjectRegistry] - ERR_04271 ATTRIBUTE_TYPE with name member already registered!
[16:25:51] WARN [org.apache.directory.server.core.normalization.NormalizationInterceptor] - The Rdn 'dc=jpmis' is not present in the entry
[16:25:51] ERROR [org.apache.directory.server.ldap.LdapServer] - ERR_171 Failed to bind an LDAP service (10,389) to the service registry.
java.io.IOException: Error while binding on 0.0.0.0/0.0.0.0:10389
original message : Address already in use
	at org.apache.mina.transport.socket.nio.NioSocketAcceptor.open(NioSocketAcceptor.java:238)
	at org.apache.mina.transport.socket.nio.NioSocketAcceptor.open(NioSocketAcceptor.java:51)
	at org.apache.mina.core.polling.AbstractPollingIoAcceptor.registerHandles(AbstractPollingIoAcceptor.java:585)
	at org.apache.mina.core.polling.AbstractPollingIoAcceptor.access$400(AbstractPollingIoAcceptor.java:71)
	at org.apache.mina.core.polling.AbstractPollingIoAcceptor$Acceptor.run(AbstractPollingIoAcceptor.java:459)
	at org.apache.mina.util.NamePreservingRunnable.run(NamePreservingRunnable.java:64)
	at java.util.concurrent.ThreadPoolExecutor.runWorker(ThreadPoolExecutor.java:1142)
	at java.util.concurrent.ThreadPoolExecutor$Worker.run(ThreadPoolExecutor.java:617)
	at java.lang.Thread.run(Thread.java:745)
[16:25:51] ERROR [com.krish.ead.server.EADServer] - Failed to start the service.
org.apache.directory.api.ldap.model.exception.LdapConfigurationException: ERR_171 Failed to bind an LDAP service (10,389) to the service registry.
	at org.apache.directory.server.ldap.LdapServer.startNetwork(LdapServer.java:695)
	at org.apache.directory.server.ldap.LdapServer.start(LdapServer.java:547)
	at com.krish.ead.server.EmbeddedADSVerM23.startServer(EmbeddedADSVerM23.java:292)
	at com.krish.ead.server.EADServer.start(EADServer.java:105)
	at com.krish.ead.server.EADServer.main(EADServer.java:49)
Caused by: java.io.IOException: Error while binding on 0.0.0.0/0.0.0.0:10389
original message : Address already in use
	at org.apache.mina.transport.socket.nio.NioSocketAcceptor.open(NioSocketAcceptor.java:238)
	at org.apache.mina.transport.socket.nio.NioSocketAcceptor.open(NioSocketAcceptor.java:51)
	at org.apache.mina.core.polling.AbstractPollingIoAcceptor.registerHandles(AbstractPollingIoAcceptor.java:585)
	at org.apache.mina.core.polling.AbstractPollingIoAcceptor.access$400(AbstractPollingIoAcceptor.java:71)
	at org.apache.mina.core.polling.AbstractPollingIoAcceptor$Acceptor.run(AbstractPollingIoAcceptor.java:459)
	at org.apache.mina.util.NamePreservingRunnable.run(NamePreservingRunnable.java:64)
	at java.util.concurrent.ThreadPoolExecutor.runWorker(ThreadPoolExecutor.java:1142)
	at java.util.concurrent.ThreadPoolExecutor$Worker.run(ThreadPoolExecutor.java:617)
	at java.lang.Thread.run(Thread.java:745)
[16:26:21] WARN [org.apache.directory.server.core.DefaultDirectoryService] - You didn't change the admin password of directory service instance 'null'.  Please update the admin password as soon as possible to prevent a possible security breach.
[16:26:21] WARN [org.apache.directory.api.ldap.model.schema.registries.DefaultSchemaObjectRegistry] - ERR_04271 ATTRIBUTE_TYPE with name member already registered!
[16:26:21] WARN [org.apache.directory.server.core.normalization.NormalizationInterceptor] - The Rdn 'dc=jpmis' is not present in the entry
[16:26:34] ERROR [org.apache.directory.server.core.authn.AbstractAuthenticator] - ERR_6 Authentication error : Attempt to lookup non-existant entry: cn=krish,ou=users,dc=jpmis,dc=com
[16:26:34] ERROR [org.apache.directory.server.core.authn.AbstractAuthenticator] - ERR_6 Authentication error : Attempt to lookup non-existant entry: cn=krish,ou=users,dc=jpmis,dc=com
[16:34:12] WARN [org.apache.directory.server.core.DefaultDirectoryService] - You didn't change the admin password of directory service instance 'null'.  Please update the admin password as soon as possible to prevent a possible security breach.
[16:34:13] WARN [org.apache.directory.api.ldap.model.schema.registries.DefaultSchemaObjectRegistry] - ERR_04271 ATTRIBUTE_TYPE with name member already registered!
[16:34:13] WARN [org.apache.directory.server.core.normalization.NormalizationInterceptor] - The Rdn 'dc=jpmis' is not present in the entry
[16:50:08] WARN [org.apache.directory.server.core.DefaultDirectoryService] - You didn't change the admin password of directory service instance 'null'.  Please update the admin password as soon as possible to prevent a possible security breach.
[16:50:08] WARN [org.apache.directory.api.ldap.model.schema.registries.DefaultSchemaObjectRegistry] - ERR_04271 ATTRIBUTE_TYPE with name member already registered!
[16:50:08] WARN [org.apache.directory.server.core.normalization.NormalizationInterceptor] - The Rdn 'dc=jpmis' is not present in the entry
[17:35:33] WARN [org.apache.directory.server.core.DefaultDirectoryService] - You didn't change the admin password of directory service instance 'null'.  Please update the admin password as soon as possible to prevent a possible security breach.
[17:35:34] WARN [org.apache.directory.api.ldap.model.schema.registries.DefaultSchemaObjectRegistry] - ERR_04271 ATTRIBUTE_TYPE with name member already registered!
[17:35:34] WARN [org.apache.directory.server.core.normalization.NormalizationInterceptor] - The Rdn 'dc=jpmis' is not present in the entry
[17:37:23] WARN [org.apache.directory.server.core.DefaultDirectoryService] - You didn't change the admin password of directory service instance 'null'.  Please update the admin password as soon as possible to prevent a possible security breach.
[17:37:23] WARN [org.apache.directory.api.ldap.model.schema.registries.DefaultSchemaObjectRegistry] - ERR_04271 ATTRIBUTE_TYPE with name member already registered!
[17:37:24] WARN [org.apache.directory.server.core.normalization.NormalizationInterceptor] - The Rdn 'dc=jpmis' is not present in the entry
[17:37:24] ERROR [org.apache.directory.server.ldap.LdapServer] - ERR_171 Failed to bind an LDAP service (10,389) to the service registry.
java.io.IOException: Error while binding on 0.0.0.0/0.0.0.0:10389
original message : Address already in use
	at org.apache.mina.transport.socket.nio.NioSocketAcceptor.open(NioSocketAcceptor.java:238)
	at org.apache.mina.transport.socket.nio.NioSocketAcceptor.open(NioSocketAcceptor.java:51)
	at org.apache.mina.core.polling.AbstractPollingIoAcceptor.registerHandles(AbstractPollingIoAcceptor.java:585)
	at org.apache.mina.core.polling.AbstractPollingIoAcceptor.access$400(AbstractPollingIoAcceptor.java:71)
	at org.apache.mina.core.polling.AbstractPollingIoAcceptor$Acceptor.run(AbstractPollingIoAcceptor.java:459)
	at org.apache.mina.util.NamePreservingRunnable.run(NamePreservingRunnable.java:64)
	at java.util.concurrent.ThreadPoolExecutor.runWorker(ThreadPoolExecutor.java:1142)
	at java.util.concurrent.ThreadPoolExecutor$Worker.run(ThreadPoolExecutor.java:617)
	at java.lang.Thread.run(Thread.java:745)
[17:37:24] ERROR [com.krish.ead.server.EADServer] - Failed to start the service.
org.apache.directory.api.ldap.model.exception.LdapConfigurationException: ERR_171 Failed to bind an LDAP service (10,389) to the service registry.
	at org.apache.directory.server.ldap.LdapServer.startNetwork(LdapServer.java:695)
	at org.apache.directory.server.ldap.LdapServer.start(LdapServer.java:547)
	at com.krish.ead.server.EmbeddedADSVerM23.startServer(EmbeddedADSVerM23.java:292)
	at com.krish.ead.server.EADServer.start(EADServer.java:106)
	at com.krish.ead.server.EADServer.main(EADServer.java:49)
Caused by: java.io.IOException: Error while binding on 0.0.0.0/0.0.0.0:10389
original message : Address already in use
	at org.apache.mina.transport.socket.nio.NioSocketAcceptor.open(NioSocketAcceptor.java:238)
	at org.apache.mina.transport.socket.nio.NioSocketAcceptor.open(NioSocketAcceptor.java:51)
	at org.apache.mina.core.polling.AbstractPollingIoAcceptor.registerHandles(AbstractPollingIoAcceptor.java:585)
	at org.apache.mina.core.polling.AbstractPollingIoAcceptor.access$400(AbstractPollingIoAcceptor.java:71)
	at org.apache.mina.core.polling.AbstractPollingIoAcceptor$Acceptor.run(AbstractPollingIoAcceptor.java:459)
	at org.apache.mina.util.NamePreservingRunnable.run(NamePreservingRunnable.java:64)
	at java.util.concurrent.ThreadPoolExecutor.runWorker(ThreadPoolExecutor.java:1142)
	at java.util.concurrent.ThreadPoolExecutor$Worker.run(ThreadPoolExecutor.java:617)
	at java.lang.Thread.run(Thread.java:745)
[17:38:49] WARN [org.apache.directory.server.core.DefaultDirectoryService] - You didn't change the admin password of directory service instance 'null'.  Please update the admin password as soon as possible to prevent a possible security breach.
[17:38:49] WARN [org.apache.directory.api.ldap.model.schema.registries.DefaultSchemaObjectRegistry] - ERR_04271 ATTRIBUTE_TYPE with name member already registered!
[17:38:49] WARN [org.apache.directory.server.core.normalization.NormalizationInterceptor] - The Rdn 'dc=jpmis' is not present in the entry
[17:53:08] WARN [org.apache.directory.server.core.DefaultDirectoryService] - You didn't change the admin password of directory service instance 'null'.  Please update the admin password as soon as possible to prevent a possible security breach.
[17:53:08] WARN [org.apache.directory.api.ldap.model.schema.registries.DefaultSchemaObjectRegistry] - ERR_04271 ATTRIBUTE_TYPE with name member already registered!
[17:53:08] WARN [org.apache.directory.server.core.normalization.NormalizationInterceptor] - The Rdn 'dc=jpmis' is not present in the entry
[18:04:10] WARN [org.apache.directory.server.core.DefaultDirectoryService] - You didn't change the admin password of directory service instance 'null'.  Please update the admin password as soon as possible to prevent a possible security breach.
[18:04:10] WARN [org.apache.directory.api.ldap.model.schema.registries.DefaultSchemaObjectRegistry] - ERR_04271 ATTRIBUTE_TYPE with name member already registered!
[18:04:10] WARN [org.apache.directory.server.core.normalization.NormalizationInterceptor] - The Rdn 'dc=jpmis' is not present in the entry
[18:23:28] WARN [org.apache.directory.server.core.DefaultDirectoryService] - You didn't change the admin password of directory service instance 'null'.  Please update the admin password as soon as possible to prevent a possible security breach.
[18:23:29] WARN [org.apache.directory.api.ldap.model.schema.registries.DefaultSchemaObjectRegistry] - ERR_04271 ATTRIBUTE_TYPE with name member already registered!
[18:23:29] WARN [org.apache.directory.server.core.normalization.NormalizationInterceptor] - The Rdn 'dc=jpmis' is not present in the entry
[18:28:27] WARN [org.apache.directory.server.core.DefaultDirectoryService] - You didn't change the admin password of directory service instance 'null'.  Please update the admin password as soon as possible to prevent a possible security breach.
[18:28:27] WARN [org.apache.directory.api.ldap.model.schema.registries.DefaultSchemaObjectRegistry] - ERR_04271 ATTRIBUTE_TYPE with name member already registered!
[18:28:27] WARN [org.apache.directory.server.core.normalization.NormalizationInterceptor] - The Rdn 'dc=jpmis' is not present in the entry
[19:34:30] WARN [org.apache.directory.server.core.DefaultDirectoryService] - You didn't change the admin password of directory service instance 'null'.  Please update the admin password as soon as possible to prevent a possible security breach.
[19:34:30] WARN [org.apache.directory.api.ldap.model.schema.registries.DefaultSchemaObjectRegistry] - ERR_04271 ATTRIBUTE_TYPE with name member already registered!
[19:34:30] WARN [org.apache.directory.server.core.normalization.NormalizationInterceptor] - The Rdn 'dc=jpmis' is not present in the entry
[19:34:30] ERROR [org.apache.directory.server.ldap.LdapServer] - ERR_171 Failed to bind an LDAP service (10,389) to the service registry.
java.io.IOException: Error while binding on 0.0.0.0/0.0.0.0:10389
original message : Address already in use
	at org.apache.mina.transport.socket.nio.NioSocketAcceptor.open(NioSocketAcceptor.java:238)
	at org.apache.mina.transport.socket.nio.NioSocketAcceptor.open(NioSocketAcceptor.java:51)
	at org.apache.mina.core.polling.AbstractPollingIoAcceptor.registerHandles(AbstractPollingIoAcceptor.java:585)
	at org.apache.mina.core.polling.AbstractPollingIoAcceptor.access$400(AbstractPollingIoAcceptor.java:71)
	at org.apache.mina.core.polling.AbstractPollingIoAcceptor$Acceptor.run(AbstractPollingIoAcceptor.java:459)
	at org.apache.mina.util.NamePreservingRunnable.run(NamePreservingRunnable.java:64)
	at java.util.concurrent.ThreadPoolExecutor.runWorker(ThreadPoolExecutor.java:1142)
	at java.util.concurrent.ThreadPoolExecutor$Worker.run(ThreadPoolExecutor.java:617)
	at java.lang.Thread.run(Thread.java:745)
[19:34:30] ERROR [com.krish.ead.server.EADServer] - Failed to start the service.
org.apache.directory.api.ldap.model.exception.LdapConfigurationException: ERR_171 Failed to bind an LDAP service (10,389) to the service registry.
	at org.apache.directory.server.ldap.LdapServer.startNetwork(LdapServer.java:695)
	at org.apache.directory.server.ldap.LdapServer.start(LdapServer.java:547)
	at com.krish.ead.server.EmbeddedADSVerM23.startServer(EmbeddedADSVerM23.java:292)
	at com.krish.ead.server.EADServer.start(EADServer.java:106)
	at com.krish.ead.server.EadIntegrationTest.setUp(EadIntegrationTest.java:17)
	at sun.reflect.NativeMethodAccessorImpl.invoke0(Native Method)
	at sun.reflect.NativeMethodAccessorImpl.invoke(NativeMethodAccessorImpl.java:62)
	at sun.reflect.DelegatingMethodAccessorImpl.invoke(DelegatingMethodAccessorImpl.java:43)
	at java.lang.reflect.Method.invoke(Method.java:498)
	at org.junit.runners.model.FrameworkMethod$1.runReflectiveCall(FrameworkMethod.java:50)
	at org.junit.internal.runners.model.ReflectiveCallable.run(ReflectiveCallable.java:12)
	at org.junit.runners.model.FrameworkMethod.invokeExplosively(FrameworkMethod.java:47)
	at org.junit.internal.runners.statements.RunBefores.evaluate(RunBefores.java:24)
	at org.junit.runners.ParentRunner.runLeaf(ParentRunner.java:325)
	at org.junit.runners.BlockJUnit4ClassRunner.runChild(BlockJUnit4ClassRunner.java:78)
	at org.junit.runners.BlockJUnit4ClassRunner.runChild(BlockJUnit4ClassRunner.java:57)
	at org.junit.runners.ParentRunner$3.run(ParentRunner.java:290)
	at org.junit.runners.ParentRunner$1.schedule(ParentRunner.java:71)
	at org.junit.runners.ParentRunner.runChildren(ParentRunner.java:288)
	at org.junit.runners.ParentRunner.access$000(ParentRunner.java:58)
	at org.junit.runners.ParentRunner$2.evaluate(ParentRunner.java:268)
	at org.junit.runners.ParentRunner.run(ParentRunner.java:363)
	at org.apache.maven.surefire.junit4.JUnit4Provider.execute(JUnit4Provider.java:252)
	at org.apache.maven.surefire.junit4.JUnit4Provider.executeTestSet(JUnit4Provider.java:141)
	at org.apache.maven.surefire.junit4.JUnit4Provider.invoke(JUnit4Provider.java:112)
	at sun.reflect.NativeMethodAccessorImpl.invoke0(Native Method)
	at sun.reflect.NativeMethodAccessorImpl.invoke(NativeMethodAccessorImpl.java:62)
	at sun.reflect.DelegatingMethodAccessorImpl.invoke(DelegatingMethodAccessorImpl.java:43)
	at java.lang.reflect.Method.invoke(Method.java:498)
	at org.apache.maven.surefire.util.ReflectionUtils.invokeMethodWithArray(ReflectionUtils.java:189)
	at org.apache.maven.surefire.booter.ProviderFactory$ProviderProxy.invoke(ProviderFactory.java:165)
	at org.apache.maven.surefire.booter.ProviderFactory.invokeProvider(ProviderFactory.java:85)
	at org.apache.maven.surefire.booter.ForkedBooter.runSuitesInProcess(ForkedBooter.java:115)
	at org.apache.maven.surefire.booter.ForkedBooter.main(ForkedBooter.java:75)
Caused by: java.io.IOException: Error while binding on 0.0.0.0/0.0.0.0:10389
original message : Address already in use
	at org.apache.mina.transport.socket.nio.NioSocketAcceptor.open(NioSocketAcceptor.java:238)
	at org.apache.mina.transport.socket.nio.NioSocketAcceptor.open(NioSocketAcceptor.java:51)
	at org.apache.mina.core.polling.AbstractPollingIoAcceptor.registerHandles(AbstractPollingIoAcceptor.java:585)
	at org.apache.mina.core.polling.AbstractPollingIoAcceptor.access$400(AbstractPollingIoAcceptor.java:71)
	at org.apache.mina.core.polling.AbstractPollingIoAcceptor$Acceptor.run(AbstractPollingIoAcceptor.java:459)
	at org.apache.mina.util.NamePreservingRunnable.run(NamePreservingRunnable.java:64)
	at java.util.concurrent.ThreadPoolExecutor.runWorker(ThreadPoolExecutor.java:1142)
	at java.util.concurrent.ThreadPoolExecutor$Worker.run(ThreadPoolExecutor.java:617)
	at java.lang.Thread.run(Thread.java:745)
[19:35:10] WARN [org.apache.directory.server.core.DefaultDirectoryService] - You didn't change the admin password of directory service instance 'null'.  Please update the admin password as soon as possible to prevent a possible security breach.
[19:35:10] WARN [org.apache.directory.api.ldap.model.schema.registries.DefaultSchemaObjectRegistry] - ERR_04271 ATTRIBUTE_TYPE with name member already registered!
[19:35:10] WARN [org.apache.directory.server.core.normalization.NormalizationInterceptor] - The Rdn 'dc=jpmis' is not present in the entry
[19:39:48] WARN [org.apache.directory.server.core.DefaultDirectoryService] - You didn't change the admin password of directory service instance 'null'.  Please update the admin password as soon as possible to prevent a possible security breach.
[19:39:48] WARN [org.apache.directory.api.ldap.model.schema.registries.DefaultSchemaObjectRegistry] - ERR_04271 ATTRIBUTE_TYPE with name member already registered!
[19:39:48] WARN [org.apache.directory.server.core.normalization.NormalizationInterceptor] - The Rdn 'dc=jpmis' is not present in the entry
[19:40:34] WARN [org.apache.directory.server.core.DefaultDirectoryService] - You didn't change the admin password of directory service instance 'null'.  Please update the admin password as soon as possible to prevent a possible security breach.
[19:40:34] WARN [org.apache.directory.api.ldap.model.schema.registries.DefaultSchemaObjectRegistry] - ERR_04271 ATTRIBUTE_TYPE with name member already registered!
[19:40:34] WARN [org.apache.directory.server.core.normalization.NormalizationInterceptor] - The Rdn 'dc=jpmis' is not present in the entry
[19:42:39] WARN [org.apache.directory.server.core.DefaultDirectoryService] - You didn't change the admin password of directory service instance 'null'.  Please update the admin password as soon as possible to prevent a possible security breach.
[19:42:40] WARN [org.apache.directory.api.ldap.model.schema.registries.DefaultSchemaObjectRegistry] - ERR_04271 ATTRIBUTE_TYPE with name member already registered!
[19:42:40] WARN [org.apache.directory.server.core.normalization.NormalizationInterceptor] - The Rdn 'dc=jpmis' is not present in the entry
[19:42:40] ERROR [org.apache.directory.server.ldap.LdapServer] - ERR_171 Failed to bind an LDAP service (10,389) to the service registry.
java.io.IOException: Error while binding on 0.0.0.0/0.0.0.0:10389
original message : Address already in use
	at org.apache.mina.transport.socket.nio.NioSocketAcceptor.open(NioSocketAcceptor.java:238)
	at org.apache.mina.transport.socket.nio.NioSocketAcceptor.open(NioSocketAcceptor.java:51)
	at org.apache.mina.core.polling.AbstractPollingIoAcceptor.registerHandles(AbstractPollingIoAcceptor.java:585)
	at org.apache.mina.core.polling.AbstractPollingIoAcceptor.access$400(AbstractPollingIoAcceptor.java:71)
	at org.apache.mina.core.polling.AbstractPollingIoAcceptor$Acceptor.run(AbstractPollingIoAcceptor.java:459)
	at org.apache.mina.util.NamePreservingRunnable.run(NamePreservingRunnable.java:64)
	at java.util.concurrent.ThreadPoolExecutor.runWorker(ThreadPoolExecutor.java:1142)
	at java.util.concurrent.ThreadPoolExecutor$Worker.run(ThreadPoolExecutor.java:617)
	at java.lang.Thread.run(Thread.java:745)
[19:42:40] ERROR [com.krish.ead.server.EADServer] - Failed to start the service.
org.apache.directory.api.ldap.model.exception.LdapConfigurationException: ERR_171 Failed to bind an LDAP service (10,389) to the service registry.
	at org.apache.directory.server.ldap.LdapServer.startNetwork(LdapServer.java:695)
	at org.apache.directory.server.ldap.LdapServer.start(LdapServer.java:547)
	at com.krish.ead.server.EmbeddedADSVerM23.startServer(EmbeddedADSVerM23.java:292)
	at com.krish.ead.server.EADServer.start(EADServer.java:106)
	at com.krish.ead.server.EADServer.main(EADServer.java:49)
Caused by: java.io.IOException: Error while binding on 0.0.0.0/0.0.0.0:10389
original message : Address already in use
	at org.apache.mina.transport.socket.nio.NioSocketAcceptor.open(NioSocketAcceptor.java:238)
	at org.apache.mina.transport.socket.nio.NioSocketAcceptor.open(NioSocketAcceptor.java:51)
	at org.apache.mina.core.polling.AbstractPollingIoAcceptor.registerHandles(AbstractPollingIoAcceptor.java:585)
	at org.apache.mina.core.polling.AbstractPollingIoAcceptor.access$400(AbstractPollingIoAcceptor.java:71)
	at org.apache.mina.core.polling.AbstractPollingIoAcceptor$Acceptor.run(AbstractPollingIoAcceptor.java:459)
	at org.apache.mina.util.NamePreservingRunnable.run(NamePreservingRunnable.java:64)
	at java.util.concurrent.ThreadPoolExecutor.runWorker(ThreadPoolExecutor.java:1142)
	at java.util.concurrent.ThreadPoolExecutor$Worker.run(ThreadPoolExecutor.java:617)
	at java.lang.Thread.run(Thread.java:745)
[19:42:53] WARN [org.apache.directory.server.core.DefaultDirectoryService] - You didn't change the admin password of directory service instance 'null'.  Please update the admin password as soon as possible to prevent a possible security breach.
[19:42:53] WARN [org.apache.directory.api.ldap.model.schema.registries.DefaultSchemaObjectRegistry] - ERR_04271 ATTRIBUTE_TYPE with name member already registered!
[19:42:53] WARN [org.apache.directory.server.core.normalization.NormalizationInterceptor] - The Rdn 'dc=jpmis' is not present in the entry
[21:06:51] WARN [org.apache.directory.server.core.DefaultDirectoryService] - You didn't change the admin password of directory service instance 'null'.  Please update the admin password as soon as possible to prevent a possible security breach.
[21:06:51] WARN [org.apache.directory.api.ldap.model.schema.registries.DefaultSchemaObjectRegistry] - ERR_04271 ATTRIBUTE_TYPE with name member already registered!
[21:06:52] WARN [org.apache.directory.server.core.normalization.NormalizationInterceptor] - The Rdn 'dc=jpmis' is not present in the entry
[21:06:52] ERROR [org.apache.directory.server.ldap.LdapServer] - ERR_171 Failed to bind an LDAP service (10,389) to the service registry.
java.io.IOException: Error while binding on 0.0.0.0/0.0.0.0:10389
original message : Address already in use
	at org.apache.mina.transport.socket.nio.NioSocketAcceptor.open(NioSocketAcceptor.java:238)
	at org.apache.mina.transport.socket.nio.NioSocketAcceptor.open(NioSocketAcceptor.java:51)
	at org.apache.mina.core.polling.AbstractPollingIoAcceptor.registerHandles(AbstractPollingIoAcceptor.java:585)
	at org.apache.mina.core.polling.AbstractPollingIoAcceptor.access$400(AbstractPollingIoAcceptor.java:71)
	at org.apache.mina.core.polling.AbstractPollingIoAcceptor$Acceptor.run(AbstractPollingIoAcceptor.java:459)
	at org.apache.mina.util.NamePreservingRunnable.run(NamePreservingRunnable.java:64)
	at java.util.concurrent.ThreadPoolExecutor.runWorker(ThreadPoolExecutor.java:1142)
	at java.util.concurrent.ThreadPoolExecutor$Worker.run(ThreadPoolExecutor.java:617)
	at java.lang.Thread.run(Thread.java:745)
[21:06:52] ERROR [com.krish.ead.server.EADServer] - Failed to start the service.
org.apache.directory.api.ldap.model.exception.LdapConfigurationException: ERR_171 Failed to bind an LDAP service (10,389) to the service registry.
	at org.apache.directory.server.ldap.LdapServer.startNetwork(LdapServer.java:695)
	at org.apache.directory.server.ldap.LdapServer.start(LdapServer.java:547)
	at com.krish.ead.server.EmbeddedADSVerM23.startServer(EmbeddedADSVerM23.java:295)
	at com.krish.ead.server.EADServer.start(EADServer.java:106)
	at com.krish.ead.server.EadIntegrationTest.setUp(EadIntegrationTest.java:17)
	at sun.reflect.NativeMethodAccessorImpl.invoke0(Native Method)
	at sun.reflect.NativeMethodAccessorImpl.invoke(NativeMethodAccessorImpl.java:62)
	at sun.reflect.DelegatingMethodAccessorImpl.invoke(DelegatingMethodAccessorImpl.java:43)
	at java.lang.reflect.Method.invoke(Method.java:498)
	at org.junit.runners.model.FrameworkMethod$1.runReflectiveCall(FrameworkMethod.java:50)
	at org.junit.internal.runners.model.ReflectiveCallable.run(ReflectiveCallable.java:12)
	at org.junit.runners.model.FrameworkMethod.invokeExplosively(FrameworkMethod.java:47)
	at org.junit.internal.runners.statements.RunBefores.evaluate(RunBefores.java:24)
	at org.junit.runners.ParentRunner.runLeaf(ParentRunner.java:325)
	at org.junit.runners.BlockJUnit4ClassRunner.runChild(BlockJUnit4ClassRunner.java:78)
	at org.junit.runners.BlockJUnit4ClassRunner.runChild(BlockJUnit4ClassRunner.java:57)
	at org.junit.runners.ParentRunner$3.run(ParentRunner.java:290)
	at org.junit.runners.ParentRunner$1.schedule(ParentRunner.java:71)
	at org.junit.runners.ParentRunner.runChildren(ParentRunner.java:288)
	at org.junit.runners.ParentRunner.access$000(ParentRunner.java:58)
	at org.junit.runners.ParentRunner$2.evaluate(ParentRunner.java:268)
	at org.junit.runners.ParentRunner.run(ParentRunner.java:363)
	at org.apache.maven.surefire.junit4.JUnit4Provider.execute(JUnit4Provider.java:252)
	at org.apache.maven.surefire.junit4.JUnit4Provider.executeTestSet(JUnit4Provider.java:141)
	at org.apache.maven.surefire.junit4.JUnit4Provider.invoke(JUnit4Provider.java:112)
	at sun.reflect.NativeMethodAccessorImpl.invoke0(Native Method)
	at sun.reflect.NativeMethodAccessorImpl.invoke(NativeMethodAccessorImpl.java:62)
	at sun.reflect.DelegatingMethodAccessorImpl.invoke(DelegatingMethodAccessorImpl.java:43)
	at java.lang.reflect.Method.invoke(Method.java:498)
	at org.apache.maven.surefire.util.ReflectionUtils.invokeMethodWithArray(ReflectionUtils.java:189)
	at org.apache.maven.surefire.booter.ProviderFactory$ProviderProxy.invoke(ProviderFactory.java:165)
	at org.apache.maven.surefire.booter.ProviderFactory.invokeProvider(ProviderFactory.java:85)
	at org.apache.maven.surefire.booter.ForkedBooter.runSuitesInProcess(ForkedBooter.java:115)
	at org.apache.maven.surefire.booter.ForkedBooter.main(ForkedBooter.java:75)
Caused by: java.io.IOException: Error while binding on 0.0.0.0/0.0.0.0:10389
original message : Address already in use
	at org.apache.mina.transport.socket.nio.NioSocketAcceptor.open(NioSocketAcceptor.java:238)
	at org.apache.mina.transport.socket.nio.NioSocketAcceptor.open(NioSocketAcceptor.java:51)
	at org.apache.mina.core.polling.AbstractPollingIoAcceptor.registerHandles(AbstractPollingIoAcceptor.java:585)
	at org.apache.mina.core.polling.AbstractPollingIoAcceptor.access$400(AbstractPollingIoAcceptor.java:71)
	at org.apache.mina.core.polling.AbstractPollingIoAcceptor$Acceptor.run(AbstractPollingIoAcceptor.java:459)
	at org.apache.mina.util.NamePreservingRunnable.run(NamePreservingRunnable.java:64)
	at java.util.concurrent.ThreadPoolExecutor.runWorker(ThreadPoolExecutor.java:1142)
	at java.util.concurrent.ThreadPoolExecutor$Worker.run(ThreadPoolExecutor.java:617)
	at java.lang.Thread.run(Thread.java:745)
[21:07:39] WARN [org.apache.directory.server.core.DefaultDirectoryService] - You didn't change the admin password of directory service instance 'null'.  Please update the admin password as soon as possible to prevent a possible security breach.
[21:07:40] WARN [org.apache.directory.api.ldap.model.schema.registries.DefaultSchemaObjectRegistry] - ERR_04271 ATTRIBUTE_TYPE with name member already registered!
[21:07:40] WARN [org.apache.directory.server.core.normalization.NormalizationInterceptor] - The Rdn 'dc=jpmis' is not present in the entry
[21:07:40] ERROR [org.apache.directory.server.ldap.LdapServer] - ERR_171 Failed to bind an LDAP service (10,389) to the service registry.
java.io.IOException: Error while binding on 0.0.0.0/0.0.0.0:10389
original message : Address already in use
	at org.apache.mina.transport.socket.nio.NioSocketAcceptor.open(NioSocketAcceptor.java:238)
	at org.apache.mina.transport.socket.nio.NioSocketAcceptor.open(NioSocketAcceptor.java:51)
	at org.apache.mina.core.polling.AbstractPollingIoAcceptor.registerHandles(AbstractPollingIoAcceptor.java:585)
	at org.apache.mina.core.polling.AbstractPollingIoAcceptor.access$400(AbstractPollingIoAcceptor.java:71)
	at org.apache.mina.core.polling.AbstractPollingIoAcceptor$Acceptor.run(AbstractPollingIoAcceptor.java:459)
	at org.apache.mina.util.NamePreservingRunnable.run(NamePreservingRunnable.java:64)
	at java.util.concurrent.ThreadPoolExecutor.runWorker(ThreadPoolExecutor.java:1142)
	at java.util.concurrent.ThreadPoolExecutor$Worker.run(ThreadPoolExecutor.java:617)
	at java.lang.Thread.run(Thread.java:745)
[21:07:40] ERROR [com.krish.ead.server.EADServer] - Failed to start the service.
org.apache.directory.api.ldap.model.exception.LdapConfigurationException: ERR_171 Failed to bind an LDAP service (10,389) to the service registry.
	at org.apache.directory.server.ldap.LdapServer.startNetwork(LdapServer.java:695)
	at org.apache.directory.server.ldap.LdapServer.start(LdapServer.java:547)
	at com.krish.ead.server.EmbeddedADSVerM23.startServer(EmbeddedADSVerM23.java:295)
	at com.krish.ead.server.EADServer.start(EADServer.java:106)
	at com.krish.ead.server.EadIntegrationTest.setUp(EadIntegrationTest.java:17)
	at sun.reflect.NativeMethodAccessorImpl.invoke0(Native Method)
	at sun.reflect.NativeMethodAccessorImpl.invoke(NativeMethodAccessorImpl.java:62)
	at sun.reflect.DelegatingMethodAccessorImpl.invoke(DelegatingMethodAccessorImpl.java:43)
	at java.lang.reflect.Method.invoke(Method.java:498)
	at org.junit.runners.model.FrameworkMethod$1.runReflectiveCall(FrameworkMethod.java:50)
	at org.junit.internal.runners.model.ReflectiveCallable.run(ReflectiveCallable.java:12)
	at org.junit.runners.model.FrameworkMethod.invokeExplosively(FrameworkMethod.java:47)
	at org.junit.internal.runners.statements.RunBefores.evaluate(RunBefores.java:24)
	at org.junit.runners.ParentRunner.runLeaf(ParentRunner.java:325)
	at org.junit.runners.BlockJUnit4ClassRunner.runChild(BlockJUnit4ClassRunner.java:78)
	at org.junit.runners.BlockJUnit4ClassRunner.runChild(BlockJUnit4ClassRunner.java:57)
	at org.junit.runners.ParentRunner$3.run(ParentRunner.java:290)
	at org.junit.runners.ParentRunner$1.schedule(ParentRunner.java:71)
	at org.junit.runners.ParentRunner.runChildren(ParentRunner.java:288)
	at org.junit.runners.ParentRunner.access$000(ParentRunner.java:58)
	at org.junit.runners.ParentRunner$2.evaluate(ParentRunner.java:268)
	at org.junit.runners.ParentRunner.run(ParentRunner.java:363)
	at org.apache.maven.surefire.junit4.JUnit4Provider.execute(JUnit4Provider.java:252)
	at org.apache.maven.surefire.junit4.JUnit4Provider.executeTestSet(JUnit4Provider.java:141)
	at org.apache.maven.surefire.junit4.JUnit4Provider.invoke(JUnit4Provider.java:112)
	at sun.reflect.NativeMethodAccessorImpl.invoke0(Native Method)
	at sun.reflect.NativeMethodAccessorImpl.invoke(NativeMethodAccessorImpl.java:62)
	at sun.reflect.DelegatingMethodAccessorImpl.invoke(DelegatingMethodAccessorImpl.java:43)
	at java.lang.reflect.Method.invoke(Method.java:498)
	at org.apache.maven.surefire.util.ReflectionUtils.invokeMethodWithArray(ReflectionUtils.java:189)
	at org.apache.maven.surefire.booter.ProviderFactory$ProviderProxy.invoke(ProviderFactory.java:165)
	at org.apache.maven.surefire.booter.ProviderFactory.invokeProvider(ProviderFactory.java:85)
	at org.apache.maven.surefire.booter.ForkedBooter.runSuitesInProcess(ForkedBooter.java:115)
	at org.apache.maven.surefire.booter.ForkedBooter.main(ForkedBooter.java:75)
Caused by: java.io.IOException: Error while binding on 0.0.0.0/0.0.0.0:10389
original message : Address already in use
	at org.apache.mina.transport.socket.nio.NioSocketAcceptor.open(NioSocketAcceptor.java:238)
	at org.apache.mina.transport.socket.nio.NioSocketAcceptor.open(NioSocketAcceptor.java:51)
	at org.apache.mina.core.polling.AbstractPollingIoAcceptor.registerHandles(AbstractPollingIoAcceptor.java:585)
	at org.apache.mina.core.polling.AbstractPollingIoAcceptor.access$400(AbstractPollingIoAcceptor.java:71)
	at org.apache.mina.core.polling.AbstractPollingIoAcceptor$Acceptor.run(AbstractPollingIoAcceptor.java:459)
	at org.apache.mina.util.NamePreservingRunnable.run(NamePreservingRunnable.java:64)
	at java.util.concurrent.ThreadPoolExecutor.runWorker(ThreadPoolExecutor.java:1142)
	at java.util.concurrent.ThreadPoolExecutor$Worker.run(ThreadPoolExecutor.java:617)
	at java.lang.Thread.run(Thread.java:745)
[21:08:10] WARN [org.apache.directory.server.core.DefaultDirectoryService] - You didn't change the admin password of directory service instance 'null'.  Please update the admin password as soon as possible to prevent a possible security breach.
[21:08:10] WARN [org.apache.directory.api.ldap.model.schema.registries.DefaultSchemaObjectRegistry] - ERR_04271 ATTRIBUTE_TYPE with name member already registered!
[21:08:10] WARN [org.apache.directory.server.core.normalization.NormalizationInterceptor] - The Rdn 'dc=jpmis' is not present in the entry
[21:09:55] WARN [org.apache.directory.server.core.DefaultDirectoryService] - You didn't change the admin password of directory service instance 'null'.  Please update the admin password as soon as possible to prevent a possible security breach.
[21:09:56] WARN [org.apache.directory.api.ldap.model.schema.registries.DefaultSchemaObjectRegistry] - ERR_04271 ATTRIBUTE_TYPE with name member already registered!
[21:09:56] WARN [org.apache.directory.server.core.normalization.NormalizationInterceptor] - The Rdn 'dc=jpmis' is not present in the entry
[21:21:58] WARN [org.apache.directory.server.core.DefaultDirectoryService] - You didn't change the admin password of directory service instance 'null'.  Please update the admin password as soon as possible to prevent a possible security breach.
[21:27:30] WARN [org.apache.directory.api.ldap.model.schema.registries.DefaultSchemaObjectRegistry] - ERR_04271 ATTRIBUTE_TYPE with name member already registered!
[21:27:30] WARN [org.apache.directory.server.core.normalization.NormalizationInterceptor] - The Rdn 'dc=jpmis' is not present in the entry
[21:35:26] WARN [org.apache.directory.server.core.DefaultDirectoryService] - You didn't change the admin password of directory service instance 'null'.  Please update the admin password as soon as possible to prevent a possible security breach.
[21:37:54] WARN [org.apache.directory.server.core.DefaultDirectoryService] - You didn't change the admin password of directory service instance 'null'.  Please update the admin password as soon as possible to prevent a possible security breach.
[21:37:54] WARN [org.apache.directory.api.ldap.model.schema.registries.DefaultSchemaObjectRegistry] - ERR_04271 ATTRIBUTE_TYPE with name member already registered!
[21:37:54] WARN [org.apache.directory.server.core.normalization.NormalizationInterceptor] - The Rdn 'dc=jpmis' is not present in the entry
[21:38:15] WARN [org.apache.directory.server.core.DefaultDirectoryService] - You didn't change the admin password of directory service instance 'null'.  Please update the admin password as soon as possible to prevent a possible security breach.
[21:38:15] WARN [org.apache.directory.api.ldap.model.schema.registries.DefaultSchemaObjectRegistry] - ERR_04271 ATTRIBUTE_TYPE with name member already registered!
[21:38:15] WARN [org.apache.directory.server.core.normalization.NormalizationInterceptor] - The Rdn 'dc=jpmis' is not present in the entry
[21:53:47] WARN [org.apache.directory.server.core.DefaultDirectoryService] - You didn't change the admin password of directory service instance 'null'.  Please update the admin password as soon as possible to prevent a possible security breach.
[21:54:03] WARN [org.apache.directory.server.core.DefaultDirectoryService] - You didn't change the admin password of directory service instance 'null'.  Please update the admin password as soon as possible to prevent a possible security breach.
[21:54:03] WARN [org.apache.directory.api.ldap.model.schema.registries.DefaultSchemaObjectRegistry] - ERR_04271 ATTRIBUTE_TYPE with name member already registered!
[21:54:04] WARN [org.apache.directory.server.core.normalization.NormalizationInterceptor] - The Rdn 'dc=jpmis' is not present in the entry
[22:16:49] WARN [org.apache.directory.server.core.DefaultDirectoryService] - You didn't change the admin password of directory service instance 'null'.  Please update the admin password as soon as possible to prevent a possible security breach.
[22:16:49] WARN [org.apache.directory.api.ldap.model.schema.registries.DefaultSchemaObjectRegistry] - ERR_04271 ATTRIBUTE_TYPE with name member already registered!
[22:16:50] WARN [org.apache.directory.server.core.normalization.NormalizationInterceptor] - The Rdn 'dc=jpmis' is not present in the entry
[22:21:02] WARN [org.apache.directory.server.core.DefaultDirectoryService] - You didn't change the admin password of directory service instance 'null'.  Please update the admin password as soon as possible to prevent a possible security breach.
[22:21:02] ERROR [org.apache.directory.server.protocol.shared.store.LdifFileLoader] - ERR_173 LDIF file does not exist.
[22:21:02] WARN [org.apache.directory.server.core.normalization.NormalizationInterceptor] - The Rdn 'dc=jpmis' is not present in the entry
[22:21:02] ERROR [org.apache.directory.api.ldap.model.ldif.LdifAttributesReader] - 
[22:21:02] ERROR [org.apache.directory.api.ldap.model.ldif.LdifAttributesReader] - ERR_12008_CANNOT_PARSE_LDIF_BUFFER Cannot parse the ldif buffer : 
[22:28:22] WARN [org.apache.directory.server.core.DefaultDirectoryService] - You didn't change the admin password of directory service instance 'null'.  Please update the admin password as soon as possible to prevent a possible security breach.
[22:30:48] WARN [org.apache.directory.server.core.DefaultDirectoryService] - You didn't change the admin password of directory service instance 'null'.  Please update the admin password as soon as possible to prevent a possible security breach.
[22:30:48] WARN [org.apache.directory.api.ldap.model.ldif.LdifReader] - The ldif file is empty
[22:30:48] WARN [org.apache.directory.server.core.normalization.NormalizationInterceptor] - The Rdn 'dc=jpmis' is not present in the entry
[22:30:48] ERROR [org.apache.directory.api.ldap.model.ldif.LdifAttributesReader] - 
[22:30:48] ERROR [org.apache.directory.api.ldap.model.ldif.LdifAttributesReader] - ERR_12008_CANNOT_PARSE_LDIF_BUFFER Cannot parse the ldif buffer : 
[22:31:09] WARN [org.apache.directory.server.core.DefaultDirectoryService] - You didn't change the admin password of directory service instance 'null'.  Please update the admin password as soon as possible to prevent a possible security breach.
[22:35:49] WARN [org.apache.directory.server.core.DefaultDirectoryService] - You didn't change the admin password of directory service instance 'null'.  Please update the admin password as soon as possible to prevent a possible security breach.
[22:35:49] WARN [org.apache.directory.api.ldap.model.schema.registries.DefaultSchemaObjectRegistry] - ERR_04271 ATTRIBUTE_TYPE with name member already registered!
[22:35:49] WARN [org.apache.directory.server.core.normalization.NormalizationInterceptor] - The Rdn 'dc=jpmis' is not present in the entry
[22:35:50] ERROR [org.apache.directory.server.ldap.LdapServer] - ERR_171 Failed to bind an LDAP service (10,389) to the service registry.
java.io.IOException: Error while binding on 0.0.0.0/0.0.0.0:10389
original message : Address already in use
	at org.apache.mina.transport.socket.nio.NioSocketAcceptor.open(NioSocketAcceptor.java:238)
	at org.apache.mina.transport.socket.nio.NioSocketAcceptor.open(NioSocketAcceptor.java:51)
	at org.apache.mina.core.polling.AbstractPollingIoAcceptor.registerHandles(AbstractPollingIoAcceptor.java:585)
	at org.apache.mina.core.polling.AbstractPollingIoAcceptor.access$400(AbstractPollingIoAcceptor.java:71)
	at org.apache.mina.core.polling.AbstractPollingIoAcceptor$Acceptor.run(AbstractPollingIoAcceptor.java:459)
	at org.apache.mina.util.NamePreservingRunnable.run(NamePreservingRunnable.java:64)
	at java.util.concurrent.ThreadPoolExecutor.runWorker(ThreadPoolExecutor.java:1142)
	at java.util.concurrent.ThreadPoolExecutor$Worker.run(ThreadPoolExecutor.java:617)
	at java.lang.Thread.run(Thread.java:745)
[22:36:17] WARN [org.apache.directory.server.core.DefaultDirectoryService] - You didn't change the admin password of directory service instance 'null'.  Please update the admin password as soon as possible to prevent a possible security breach.
[22:36:18] WARN [org.apache.directory.api.ldap.model.schema.registries.DefaultSchemaObjectRegistry] - ERR_04271 ATTRIBUTE_TYPE with name member already registered!
[22:36:18] WARN [org.apache.directory.server.core.normalization.NormalizationInterceptor] - The Rdn 'dc=jpmis' is not present in the entry
[22:36:44] WARN [org.apache.directory.server.core.DefaultDirectoryService] - You didn't change the admin password of directory service instance 'null'.  Please update the admin password as soon as possible to prevent a possible security breach.
[22:36:44] WARN [org.apache.directory.api.ldap.model.schema.registries.DefaultSchemaObjectRegistry] - ERR_04271 ATTRIBUTE_TYPE with name member already registered!
[22:36:45] WARN [org.apache.directory.server.core.normalization.NormalizationInterceptor] - The Rdn 'dc=jpmis' is not present in the entry
