[21:28:01] INFO [com.krish.directory.service.DefaultGroupMappingService] - The users for the group ND-POC-ENG are []
[21:29:01] INFO [com.krish.security.hadoop.impl.LdapGroupsMapping] - Trying to get users for group ND-POC-ENG for NAEAST
[21:29:01] WARN [com.krish.security.hadoop.impl.LdapGroupsMapping] - Connection is closed, will try to reconnect for NAEAST LDAP URLldap://localhost:10689
[21:29:01] WARN [com.krish.security.hadoop.impl.LdapGroupsMapping] - Connection being closed, reconnecting failed, retryCount = 1
[21:29:01] WARN [com.krish.security.hadoop.impl.LdapGroupsMapping] - Connection being closed, reconnecting failed, retryCount = 2
[21:29:01] WARN [com.krish.security.hadoop.impl.LdapGroupsMapping] - Connection being closed, reconnecting failed, retryCount = 3
[21:29:01] INFO [com.krish.directory.service.DefaultGroupMappingService] - The users for the group ND-POC-ENG are []
[21:30:01] INFO [com.krish.security.hadoop.impl.LdapGroupsMapping] - Trying to get users for group ND-POC-ENG for NAEAST
[21:30:01] WARN [com.krish.security.hadoop.impl.LdapGroupsMapping] - Connection is closed, will try to reconnect for NAEAST LDAP URLldap://localhost:10689
[21:30:01] WARN [com.krish.security.hadoop.impl.LdapGroupsMapping] - Connection being closed, reconnecting failed, retryCount = 1
[21:30:01] WARN [com.krish.security.hadoop.impl.LdapGroupsMapping] - Connection being closed, reconnecting failed, retryCount = 2
[21:30:01] WARN [com.krish.security.hadoop.impl.LdapGroupsMapping] - Connection being closed, reconnecting failed, retryCount = 3
[21:30:01] INFO [com.krish.directory.service.DefaultGroupMappingService] - The users for the group ND-POC-ENG are []
[21:31:01] INFO [com.krish.security.hadoop.impl.LdapGroupsMapping] - Trying to get users for group ND-POC-ENG for NAEAST
[21:31:01] WARN [com.krish.security.hadoop.impl.LdapGroupsMapping] - Connection is closed, will try to reconnect for NAEAST LDAP URLldap://localhost:10689
[21:31:01] WARN [com.krish.security.hadoop.impl.LdapGroupsMapping] - Connection being closed, reconnecting failed, retryCount = 1
[21:31:01] WARN [com.krish.security.hadoop.impl.LdapGroupsMapping] - Connection being closed, reconnecting failed, retryCount = 2
[21:31:01] WARN [com.krish.security.hadoop.impl.LdapGroupsMapping] - Connection being closed, reconnecting failed, retryCount = 3
[21:31:01] INFO [com.krish.directory.service.DefaultGroupMappingService] - The users for the group ND-POC-ENG are []
[21:32:01] INFO [com.krish.security.hadoop.impl.LdapGroupsMapping] - Trying to get users for group ND-POC-ENG for NAEAST
[21:32:01] WARN [com.krish.security.hadoop.impl.LdapGroupsMapping] - Connection is closed, will try to reconnect for NAEAST LDAP URLldap://localhost:10689
[21:32:01] WARN [com.krish.security.hadoop.impl.LdapGroupsMapping] - Connection being closed, reconnecting failed, retryCount = 1
[21:32:01] WARN [com.krish.security.hadoop.impl.LdapGroupsMapping] - Connection being closed, reconnecting failed, retryCount = 2
[21:32:01] WARN [com.krish.security.hadoop.impl.LdapGroupsMapping] - Connection being closed, reconnecting failed, retryCount = 3
[21:32:01] INFO [com.krish.directory.service.DefaultGroupMappingService] - The users for the group ND-POC-ENG are []
[21:33:01] INFO [com.krish.security.hadoop.impl.LdapGroupsMapping] - Trying to get users for group ND-POC-ENG for NAEAST
[21:33:01] WARN [com.krish.security.hadoop.impl.LdapGroupsMapping] - Connection is closed, will try to reconnect for NAEAST LDAP URLldap://localhost:10689
[21:33:01] WARN [com.krish.security.hadoop.impl.LdapGroupsMapping] - Connection being closed, reconnecting failed, retryCount = 1
[21:33:01] WARN [com.krish.security.hadoop.impl.LdapGroupsMapping] - Connection being closed, reconnecting failed, retryCount = 2
[21:33:01] WARN [com.krish.security.hadoop.impl.LdapGroupsMapping] - Connection being closed, reconnecting failed, retryCount = 3
[21:33:01] INFO [com.krish.directory.service.DefaultGroupMappingService] - The users for the group ND-POC-ENG are []
[21:34:01] INFO [com.krish.security.hadoop.impl.LdapGroupsMapping] - Trying to get users for group ND-POC-ENG for NAEAST
[21:34:01] WARN [com.krish.security.hadoop.impl.LdapGroupsMapping] - Connection is closed, will try to reconnect for NAEAST LDAP URLldap://localhost:10689
[21:34:01] WARN [com.krish.security.hadoop.impl.LdapGroupsMapping] - Connection being closed, reconnecting failed, retryCount = 1
[21:34:01] WARN [com.krish.security.hadoop.impl.LdapGroupsMapping] - Connection being closed, reconnecting failed, retryCount = 2
[21:34:01] WARN [com.krish.security.hadoop.impl.LdapGroupsMapping] - Connection being closed, reconnecting failed, retryCount = 3
[21:34:01] INFO [com.krish.directory.service.DefaultGroupMappingService] - The users for the group ND-POC-ENG are []
[21:35:01] INFO [com.krish.security.hadoop.impl.LdapGroupsMapping] - Trying to get users for group ND-POC-ENG for NAEAST
[21:35:01] WARN [com.krish.security.hadoop.impl.LdapGroupsMapping] - Connection is closed, will try to reconnect for NAEAST LDAP URLldap://localhost:10689
[21:35:01] WARN [com.krish.security.hadoop.impl.LdapGroupsMapping] - Connection being closed, reconnecting failed, retryCount = 1
[21:35:01] WARN [com.krish.security.hadoop.impl.LdapGroupsMapping] - Connection being closed, reconnecting failed, retryCount = 2
[21:35:01] WARN [com.krish.security.hadoop.impl.LdapGroupsMapping] - Connection being closed, reconnecting failed, retryCount = 3
[21:35:01] INFO [com.krish.directory.service.DefaultGroupMappingService] - The users for the group ND-POC-ENG are []
[21:36:01] INFO [com.krish.security.hadoop.impl.LdapGroupsMapping] - Trying to get users for group ND-POC-ENG for NAEAST
[21:36:01] WARN [com.krish.security.hadoop.impl.LdapGroupsMapping] - Connection is closed, will try to reconnect for NAEAST LDAP URLldap://localhost:10689
[21:36:01] WARN [com.krish.security.hadoop.impl.LdapGroupsMapping] - Connection being closed, reconnecting failed, retryCount = 1
[21:36:01] WARN [com.krish.security.hadoop.impl.LdapGroupsMapping] - Connection being closed, reconnecting failed, retryCount = 2
[21:36:01] WARN [com.krish.security.hadoop.impl.LdapGroupsMapping] - Connection being closed, reconnecting failed, retryCount = 3
[21:36:01] INFO [com.krish.directory.service.DefaultGroupMappingService] - The users for the group ND-POC-ENG are []
[21:37:01] INFO [com.krish.security.hadoop.impl.LdapGroupsMapping] - Trying to get users for group ND-POC-ENG for NAEAST
[21:37:01] WARN [com.krish.security.hadoop.impl.LdapGroupsMapping] - Connection is closed, will try to reconnect for NAEAST LDAP URLldap://localhost:10689
[21:37:01] WARN [com.krish.security.hadoop.impl.LdapGroupsMapping] - Connection being closed, reconnecting failed, retryCount = 1
[21:37:01] WARN [com.krish.security.hadoop.impl.LdapGroupsMapping] - Connection being closed, reconnecting failed, retryCount = 2
[21:37:01] WARN [com.krish.security.hadoop.impl.LdapGroupsMapping] - Connection being closed, reconnecting failed, retryCount = 3
[21:37:01] INFO [com.krish.directory.service.DefaultGroupMappingService] - The users for the group ND-POC-ENG are []
[21:38:01] INFO [com.krish.security.hadoop.impl.LdapGroupsMapping] - Trying to get users for group ND-POC-ENG for NAEAST
[21:38:01] WARN [com.krish.security.hadoop.impl.LdapGroupsMapping] - Connection is closed, will try to reconnect for NAEAST LDAP URLldap://localhost:10689
[21:38:01] WARN [com.krish.security.hadoop.impl.LdapGroupsMapping] - Connection being closed, reconnecting failed, retryCount = 1
[21:38:01] WARN [com.krish.security.hadoop.impl.LdapGroupsMapping] - Connection being closed, reconnecting failed, retryCount = 2
[21:38:01] WARN [com.krish.security.hadoop.impl.LdapGroupsMapping] - Connection being closed, reconnecting failed, retryCount = 3
[21:38:01] INFO [com.krish.directory.service.DefaultGroupMappingService] - The users for the group ND-POC-ENG are []
[21:39:01] INFO [com.krish.security.hadoop.impl.LdapGroupsMapping] - Trying to get users for group ND-POC-ENG for NAEAST
[21:39:01] WARN [com.krish.security.hadoop.impl.LdapGroupsMapping] - Connection is closed, will try to reconnect for NAEAST LDAP URLldap://localhost:10689
[21:39:01] WARN [com.krish.security.hadoop.impl.LdapGroupsMapping] - Connection being closed, reconnecting failed, retryCount = 1
[21:39:01] WARN [com.krish.security.hadoop.impl.LdapGroupsMapping] - Connection being closed, reconnecting failed, retryCount = 2
[21:39:01] WARN [com.krish.security.hadoop.impl.LdapGroupsMapping] - Connection being closed, reconnecting failed, retryCount = 3
[21:39:01] INFO [com.krish.directory.service.DefaultGroupMappingService] - The users for the group ND-POC-ENG are []
[21:40:01] INFO [com.krish.security.hadoop.impl.LdapGroupsMapping] - Trying to get users for group ND-POC-ENG for NAEAST
[21:40:01] WARN [com.krish.security.hadoop.impl.LdapGroupsMapping] - Connection is closed, will try to reconnect for NAEAST LDAP URLldap://localhost:10689
[21:40:01] WARN [com.krish.security.hadoop.impl.LdapGroupsMapping] - Connection being closed, reconnecting failed, retryCount = 1
[21:40:01] WARN [com.krish.security.hadoop.impl.LdapGroupsMapping] - Connection being closed, reconnecting failed, retryCount = 2
[21:40:01] WARN [com.krish.security.hadoop.impl.LdapGroupsMapping] - Connection being closed, reconnecting failed, retryCount = 3
[21:40:01] INFO [com.krish.directory.service.DefaultGroupMappingService] - The users for the group ND-POC-ENG are []
[21:41:01] INFO [com.krish.security.hadoop.impl.LdapGroupsMapping] - Trying to get users for group ND-POC-ENG for NAEAST
[21:41:01] WARN [com.krish.security.hadoop.impl.LdapGroupsMapping] - Connection is closed, will try to reconnect for NAEAST LDAP URLldap://localhost:10689
[21:41:01] WARN [com.krish.security.hadoop.impl.LdapGroupsMapping] - Connection being closed, reconnecting failed, retryCount = 1
[21:41:01] WARN [com.krish.security.hadoop.impl.LdapGroupsMapping] - Connection being closed, reconnecting failed, retryCount = 2
[21:41:01] WARN [com.krish.security.hadoop.impl.LdapGroupsMapping] - Connection being closed, reconnecting failed, retryCount = 3
[21:41:01] INFO [com.krish.directory.service.DefaultGroupMappingService] - The users for the group ND-POC-ENG are []
[21:42:01] INFO [com.krish.security.hadoop.impl.LdapGroupsMapping] - Trying to get users for group ND-POC-ENG for NAEAST
[21:42:01] WARN [com.krish.security.hadoop.impl.LdapGroupsMapping] - Connection is closed, will try to reconnect for NAEAST LDAP URLldap://localhost:10689
[21:42:01] WARN [com.krish.security.hadoop.impl.LdapGroupsMapping] - Connection being closed, reconnecting failed, retryCount = 1
[21:42:01] WARN [com.krish.security.hadoop.impl.LdapGroupsMapping] - Connection being closed, reconnecting failed, retryCount = 2
[21:42:01] WARN [com.krish.security.hadoop.impl.LdapGroupsMapping] - Connection being closed, reconnecting failed, retryCount = 3
[21:42:01] INFO [com.krish.directory.service.DefaultGroupMappingService] - The users for the group ND-POC-ENG are []
[21:43:01] INFO [com.krish.security.hadoop.impl.LdapGroupsMapping] - Trying to get users for group ND-POC-ENG for NAEAST
[21:43:01] WARN [com.krish.security.hadoop.impl.LdapGroupsMapping] - Connection is closed, will try to reconnect for NAEAST LDAP URLldap://localhost:10689
[21:43:01] WARN [com.krish.security.hadoop.impl.LdapGroupsMapping] - Connection being closed, reconnecting failed, retryCount = 1
[21:43:01] WARN [com.krish.security.hadoop.impl.LdapGroupsMapping] - Connection being closed, reconnecting failed, retryCount = 2
[21:43:01] WARN [com.krish.security.hadoop.impl.LdapGroupsMapping] - Connection being closed, reconnecting failed, retryCount = 3
[21:43:01] INFO [com.krish.directory.service.DefaultGroupMappingService] - The users for the group ND-POC-ENG are []
[21:44:01] INFO [com.krish.security.hadoop.impl.LdapGroupsMapping] - Trying to get users for group ND-POC-ENG for NAEAST
[21:44:01] WARN [com.krish.security.hadoop.impl.LdapGroupsMapping] - Connection is closed, will try to reconnect for NAEAST LDAP URLldap://localhost:10689
[21:44:01] WARN [com.krish.security.hadoop.impl.LdapGroupsMapping] - Connection being closed, reconnecting failed, retryCount = 1
[21:44:01] WARN [com.krish.security.hadoop.impl.LdapGroupsMapping] - Connection being closed, reconnecting failed, retryCount = 2
[21:44:01] WARN [com.krish.security.hadoop.impl.LdapGroupsMapping] - Connection being closed, reconnecting failed, retryCount = 3
[21:44:01] INFO [com.krish.directory.service.DefaultGroupMappingService] - The users for the group ND-POC-ENG are []
[21:45:01] INFO [com.krish.security.hadoop.impl.LdapGroupsMapping] - Trying to get users for group ND-POC-ENG for NAEAST
[21:45:01] WARN [com.krish.security.hadoop.impl.LdapGroupsMapping] - Connection is closed, will try to reconnect for NAEAST LDAP URLldap://localhost:10689
[21:45:01] WARN [com.krish.security.hadoop.impl.LdapGroupsMapping] - Connection being closed, reconnecting failed, retryCount = 1
[21:45:01] WARN [com.krish.security.hadoop.impl.LdapGroupsMapping] - Connection being closed, reconnecting failed, retryCount = 2
[21:45:01] WARN [com.krish.security.hadoop.impl.LdapGroupsMapping] - Connection being closed, reconnecting failed, retryCount = 3
[21:45:01] INFO [com.krish.directory.service.DefaultGroupMappingService] - The users for the group ND-POC-ENG are []
[21:46:01] INFO [com.krish.security.hadoop.impl.LdapGroupsMapping] - Trying to get users for group ND-POC-ENG for NAEAST
[21:46:01] WARN [com.krish.security.hadoop.impl.LdapGroupsMapping] - Connection is closed, will try to reconnect for NAEAST LDAP URLldap://localhost:10689
[21:46:01] WARN [com.krish.security.hadoop.impl.LdapGroupsMapping] - Connection being closed, reconnecting failed, retryCount = 1
[21:46:01] WARN [com.krish.security.hadoop.impl.LdapGroupsMapping] - Connection being closed, reconnecting failed, retryCount = 2
[21:46:01] WARN [com.krish.security.hadoop.impl.LdapGroupsMapping] - Connection being closed, reconnecting failed, retryCount = 3
[21:46:01] INFO [com.krish.directory.service.DefaultGroupMappingService] - The users for the group ND-POC-ENG are []
[21:47:01] INFO [com.krish.security.hadoop.impl.LdapGroupsMapping] - Trying to get users for group ND-POC-ENG for NAEAST
[21:47:01] WARN [com.krish.security.hadoop.impl.LdapGroupsMapping] - Connection is closed, will try to reconnect for NAEAST LDAP URLldap://localhost:10689
[21:47:01] WARN [com.krish.security.hadoop.impl.LdapGroupsMapping] - Connection being closed, reconnecting failed, retryCount = 1
[21:47:01] WARN [com.krish.security.hadoop.impl.LdapGroupsMapping] - Connection being closed, reconnecting failed, retryCount = 2
[21:47:01] WARN [com.krish.security.hadoop.impl.LdapGroupsMapping] - Connection being closed, reconnecting failed, retryCount = 3
[21:47:01] INFO [com.krish.directory.service.DefaultGroupMappingService] - The users for the group ND-POC-ENG are []
[21:48:01] INFO [com.krish.security.hadoop.impl.LdapGroupsMapping] - Trying to get users for group ND-POC-ENG for NAEAST
[21:48:01] WARN [com.krish.security.hadoop.impl.LdapGroupsMapping] - Connection is closed, will try to reconnect for NAEAST LDAP URLldap://localhost:10689
[21:48:01] WARN [com.krish.security.hadoop.impl.LdapGroupsMapping] - Connection being closed, reconnecting failed, retryCount = 1
[21:48:01] WARN [com.krish.security.hadoop.impl.LdapGroupsMapping] - Connection being closed, reconnecting failed, retryCount = 2
[21:48:01] WARN [com.krish.security.hadoop.impl.LdapGroupsMapping] - Connection being closed, reconnecting failed, retryCount = 3
[21:48:01] INFO [com.krish.directory.service.DefaultGroupMappingService] - The users for the group ND-POC-ENG are []
[21:49:01] INFO [com.krish.security.hadoop.impl.LdapGroupsMapping] - Trying to get users for group ND-POC-ENG for NAEAST
[21:49:01] WARN [com.krish.security.hadoop.impl.LdapGroupsMapping] - Connection is closed, will try to reconnect for NAEAST LDAP URLldap://localhost:10689
[21:49:01] WARN [com.krish.security.hadoop.impl.LdapGroupsMapping] - Connection being closed, reconnecting failed, retryCount = 1
[21:49:01] WARN [com.krish.security.hadoop.impl.LdapGroupsMapping] - Connection being closed, reconnecting failed, retryCount = 2
[21:49:01] WARN [com.krish.security.hadoop.impl.LdapGroupsMapping] - Connection being closed, reconnecting failed, retryCount = 3
[21:49:01] INFO [com.krish.directory.service.DefaultGroupMappingService] - The users for the group ND-POC-ENG are []
[21:50:01] INFO [com.krish.security.hadoop.impl.LdapGroupsMapping] - Trying to get users for group ND-POC-ENG for NAEAST
[21:50:01] WARN [com.krish.security.hadoop.impl.LdapGroupsMapping] - Connection is closed, will try to reconnect for NAEAST LDAP URLldap://localhost:10689
[21:50:01] WARN [com.krish.security.hadoop.impl.LdapGroupsMapping] - Connection being closed, reconnecting failed, retryCount = 1
[21:50:01] WARN [com.krish.security.hadoop.impl.LdapGroupsMapping] - Connection being closed, reconnecting failed, retryCount = 2
[21:50:01] WARN [com.krish.security.hadoop.impl.LdapGroupsMapping] - Connection being closed, reconnecting failed, retryCount = 3
[21:50:01] INFO [com.krish.directory.service.DefaultGroupMappingService] - The users for the group ND-POC-ENG are []
[21:51:01] INFO [com.krish.security.hadoop.impl.LdapGroupsMapping] - Trying to get users for group ND-POC-ENG for NAEAST
[21:51:01] WARN [com.krish.security.hadoop.impl.LdapGroupsMapping] - Connection is closed, will try to reconnect for NAEAST LDAP URLldap://localhost:10689
[21:51:01] WARN [com.krish.security.hadoop.impl.LdapGroupsMapping] - Connection being closed, reconnecting failed, retryCount = 1
[21:51:01] WARN [com.krish.security.hadoop.impl.LdapGroupsMapping] - Connection being closed, reconnecting failed, retryCount = 2
[21:51:01] WARN [com.krish.security.hadoop.impl.LdapGroupsMapping] - Connection being closed, reconnecting failed, retryCount = 3
[21:51:01] INFO [com.krish.directory.service.DefaultGroupMappingService] - The users for the group ND-POC-ENG are []
[21:52:01] INFO [com.krish.security.hadoop.impl.LdapGroupsMapping] - Trying to get users for group ND-POC-ENG for NAEAST
[21:52:01] WARN [com.krish.security.hadoop.impl.LdapGroupsMapping] - Connection is closed, will try to reconnect for NAEAST LDAP URLldap://localhost:10689
[21:52:01] WARN [com.krish.security.hadoop.impl.LdapGroupsMapping] - Connection being closed, reconnecting failed, retryCount = 1
[21:52:01] WARN [com.krish.security.hadoop.impl.LdapGroupsMapping] - Connection being closed, reconnecting failed, retryCount = 2
[21:52:01] WARN [com.krish.security.hadoop.impl.LdapGroupsMapping] - Connection being closed, reconnecting failed, retryCount = 3
[21:52:01] INFO [com.krish.directory.service.DefaultGroupMappingService] - The users for the group ND-POC-ENG are []
[21:53:01] INFO [com.krish.security.hadoop.impl.LdapGroupsMapping] - Trying to get users for group ND-POC-ENG for NAEAST
[21:53:01] INFO [com.krish.directory.service.DefaultGroupMappingService] - The users for the group ND-POC-ENG are [krish, jim, chris]
[21:54:01] INFO [com.krish.security.hadoop.impl.LdapGroupsMapping] - Trying to get users for group ND-POC-ENG for NAEAST
[21:54:01] INFO [com.krish.directory.service.DefaultGroupMappingService] - The users for the group ND-POC-ENG are [krish, jim, chris]
[21:55:01] INFO [com.krish.security.hadoop.impl.LdapGroupsMapping] - Trying to get users for group ND-POC-ENG for NAEAST
[21:55:01] INFO [com.krish.directory.service.DefaultGroupMappingService] - The users for the group ND-POC-ENG are [krish, jim, chris]
[21:56:01] INFO [com.krish.security.hadoop.impl.LdapGroupsMapping] - Trying to get users for group ND-POC-ENG for NAEAST
[21:56:01] INFO [com.krish.directory.service.DefaultGroupMappingService] - The users for the group ND-POC-ENG are [krish, jim, chris]
[21:57:01] INFO [com.krish.security.hadoop.impl.LdapGroupsMapping] - Trying to get users for group ND-POC-ENG for NAEAST
[21:57:01] INFO [com.krish.directory.service.DefaultGroupMappingService] - The users for the group ND-POC-ENG are [krish, jim, chris]
