[19:29:41] INFO [com.krish.ead.server.EADServer] - Starting the service.
[19:29:41] INFO [org.apache.directory.api.ldap.codec.osgi.DefaultLdapCodecService] - Registered pre-bundled control factory: 1.3.6.1.4.1.18060.0.0.1
[19:29:41] INFO [org.apache.directory.api.ldap.codec.osgi.DefaultLdapCodecService] - Registered pre-bundled control factory: 2.16.840.1.113730.3.4.7
[19:29:41] INFO [org.apache.directory.api.ldap.codec.osgi.DefaultLdapCodecService] - Registered pre-bundled control factory: 2.16.840.1.113730.3.4.2
[19:29:41] INFO [org.apache.directory.api.ldap.codec.osgi.DefaultLdapCodecService] - Registered pre-bundled control factory: 2.16.840.1.113730.3.4.18
[19:29:41] INFO [org.apache.directory.api.ldap.codec.osgi.DefaultLdapCodecService] - Registered pre-bundled control factory: 1.2.840.113556.1.4.319
[19:29:41] INFO [org.apache.directory.api.ldap.codec.osgi.DefaultLdapCodecService] - Registered pre-bundled control factory: 2.16.840.1.113730.3.4.3
[19:29:41] INFO [org.apache.directory.api.ldap.codec.osgi.DefaultLdapCodecService] - Registered pre-bundled control factory: 1.3.6.1.4.1.4203.1.10.1
[19:29:41] INFO [org.apache.directory.api.ldap.codec.standalone.CodecFactoryUtil] - Registered pre-bundled control factory: 1.3.6.1.4.1.18060.0.0.1
[19:29:41] INFO [org.apache.directory.api.ldap.codec.standalone.CodecFactoryUtil] - Registered pre-bundled control factory: 2.16.840.1.113730.3.4.7
[19:29:41] INFO [org.apache.directory.api.ldap.codec.standalone.CodecFactoryUtil] - Registered pre-bundled control factory: 2.16.840.1.113730.3.4.2
[19:29:41] INFO [org.apache.directory.api.ldap.codec.standalone.CodecFactoryUtil] - Registered pre-bundled control factory: 2.16.840.1.113730.3.4.18
[19:29:41] INFO [org.apache.directory.api.ldap.codec.standalone.CodecFactoryUtil] - Registered pre-bundled control factory: 1.2.840.113556.1.4.319
[19:29:41] INFO [org.apache.directory.api.ldap.codec.standalone.CodecFactoryUtil] - Registered pre-bundled control factory: 2.16.840.1.113730.3.4.3
[19:29:41] INFO [org.apache.directory.api.ldap.codec.standalone.CodecFactoryUtil] - Registered pre-bundled control factory: 1.3.6.1.4.1.4203.1.10.1
[19:29:41] INFO [org.apache.directory.api.ldap.codec.standalone.CodecFactoryUtil] - Registered pre-bundled control factory: 1.3.6.1.4.1.42.2.27.8.5.1
[19:29:41] INFO [org.apache.directory.api.ldap.codec.standalone.CodecFactoryUtil] - Registered pre-bundled control factory: 2.16.840.1.113730.3.4.9
[19:29:41] INFO [org.apache.directory.api.ldap.codec.standalone.CodecFactoryUtil] - Registered pre-bundled control factory: 2.16.840.1.113730.3.4.10
[19:29:41] INFO [org.apache.directory.api.ldap.codec.standalone.CodecFactoryUtil] - Registered pre-bundled control factory: 1.3.6.1.4.1.4203.1.9.1.3
[19:29:41] INFO [org.apache.directory.api.ldap.codec.standalone.CodecFactoryUtil] - Registered pre-bundled control factory: 1.3.6.1.4.1.4203.1.9.1.4
[19:29:41] INFO [org.apache.directory.api.ldap.codec.standalone.CodecFactoryUtil] - Registered pre-bundled control factory: 1.3.6.1.4.1.4203.1.9.1.1
[19:29:41] INFO [org.apache.directory.api.ldap.codec.standalone.CodecFactoryUtil] - Registered pre-bundled control factory: 1.3.6.1.4.1.4203.1.9.1.2
[19:29:41] INFO [org.apache.directory.api.ldap.codec.standalone.CodecFactoryUtil] - Registered pre-bundled control factory: 1.2.840.113556.1.4.473
[19:29:41] INFO [org.apache.directory.api.ldap.codec.standalone.CodecFactoryUtil] - Registered pre-bundled control factory: 1.2.840.113556.1.4.474
[19:29:41] INFO [org.apache.directory.api.ldap.codec.standalone.CodecFactoryUtil] - Registered pre-bundled control factory: 1.2.840.113556.1.4.841
[19:29:41] INFO [org.apache.directory.api.ldap.codec.standalone.CodecFactoryUtil] - Registered pre-bundled control factory: 1.2.840.113556.1.4.417
[19:29:41] INFO [org.apache.directory.api.ldap.codec.standalone.CodecFactoryUtil] - Registered pre-bundled control factory: 1.2.840.113556.1.4.1413
[19:29:41] INFO [org.apache.directory.api.ldap.codec.standalone.CodecFactoryUtil] - Registered pre-bundled control factory: 1.2.840.113556.1.4.528
[19:29:41] INFO [org.apache.directory.api.ldap.codec.standalone.CodecFactoryUtil] - Registered pre-bundled extended operation factory: 1.3.6.1.1.8
[19:29:41] INFO [org.apache.directory.api.ldap.codec.standalone.CodecFactoryUtil] - Registered pre-bundled extended operation factory: 1.3.6.1.4.1.18060.0.1.8
[19:29:41] INFO [org.apache.directory.api.ldap.codec.standalone.CodecFactoryUtil] - Registered pre-bundled extended operation factory: 1.3.6.1.4.1.18060.0.1.3
[19:29:41] INFO [org.apache.directory.api.ldap.codec.standalone.CodecFactoryUtil] - Registered pre-bundled extended operation factory: 1.3.6.1.4.1.18060.0.1.6
[19:29:41] INFO [org.apache.directory.api.ldap.codec.standalone.CodecFactoryUtil] - Registered pre-bundled extended operation factory: 1.3.6.1.4.1.18060.0.1.5
[19:29:41] INFO [org.apache.directory.api.ldap.codec.standalone.CodecFactoryUtil] - Registered pre-bundled extended operation factory: 1.3.6.1.4.1.4203.1.11.1
[19:29:41] INFO [org.apache.directory.api.ldap.codec.standalone.CodecFactoryUtil] - Registered pre-bundled extended operation factory: 1.3.6.1.4.1.4203.1.11.3
[19:29:41] INFO [org.apache.directory.api.ldap.codec.standalone.CodecFactoryUtil] - Registered pre-bundled extended operation factory: 1.3.6.1.4.1.1466.20037
[19:29:41] INFO [org.apache.directory.server.core.api.CacheService] - no custom cache configuration was set, loading the default cache configuration
[19:29:42] INFO [org.apache.directory.api.ldap.schema.extractor.impl.DefaultSchemaLdifExtractor] - Schema directory '/Hadoop/git/CM-CSD-EAD/JPMISEAD-1.0.0/instances/krish/partitions/schema' does NOT exist: extracted state set to false.
[19:29:43] INFO [org.apache.directory.api.ldap.model.ldif.LdifReader] - No version information : assuming version: 1
[19:29:43] INFO [org.apache.directory.api.ldap.schema.manager.impl.DefaultSchemaManager] - Loading system enabled schema: 
	Schema Name: system
		Disabled: false
		Owner: uid=admin,ou=system
		Dependencies: []
		SchemaLoader : LdifSchemaLoader
[19:29:43] INFO [org.apache.directory.api.ldap.schema.manager.impl.DefaultSchemaManager] - Loading core enabled schema: 
	Schema Name: core
		Disabled: false
		Owner: uid=admin,ou=system
		Dependencies: [system]
		SchemaLoader : LdifSchemaLoader
[19:29:43] INFO [org.apache.directory.api.ldap.schema.manager.impl.DefaultSchemaManager] - system schema has already been loaded
[19:29:43] INFO [org.apache.directory.api.ldap.schema.manager.impl.DefaultSchemaManager] - core schema has already been loaded
[19:29:43] INFO [org.apache.directory.api.ldap.schema.manager.impl.DefaultSchemaManager] - system schema has already been loaded
[19:29:43] INFO [org.apache.directory.api.ldap.schema.manager.impl.DefaultSchemaManager] - Loading apache enabled schema: 
	Schema Name: apache
		Disabled: false
		Owner: uid=admin,ou=system
		Dependencies: [core, system]
		SchemaLoader : LdifSchemaLoader
[19:29:43] INFO [org.apache.directory.api.ldap.schema.manager.impl.DefaultSchemaManager] - system schema has already been loaded
[19:29:43] INFO [org.apache.directory.api.ldap.schema.manager.impl.DefaultSchemaManager] - Loading apachemeta enabled schema: 
	Schema Name: apachemeta
		Disabled: false
		Owner: uid=admin,ou=system
		Dependencies: [system]
		SchemaLoader : LdifSchemaLoader
[19:29:43] INFO [org.apache.directory.api.ldap.schema.manager.impl.DefaultSchemaManager] - Loading other enabled schema: 
	Schema Name: other
		Disabled: false
		Owner: uid=admin,ou=system
		Dependencies: [core, system, apache, apachemeta]
		SchemaLoader : LdifSchemaLoader
[19:29:43] INFO [org.apache.directory.api.ldap.schema.manager.impl.DefaultSchemaManager] - core schema has already been loaded
[19:29:43] INFO [org.apache.directory.api.ldap.schema.manager.impl.DefaultSchemaManager] - system schema has already been loaded
[19:29:43] INFO [org.apache.directory.api.ldap.schema.manager.impl.DefaultSchemaManager] - core schema has already been loaded
[19:29:43] INFO [org.apache.directory.api.ldap.schema.manager.impl.DefaultSchemaManager] - system schema has already been loaded
[19:29:43] INFO [org.apache.directory.api.ldap.schema.manager.impl.DefaultSchemaManager] - Loading cosine enabled schema: 
	Schema Name: cosine
		Disabled: false
		Owner: uid=admin,ou=system
		Dependencies: [core, system]
		SchemaLoader : LdifSchemaLoader
[19:29:43] INFO [org.apache.directory.api.ldap.schema.manager.impl.DefaultSchemaManager] - Loading inetorgperson enabled schema: 
	Schema Name: inetorgperson
		Disabled: false
		Owner: uid=admin,ou=system
		Dependencies: [core, system, cosine]
		SchemaLoader : LdifSchemaLoader
[19:29:43] INFO [org.apache.directory.api.ldap.schema.manager.impl.DefaultSchemaManager] - apachemeta schema has already been loaded
[19:29:43] INFO [org.apache.directory.api.ldap.schema.manager.impl.DefaultSchemaManager] - core schema has already been loaded
[19:29:43] INFO [org.apache.directory.api.ldap.schema.manager.impl.DefaultSchemaManager] - core schema has already been loaded
[19:29:43] INFO [org.apache.directory.api.ldap.schema.manager.impl.DefaultSchemaManager] - system schema has already been loaded
[19:29:43] INFO [org.apache.directory.api.ldap.schema.manager.impl.DefaultSchemaManager] - Loading krb5kdc enabled schema: 
	Schema Name: krb5kdc
		Disabled: false
		Owner: uid=admin,ou=system
		Dependencies: [core, system]
		SchemaLoader : LdifSchemaLoader
[19:29:43] INFO [org.apache.directory.api.ldap.schema.manager.impl.DefaultSchemaManager] - apache schema has already been loaded
[19:29:43] INFO [org.apache.directory.api.ldap.schema.manager.impl.DefaultSchemaManager] - core schema has already been loaded
[19:29:43] INFO [org.apache.directory.api.ldap.schema.manager.impl.DefaultSchemaManager] - system schema has already been loaded
[19:29:43] INFO [org.apache.directory.api.ldap.schema.manager.impl.DefaultSchemaManager] - Loading java enabled schema: 
	Schema Name: java
		Disabled: false
		Owner: uid=admin,ou=system
		Dependencies: [core, system]
		SchemaLoader : LdifSchemaLoader
[19:29:43] INFO [org.apache.directory.api.ldap.schema.manager.impl.DefaultSchemaManager] - system schema has already been loaded
[19:29:43] INFO [org.apache.directory.api.ldap.schema.manager.impl.DefaultSchemaManager] - system schema has already been loaded
[19:29:43] INFO [org.apache.directory.api.ldap.schema.manager.impl.DefaultSchemaManager] - Loading pwdpolicy enabled schema: 
	Schema Name: pwdpolicy
		Disabled: false
		Owner: uid=admin,ou=system
		Dependencies: [system]
		SchemaLoader : LdifSchemaLoader
[19:29:43] INFO [org.apache.directory.api.ldap.schema.manager.impl.DefaultSchemaManager] - cosine schema has already been loaded
[19:29:43] INFO [org.apache.directory.api.ldap.schema.manager.impl.DefaultSchemaManager] - core schema has already been loaded
[19:29:43] INFO [org.apache.directory.api.ldap.schema.manager.impl.DefaultSchemaManager] - system schema has already been loaded
[19:29:43] INFO [org.apache.directory.api.ldap.schema.manager.impl.DefaultSchemaManager] - Loading collective enabled schema: 
	Schema Name: collective
		Disabled: false
		Owner: uid=admin,ou=system
		Dependencies: [core, system]
		SchemaLoader : LdifSchemaLoader
[19:29:43] INFO [org.apache.directory.api.ldap.schema.manager.impl.DefaultSchemaManager] - core schema has already been loaded
[19:29:43] INFO [org.apache.directory.api.ldap.schema.manager.impl.DefaultSchemaManager] - apache schema has already been loaded
[19:29:43] INFO [org.apache.directory.api.ldap.schema.manager.impl.DefaultSchemaManager] - system schema has already been loaded
[19:29:43] INFO [org.apache.directory.api.ldap.schema.manager.impl.DefaultSchemaManager] - Loading adsconfig enabled schema: 
	Schema Name: adsconfig
		Disabled: false
		Owner: uid=admin,ou=system
		Dependencies: [core, apache, system]
		SchemaLoader : LdifSchemaLoader
[19:29:43] INFO [org.apache.directory.api.ldap.model.ldif.LdifReader] - No version information : assuming version: 1
[19:29:43] INFO [org.apache.directory.api.ldap.model.ldif.LdifReader] - No version information : assuming version: 1
[19:29:43] INFO [org.apache.directory.api.ldap.model.ldif.LdifReader] - No version information : assuming version: 1
[19:29:43] INFO [org.apache.directory.api.ldap.model.ldif.LdifReader] - No version information : assuming version: 1
[19:29:43] INFO [org.apache.directory.api.ldap.model.ldif.LdifReader] - No version information : assuming version: 1
[19:29:43] INFO [org.apache.directory.api.ldap.model.ldif.LdifReader] - No version information : assuming version: 1
[19:29:43] INFO [org.apache.directory.api.ldap.model.ldif.LdifReader] - No version information : assuming version: 1
[19:29:43] INFO [org.apache.directory.api.ldap.model.ldif.LdifReader] - No version information : assuming version: 1
[19:29:43] INFO [org.apache.directory.api.ldap.model.ldif.LdifReader] - No version information : assuming version: 1
[19:29:43] INFO [org.apache.directory.api.ldap.model.ldif.LdifReader] - No version information : assuming version: 1
[19:29:43] INFO [org.apache.directory.api.ldap.model.ldif.LdifReader] - No version information : assuming version: 1
[19:29:43] INFO [org.apache.directory.server.core.api.CacheService] - fetching the cache named krish
[19:29:43] INFO [org.apache.directory.server.core.api.CacheService] - No cache with name krish exists, creating one
[19:29:43] INFO [org.apache.directory.server.core.DefaultDirectoryService] - ApacheDS shutdown hook has been registered with the runtime.
[19:29:43] INFO [org.apache.directory.server.core.api.CacheService] - fetching the cache named alias
[19:29:43] INFO [org.apache.directory.server.core.api.CacheService] - No cache with name alias exists, creating one
[19:29:43] INFO [org.apache.directory.server.core.api.CacheService] - fetching the cache named piar
[19:29:43] INFO [org.apache.directory.server.core.api.CacheService] - No cache with name piar exists, creating one
[19:29:43] INFO [org.apache.directory.server.core.api.CacheService] - fetching the cache named entryDn
[19:29:43] INFO [org.apache.directory.server.core.api.CacheService] - No cache with name entryDn exists, creating one
[19:29:43] INFO [org.apache.directory.api.ldap.model.ldif.LdifReader] - No version information : assuming version: 1
[19:29:43] INFO [org.apache.directory.api.ldap.model.ldif.LdifReader] - No version information : assuming version: 1
[19:29:43] INFO [org.apache.directory.api.ldap.model.ldif.LdifReader] - No version information : assuming version: 1
[19:29:43] INFO [org.apache.directory.api.ldap.model.ldif.LdifReader] - No version information : assuming version: 1
[19:29:43] INFO [org.apache.directory.api.ldap.model.ldif.LdifReader] - No version information : assuming version: 1
[19:29:43] INFO [org.apache.directory.api.ldap.model.ldif.LdifReader] - No version information : assuming version: 1
[19:29:43] INFO [org.apache.directory.api.ldap.model.ldif.LdifReader] - No version information : assuming version: 1
[19:29:43] INFO [org.apache.directory.api.ldap.model.ldif.LdifReader] - No version information : assuming version: 1
[19:29:43] INFO [org.apache.directory.api.ldap.model.ldif.LdifReader] - No version information : assuming version: 1
[19:29:43] INFO [org.apache.directory.api.ldap.model.ldif.LdifReader] - No version information : assuming version: 1
[19:29:43] INFO [org.apache.directory.api.ldap.model.ldif.LdifReader] - No version information : assuming version: 1
[19:29:43] INFO [org.apache.directory.api.ldap.model.ldif.LdifReader] - No version information : assuming version: 1
[19:29:44] INFO [org.apache.directory.api.ldap.model.entry.AbstractValue] - ERR_04447_CANNOT_NORMALIZE_VALUE Cannot normalize the wrapped value ERR_04226 I do not know how to handle NameAndOptionalUID normalization with objects of class: apacheDnsDomainName
[19:29:44] INFO [org.apache.directory.api.ldap.model.entry.AbstractValue] - ERR_04447_CANNOT_NORMALIZE_VALUE Cannot normalize the wrapped value ERR_04226 I do not know how to handle NameAndOptionalUID normalization with objects of class: apacheDnsDomainName
[19:29:44] INFO [org.apache.directory.api.ldap.model.entry.AbstractValue] - ERR_04447_CANNOT_NORMALIZE_VALUE Cannot normalize the wrapped value ERR_04226 I do not know how to handle NameAndOptionalUID normalization with objects of class: apacheDnsTtl
[19:29:44] INFO [org.apache.directory.api.ldap.model.entry.AbstractValue] - ERR_04447_CANNOT_NORMALIZE_VALUE Cannot normalize the wrapped value ERR_04226 I do not know how to handle NameAndOptionalUID normalization with objects of class: apacheDnsDomainName
[19:29:44] INFO [org.apache.directory.api.ldap.model.entry.AbstractValue] - ERR_04447_CANNOT_NORMALIZE_VALUE Cannot normalize the wrapped value ERR_04226 I do not know how to handle NameAndOptionalUID normalization with objects of class: apacheDnsAbstractRecord
[19:29:44] INFO [org.apache.directory.api.ldap.model.entry.AbstractValue] - ERR_04447_CANNOT_NORMALIZE_VALUE Cannot normalize the wrapped value ERR_04226 I do not know how to handle NameAndOptionalUID normalization with objects of class: apacheDnsDomainName
[19:29:44] INFO [org.apache.directory.api.ldap.model.entry.AbstractValue] - ERR_04447_CANNOT_NORMALIZE_VALUE Cannot normalize the wrapped value ERR_04226 I do not know how to handle NameAndOptionalUID normalization with objects of class: apacheDnsIpAddress
[19:29:44] INFO [org.apache.directory.api.ldap.model.entry.AbstractValue] - ERR_04447_CANNOT_NORMALIZE_VALUE Cannot normalize the wrapped value ERR_04226 I do not know how to handle NameAndOptionalUID normalization with objects of class: apacheDnsAbstractRecord
[19:29:44] INFO [org.apache.directory.api.ldap.model.entry.AbstractValue] - ERR_04447_CANNOT_NORMALIZE_VALUE Cannot normalize the wrapped value ERR_04226 I do not know how to handle NameAndOptionalUID normalization with objects of class: apacheDnsIpAddress
[19:29:44] INFO [org.apache.directory.api.ldap.model.entry.AbstractValue] - ERR_04447_CANNOT_NORMALIZE_VALUE Cannot normalize the wrapped value ERR_04226 I do not know how to handle NameAndOptionalUID normalization with objects of class: apacheDnsAbstractRecord
[19:29:44] INFO [org.apache.directory.api.ldap.model.entry.AbstractValue] - ERR_04447_CANNOT_NORMALIZE_VALUE Cannot normalize the wrapped value ERR_04226 I do not know how to handle NameAndOptionalUID normalization with objects of class: apacheDnsDomainName
[19:29:44] INFO [org.apache.directory.api.ldap.model.entry.AbstractValue] - ERR_04447_CANNOT_NORMALIZE_VALUE Cannot normalize the wrapped value ERR_04226 I do not know how to handle NameAndOptionalUID normalization with objects of class: apacheDnsAbstractRecord
[19:29:44] INFO [org.apache.directory.api.ldap.model.entry.AbstractValue] - ERR_04447_CANNOT_NORMALIZE_VALUE Cannot normalize the wrapped value ERR_04226 I do not know how to handle NameAndOptionalUID normalization with objects of class: apacheDnsDomainName
[19:29:44] INFO [org.apache.directory.api.ldap.model.entry.AbstractValue] - ERR_04447_CANNOT_NORMALIZE_VALUE Cannot normalize the wrapped value ERR_04226 I do not know how to handle NameAndOptionalUID normalization with objects of class: apacheDnsAbstractRecord
[19:29:44] INFO [org.apache.directory.api.ldap.model.entry.AbstractValue] - ERR_04447_CANNOT_NORMALIZE_VALUE Cannot normalize the wrapped value ERR_04226 I do not know how to handle NameAndOptionalUID normalization with objects of class: apacheDnsClass
[19:29:44] INFO [org.apache.directory.api.ldap.model.entry.AbstractValue] - ERR_04447_CANNOT_NORMALIZE_VALUE Cannot normalize the wrapped value ERR_04226 I do not know how to handle NameAndOptionalUID normalization with objects of class: apacheDnsSoaSerial
[19:29:44] INFO [org.apache.directory.api.ldap.model.entry.AbstractValue] - ERR_04447_CANNOT_NORMALIZE_VALUE Cannot normalize the wrapped value ERR_04226 I do not know how to handle NameAndOptionalUID normalization with objects of class: apacheDnsSoaRefresh
[19:29:44] INFO [org.apache.directory.api.ldap.model.entry.AbstractValue] - ERR_04447_CANNOT_NORMALIZE_VALUE Cannot normalize the wrapped value ERR_04226 I do not know how to handle NameAndOptionalUID normalization with objects of class: apacheDnsSoaRetry
[19:29:44] INFO [org.apache.directory.api.ldap.model.entry.AbstractValue] - ERR_04447_CANNOT_NORMALIZE_VALUE Cannot normalize the wrapped value ERR_04226 I do not know how to handle NameAndOptionalUID normalization with objects of class: apacheDnsSoaExpire
[19:29:44] INFO [org.apache.directory.api.ldap.model.entry.AbstractValue] - ERR_04447_CANNOT_NORMALIZE_VALUE Cannot normalize the wrapped value ERR_04226 I do not know how to handle NameAndOptionalUID normalization with objects of class: apacheDnsSoaMName
[19:29:44] INFO [org.apache.directory.api.ldap.model.entry.AbstractValue] - ERR_04447_CANNOT_NORMALIZE_VALUE Cannot normalize the wrapped value ERR_04226 I do not know how to handle NameAndOptionalUID normalization with objects of class: apacheDnsSoaRName
[19:29:44] INFO [org.apache.directory.api.ldap.model.entry.AbstractValue] - ERR_04447_CANNOT_NORMALIZE_VALUE Cannot normalize the wrapped value ERR_04226 I do not know how to handle NameAndOptionalUID normalization with objects of class: apacheDnsSoaMinimum
[19:29:44] INFO [org.apache.directory.api.ldap.model.entry.AbstractValue] - ERR_04447_CANNOT_NORMALIZE_VALUE Cannot normalize the wrapped value ERR_04226 I do not know how to handle NameAndOptionalUID normalization with objects of class: apacheDnsAbstractRecord
[19:29:44] INFO [org.apache.directory.api.ldap.model.entry.AbstractValue] - ERR_04447_CANNOT_NORMALIZE_VALUE Cannot normalize the wrapped value ERR_04226 I do not know how to handle NameAndOptionalUID normalization with objects of class: apacheDnsDomainName
[19:29:44] INFO [org.apache.directory.api.ldap.model.entry.AbstractValue] - ERR_04447_CANNOT_NORMALIZE_VALUE Cannot normalize the wrapped value ERR_04226 I do not know how to handle NameAndOptionalUID normalization with objects of class: apacheDnsAbstractRecord
[19:29:44] INFO [org.apache.directory.api.ldap.model.entry.AbstractValue] - ERR_04447_CANNOT_NORMALIZE_VALUE Cannot normalize the wrapped value ERR_04226 I do not know how to handle NameAndOptionalUID normalization with objects of class: apacheDnsMxPreference
[19:29:44] INFO [org.apache.directory.api.ldap.model.entry.AbstractValue] - ERR_04447_CANNOT_NORMALIZE_VALUE Cannot normalize the wrapped value ERR_04226 I do not know how to handle NameAndOptionalUID normalization with objects of class: apacheDnsDomainName
[19:29:44] INFO [org.apache.directory.api.ldap.model.entry.AbstractValue] - ERR_04447_CANNOT_NORMALIZE_VALUE Cannot normalize the wrapped value ERR_04226 I do not know how to handle NameAndOptionalUID normalization with objects of class: apacheDnsAbstractRecord
[19:29:44] INFO [org.apache.directory.api.ldap.model.entry.AbstractValue] - ERR_04447_CANNOT_NORMALIZE_VALUE Cannot normalize the wrapped value ERR_04226 I do not know how to handle NameAndOptionalUID normalization with objects of class: apacheDnsCharacterString
[19:29:44] INFO [org.apache.directory.api.ldap.model.entry.AbstractValue] - ERR_04447_CANNOT_NORMALIZE_VALUE Cannot normalize the wrapped value ERR_04226 I do not know how to handle NameAndOptionalUID normalization with objects of class: apacheDnsAbstractRecord
[19:29:44] INFO [org.apache.directory.api.ldap.model.entry.AbstractValue] - ERR_04447_CANNOT_NORMALIZE_VALUE Cannot normalize the wrapped value ERR_04226 I do not know how to handle NameAndOptionalUID normalization with objects of class: apacheDnsServicePriority
[19:29:44] INFO [org.apache.directory.api.ldap.model.entry.AbstractValue] - ERR_04447_CANNOT_NORMALIZE_VALUE Cannot normalize the wrapped value ERR_04226 I do not know how to handle NameAndOptionalUID normalization with objects of class: apacheDnsServiceWeight
[19:29:44] INFO [org.apache.directory.api.ldap.model.entry.AbstractValue] - ERR_04447_CANNOT_NORMALIZE_VALUE Cannot normalize the wrapped value ERR_04226 I do not know how to handle NameAndOptionalUID normalization with objects of class: apacheDnsServicePort
[19:29:44] INFO [org.apache.directory.api.ldap.model.entry.AbstractValue] - ERR_04447_CANNOT_NORMALIZE_VALUE Cannot normalize the wrapped value ERR_04226 I do not know how to handle NameAndOptionalUID normalization with objects of class: apacheDnsDomainName
[19:29:44] INFO [org.apache.directory.api.ldap.model.entry.AbstractValue] - ERR_04447_CANNOT_NORMALIZE_VALUE Cannot normalize the wrapped value ERR_04226 I do not know how to handle NameAndOptionalUID normalization with objects of class: apacheDnsAbstractRecord
[19:29:44] INFO [org.apache.directory.api.ldap.model.entry.AbstractValue] - ERR_04447_CANNOT_NORMALIZE_VALUE Cannot normalize the wrapped value ERR_04226 I do not know how to handle NameAndOptionalUID normalization with objects of class: automountInformation
[19:29:44] INFO [org.apache.directory.api.ldap.model.entry.AbstractValue] - ERR_04447_CANNOT_NORMALIZE_VALUE Cannot normalize the wrapped value ERR_04226 I do not know how to handle NameAndOptionalUID normalization with objects of class: corbaIor
[19:29:44] INFO [org.apache.directory.api.ldap.model.entry.AbstractValue] - ERR_04447_CANNOT_NORMALIZE_VALUE Cannot normalize the wrapped value ERR_04226 I do not know how to handle NameAndOptionalUID normalization with objects of class: corbaObject
[19:29:44] INFO [org.apache.directory.api.ldap.model.entry.AbstractValue] - ERR_04447_CANNOT_NORMALIZE_VALUE Cannot normalize the wrapped value ERR_04226 I do not know how to handle NameAndOptionalUID normalization with objects of class: corbaRepositoryId
[19:29:44] INFO [org.apache.directory.api.ldap.model.entry.AbstractValue] - ERR_04447_CANNOT_NORMALIZE_VALUE Cannot normalize the wrapped value ERR_04226 I do not know how to handle NameAndOptionalUID normalization with objects of class: dhcpSecondaryDN
[19:29:44] INFO [org.apache.directory.api.ldap.model.entry.AbstractValue] - ERR_04447_CANNOT_NORMALIZE_VALUE Cannot normalize the wrapped value ERR_04226 I do not know how to handle NameAndOptionalUID normalization with objects of class: dhcpSharedNetworkDN
[19:29:44] INFO [org.apache.directory.api.ldap.model.entry.AbstractValue] - ERR_04447_CANNOT_NORMALIZE_VALUE Cannot normalize the wrapped value ERR_04226 I do not know how to handle NameAndOptionalUID normalization with objects of class: dhcpSubnetDN
[19:29:44] INFO [org.apache.directory.api.ldap.model.entry.AbstractValue] - ERR_04447_CANNOT_NORMALIZE_VALUE Cannot normalize the wrapped value ERR_04226 I do not know how to handle NameAndOptionalUID normalization with objects of class: dhcpGroupDN
[19:29:44] INFO [org.apache.directory.api.ldap.model.entry.AbstractValue] - ERR_04447_CANNOT_NORMALIZE_VALUE Cannot normalize the wrapped value ERR_04226 I do not know how to handle NameAndOptionalUID normalization with objects of class: dhcpHostDN
[19:29:44] INFO [org.apache.directory.api.ldap.model.entry.AbstractValue] - ERR_04447_CANNOT_NORMALIZE_VALUE Cannot normalize the wrapped value ERR_04226 I do not know how to handle NameAndOptionalUID normalization with objects of class: dhcpClassesDN
[19:29:44] INFO [org.apache.directory.api.ldap.model.entry.AbstractValue] - ERR_04447_CANNOT_NORMALIZE_VALUE Cannot normalize the wrapped value ERR_04226 I do not know how to handle NameAndOptionalUID normalization with objects of class: dhcpOptionsDN
[19:29:44] INFO [org.apache.directory.api.ldap.model.entry.AbstractValue] - ERR_04447_CANNOT_NORMALIZE_VALUE Cannot normalize the wrapped value ERR_04226 I do not know how to handle NameAndOptionalUID normalization with objects of class: dhcpStatements
[19:29:44] INFO [org.apache.directory.api.ldap.model.entry.AbstractValue] - ERR_04447_CANNOT_NORMALIZE_VALUE Cannot normalize the wrapped value ERR_04226 I do not know how to handle NameAndOptionalUID normalization with objects of class: dhcpPrimaryDN
[19:29:44] INFO [org.apache.directory.api.ldap.model.entry.AbstractValue] - ERR_04447_CANNOT_NORMALIZE_VALUE Cannot normalize the wrapped value ERR_04226 I do not know how to handle NameAndOptionalUID normalization with objects of class: dhcpExpirationTime
[19:29:44] INFO [org.apache.directory.api.ldap.model.entry.AbstractValue] - ERR_04447_CANNOT_NORMALIZE_VALUE Cannot normalize the wrapped value ERR_04226 I do not know how to handle NameAndOptionalUID normalization with objects of class: dhcpStartTimeOfState
[19:29:44] INFO [org.apache.directory.api.ldap.model.entry.AbstractValue] - ERR_04447_CANNOT_NORMALIZE_VALUE Cannot normalize the wrapped value ERR_04226 I do not know how to handle NameAndOptionalUID normalization with objects of class: dhcpLastTransactionTime
[19:29:44] INFO [org.apache.directory.api.ldap.model.entry.AbstractValue] - ERR_04447_CANNOT_NORMALIZE_VALUE Cannot normalize the wrapped value ERR_04226 I do not know how to handle NameAndOptionalUID normalization with objects of class: dhcpBootpFlag
[19:29:44] INFO [org.apache.directory.api.ldap.model.entry.AbstractValue] - ERR_04447_CANNOT_NORMALIZE_VALUE Cannot normalize the wrapped value ERR_04226 I do not know how to handle NameAndOptionalUID normalization with objects of class: dhcpDomainName
[19:29:44] INFO [org.apache.directory.api.ldap.model.entry.AbstractValue] - ERR_04447_CANNOT_NORMALIZE_VALUE Cannot normalize the wrapped value ERR_04226 I do not know how to handle NameAndOptionalUID normalization with objects of class: dhcpDnsStatus
[19:29:44] INFO [org.apache.directory.api.ldap.model.entry.AbstractValue] - ERR_04447_CANNOT_NORMALIZE_VALUE Cannot normalize the wrapped value ERR_04226 I do not know how to handle NameAndOptionalUID normalization with objects of class: dhcpRequestedHostName
[19:29:44] INFO [org.apache.directory.api.ldap.model.entry.AbstractValue] - ERR_04447_CANNOT_NORMALIZE_VALUE Cannot normalize the wrapped value ERR_04226 I do not know how to handle NameAndOptionalUID normalization with objects of class: dhcpAssignedHostName
[19:29:44] INFO [org.apache.directory.api.ldap.model.entry.AbstractValue] - ERR_04447_CANNOT_NORMALIZE_VALUE Cannot normalize the wrapped value ERR_04226 I do not know how to handle NameAndOptionalUID normalization with objects of class: dhcpReservedForClient
[19:29:44] INFO [org.apache.directory.api.ldap.model.entry.AbstractValue] - ERR_04447_CANNOT_NORMALIZE_VALUE Cannot normalize the wrapped value ERR_04226 I do not know how to handle NameAndOptionalUID normalization with objects of class: dhcpAssignedToClient
[19:29:44] INFO [org.apache.directory.api.ldap.model.entry.AbstractValue] - ERR_04447_CANNOT_NORMALIZE_VALUE Cannot normalize the wrapped value ERR_04226 I do not know how to handle NameAndOptionalUID normalization with objects of class: dhcpRelayAgentInfo
[19:29:44] INFO [org.apache.directory.api.ldap.model.entry.AbstractValue] - ERR_04447_CANNOT_NORMALIZE_VALUE Cannot normalize the wrapped value ERR_04226 I do not know how to handle NameAndOptionalUID normalization with objects of class: dhcpHWAddress
[19:29:44] INFO [org.apache.directory.api.ldap.model.entry.AbstractValue] - ERR_04447_CANNOT_NORMALIZE_VALUE Cannot normalize the wrapped value ERR_04226 I do not know how to handle NameAndOptionalUID normalization with objects of class: dhcpAddressState
[19:29:44] INFO [org.apache.directory.api.ldap.model.entry.AbstractValue] - ERR_04447_CANNOT_NORMALIZE_VALUE Cannot normalize the wrapped value ERR_04226 I do not know how to handle NameAndOptionalUID normalization with objects of class: dhcpAddressState
[19:29:44] INFO [org.apache.directory.api.ldap.model.entry.AbstractValue] - ERR_04447_CANNOT_NORMALIZE_VALUE Cannot normalize the wrapped value ERR_04226 I do not know how to handle NameAndOptionalUID normalization with objects of class: dhcpExpirationTime
[19:29:44] INFO [org.apache.directory.api.ldap.model.entry.AbstractValue] - ERR_04447_CANNOT_NORMALIZE_VALUE Cannot normalize the wrapped value ERR_04226 I do not know how to handle NameAndOptionalUID normalization with objects of class: dhcpStartTimeOfState
[19:29:44] INFO [org.apache.directory.api.ldap.model.entry.AbstractValue] - ERR_04447_CANNOT_NORMALIZE_VALUE Cannot normalize the wrapped value ERR_04226 I do not know how to handle NameAndOptionalUID normalization with objects of class: dhcpLastTransactionTime
[19:29:44] INFO [org.apache.directory.api.ldap.model.entry.AbstractValue] - ERR_04447_CANNOT_NORMALIZE_VALUE Cannot normalize the wrapped value ERR_04226 I do not know how to handle NameAndOptionalUID normalization with objects of class: dhcpBootpFlag
[19:29:44] INFO [org.apache.directory.api.ldap.model.entry.AbstractValue] - ERR_04447_CANNOT_NORMALIZE_VALUE Cannot normalize the wrapped value ERR_04226 I do not know how to handle NameAndOptionalUID normalization with objects of class: dhcpDomainName
[19:29:44] INFO [org.apache.directory.api.ldap.model.entry.AbstractValue] - ERR_04447_CANNOT_NORMALIZE_VALUE Cannot normalize the wrapped value ERR_04226 I do not know how to handle NameAndOptionalUID normalization with objects of class: dhcpDnsStatus
[19:29:44] INFO [org.apache.directory.api.ldap.model.entry.AbstractValue] - ERR_04447_CANNOT_NORMALIZE_VALUE Cannot normalize the wrapped value ERR_04226 I do not know how to handle NameAndOptionalUID normalization with objects of class: dhcpRequestedHostName
[19:29:44] INFO [org.apache.directory.api.ldap.model.entry.AbstractValue] - ERR_04447_CANNOT_NORMALIZE_VALUE Cannot normalize the wrapped value ERR_04226 I do not know how to handle NameAndOptionalUID normalization with objects of class: dhcpAssignedHostName
[19:29:44] INFO [org.apache.directory.api.ldap.model.entry.AbstractValue] - ERR_04447_CANNOT_NORMALIZE_VALUE Cannot normalize the wrapped value ERR_04226 I do not know how to handle NameAndOptionalUID normalization with objects of class: dhcpReservedForClient
[19:29:44] INFO [org.apache.directory.api.ldap.model.entry.AbstractValue] - ERR_04447_CANNOT_NORMALIZE_VALUE Cannot normalize the wrapped value ERR_04226 I do not know how to handle NameAndOptionalUID normalization with objects of class: dhcpAssignedToClient
[19:29:44] INFO [org.apache.directory.api.ldap.model.entry.AbstractValue] - ERR_04447_CANNOT_NORMALIZE_VALUE Cannot normalize the wrapped value ERR_04226 I do not know how to handle NameAndOptionalUID normalization with objects of class: dhcpRelayAgentInfo
[19:29:44] INFO [org.apache.directory.api.ldap.model.entry.AbstractValue] - ERR_04447_CANNOT_NORMALIZE_VALUE Cannot normalize the wrapped value ERR_04226 I do not know how to handle NameAndOptionalUID normalization with objects of class: dhcpHWAddress
[19:29:44] INFO [org.apache.directory.api.ldap.model.entry.AbstractValue] - ERR_04447_CANNOT_NORMALIZE_VALUE Cannot normalize the wrapped value ERR_04226 I do not know how to handle NameAndOptionalUID normalization with objects of class: dhcpErrorLog
[19:29:44] INFO [org.apache.directory.api.ldap.model.entry.AbstractValue] - ERR_04447_CANNOT_NORMALIZE_VALUE Cannot normalize the wrapped value ERR_04226 I do not know how to handle NameAndOptionalUID normalization with objects of class: dhcpVersion
[19:29:44] INFO [org.apache.directory.api.ldap.model.entry.AbstractValue] - ERR_04447_CANNOT_NORMALIZE_VALUE Cannot normalize the wrapped value ERR_04226 I do not know how to handle NameAndOptionalUID normalization with objects of class: dhcpImplementation
[19:29:44] INFO [org.apache.directory.api.ldap.model.entry.AbstractValue] - ERR_04447_CANNOT_NORMALIZE_VALUE Cannot normalize the wrapped value ERR_04226 I do not know how to handle NameAndOptionalUID normalization with objects of class: dhcpHashBucketAssignment
[19:29:44] INFO [org.apache.directory.api.ldap.model.entry.AbstractValue] - ERR_04447_CANNOT_NORMALIZE_VALUE Cannot normalize the wrapped value ERR_04226 I do not know how to handle NameAndOptionalUID normalization with objects of class: dhcpDelayedServiceParameter
[19:29:44] INFO [org.apache.directory.api.ldap.model.entry.AbstractValue] - ERR_04447_CANNOT_NORMALIZE_VALUE Cannot normalize the wrapped value ERR_04226 I do not know how to handle NameAndOptionalUID normalization with objects of class: dhcpMaxClientLeadTime
[19:29:44] INFO [org.apache.directory.api.ldap.model.entry.AbstractValue] - ERR_04447_CANNOT_NORMALIZE_VALUE Cannot normalize the wrapped value ERR_04226 I do not know how to handle NameAndOptionalUID normalization with objects of class: dhcpFailOverEndpointState
[19:29:44] INFO [org.apache.directory.api.ldap.model.entry.AbstractValue] - ERR_04447_CANNOT_NORMALIZE_VALUE Cannot normalize the wrapped value ERR_04226 I do not know how to handle NameAndOptionalUID normalization with objects of class: dhcpStatements
[19:29:44] INFO [org.apache.directory.api.ldap.model.entry.AbstractValue] - ERR_04447_CANNOT_NORMALIZE_VALUE Cannot normalize the wrapped value ERR_04226 I do not know how to handle NameAndOptionalUID normalization with objects of class: dhcpServiceDN
[19:29:44] INFO [org.apache.directory.api.ldap.model.entry.AbstractValue] - ERR_04447_CANNOT_NORMALIZE_VALUE Cannot normalize the wrapped value ERR_04226 I do not know how to handle NameAndOptionalUID normalization with objects of class: dhcpSubnetDN
[19:29:44] INFO [org.apache.directory.api.ldap.model.entry.AbstractValue] - ERR_04447_CANNOT_NORMALIZE_VALUE Cannot normalize the wrapped value ERR_04226 I do not know how to handle NameAndOptionalUID normalization with objects of class: dhcpPoolDN
[19:29:44] INFO [org.apache.directory.api.ldap.model.entry.AbstractValue] - ERR_04447_CANNOT_NORMALIZE_VALUE Cannot normalize the wrapped value ERR_04226 I do not know how to handle NameAndOptionalUID normalization with objects of class: dhcpOptionsDN
[19:29:44] INFO [org.apache.directory.api.ldap.model.entry.AbstractValue] - ERR_04447_CANNOT_NORMALIZE_VALUE Cannot normalize the wrapped value ERR_04226 I do not know how to handle NameAndOptionalUID normalization with objects of class: dhcpStatements
[19:29:44] INFO [org.apache.directory.api.ldap.model.entry.AbstractValue] - ERR_04447_CANNOT_NORMALIZE_VALUE Cannot normalize the wrapped value ERR_04226 I do not know how to handle NameAndOptionalUID normalization with objects of class: dhcpRange
[19:29:44] INFO [org.apache.directory.api.ldap.model.entry.AbstractValue] - ERR_04447_CANNOT_NORMALIZE_VALUE Cannot normalize the wrapped value ERR_04226 I do not know how to handle NameAndOptionalUID normalization with objects of class: dhcpPoolDN
[19:29:44] INFO [org.apache.directory.api.ldap.model.entry.AbstractValue] - ERR_04447_CANNOT_NORMALIZE_VALUE Cannot normalize the wrapped value ERR_04226 I do not know how to handle NameAndOptionalUID normalization with objects of class: dhcpGroupDN
[19:29:44] INFO [org.apache.directory.api.ldap.model.entry.AbstractValue] - ERR_04447_CANNOT_NORMALIZE_VALUE Cannot normalize the wrapped value ERR_04226 I do not know how to handle NameAndOptionalUID normalization with objects of class: dhcpHostDN
[19:29:44] INFO [org.apache.directory.api.ldap.model.entry.AbstractValue] - ERR_04447_CANNOT_NORMALIZE_VALUE Cannot normalize the wrapped value ERR_04226 I do not know how to handle NameAndOptionalUID normalization with objects of class: dhcpClassesDN
[19:29:44] INFO [org.apache.directory.api.ldap.model.entry.AbstractValue] - ERR_04447_CANNOT_NORMALIZE_VALUE Cannot normalize the wrapped value ERR_04226 I do not know how to handle NameAndOptionalUID normalization with objects of class: dhcpLeasesDN
[19:29:44] INFO [org.apache.directory.api.ldap.model.entry.AbstractValue] - ERR_04447_CANNOT_NORMALIZE_VALUE Cannot normalize the wrapped value ERR_04226 I do not know how to handle NameAndOptionalUID normalization with objects of class: dhcpOptionsDN
[19:29:44] INFO [org.apache.directory.api.ldap.model.entry.AbstractValue] - ERR_04447_CANNOT_NORMALIZE_VALUE Cannot normalize the wrapped value ERR_04226 I do not know how to handle NameAndOptionalUID normalization with objects of class: dhcpStatements
[19:29:44] INFO [org.apache.directory.api.ldap.model.entry.AbstractValue] - ERR_04447_CANNOT_NORMALIZE_VALUE Cannot normalize the wrapped value ERR_04226 I do not know how to handle NameAndOptionalUID normalization with objects of class: dhcpNetMask
[19:29:44] INFO [org.apache.directory.api.ldap.model.entry.AbstractValue] - ERR_04447_CANNOT_NORMALIZE_VALUE Cannot normalize the wrapped value ERR_04226 I do not know how to handle NameAndOptionalUID normalization with objects of class: dhcpClassesDN
[19:29:44] INFO [org.apache.directory.api.ldap.model.entry.AbstractValue] - ERR_04447_CANNOT_NORMALIZE_VALUE Cannot normalize the wrapped value ERR_04226 I do not know how to handle NameAndOptionalUID normalization with objects of class: dhcpPermitList
[19:29:44] INFO [org.apache.directory.api.ldap.model.entry.AbstractValue] - ERR_04447_CANNOT_NORMALIZE_VALUE Cannot normalize the wrapped value ERR_04226 I do not know how to handle NameAndOptionalUID normalization with objects of class: dhcpLeasesDN
[19:29:44] INFO [org.apache.directory.api.ldap.model.entry.AbstractValue] - ERR_04447_CANNOT_NORMALIZE_VALUE Cannot normalize the wrapped value ERR_04226 I do not know how to handle NameAndOptionalUID normalization with objects of class: dhcpOptionsDN
[19:29:44] INFO [org.apache.directory.api.ldap.model.entry.AbstractValue] - ERR_04447_CANNOT_NORMALIZE_VALUE Cannot normalize the wrapped value ERR_04226 I do not know how to handle NameAndOptionalUID normalization with objects of class: dhcpStatements
[19:29:44] INFO [org.apache.directory.api.ldap.model.entry.AbstractValue] - ERR_04447_CANNOT_NORMALIZE_VALUE Cannot normalize the wrapped value ERR_04226 I do not know how to handle NameAndOptionalUID normalization with objects of class: dhcpRange
[19:29:44] INFO [org.apache.directory.api.ldap.model.entry.AbstractValue] - ERR_04447_CANNOT_NORMALIZE_VALUE Cannot normalize the wrapped value ERR_04226 I do not know how to handle NameAndOptionalUID normalization with objects of class: dhcpHostDN
[19:29:44] INFO [org.apache.directory.api.ldap.model.entry.AbstractValue] - ERR_04447_CANNOT_NORMALIZE_VALUE Cannot normalize the wrapped value ERR_04226 I do not know how to handle NameAndOptionalUID normalization with objects of class: dhcpOptionsDN
[19:29:44] INFO [org.apache.directory.api.ldap.model.entry.AbstractValue] - ERR_04447_CANNOT_NORMALIZE_VALUE Cannot normalize the wrapped value ERR_04226 I do not know how to handle NameAndOptionalUID normalization with objects of class: dhcpStatements
[19:29:44] INFO [org.apache.directory.api.ldap.model.entry.AbstractValue] - ERR_04447_CANNOT_NORMALIZE_VALUE Cannot normalize the wrapped value ERR_04226 I do not know how to handle NameAndOptionalUID normalization with objects of class: dhcpLeaseDN
[19:29:44] INFO [org.apache.directory.api.ldap.model.entry.AbstractValue] - ERR_04447_CANNOT_NORMALIZE_VALUE Cannot normalize the wrapped value ERR_04226 I do not know how to handle NameAndOptionalUID normalization with objects of class: dhcpHWAddress
[19:29:44] INFO [org.apache.directory.api.ldap.model.entry.AbstractValue] - ERR_04447_CANNOT_NORMALIZE_VALUE Cannot normalize the wrapped value ERR_04226 I do not know how to handle NameAndOptionalUID normalization with objects of class: dhcpOptionsDN
[19:29:44] INFO [org.apache.directory.api.ldap.model.entry.AbstractValue] - ERR_04447_CANNOT_NORMALIZE_VALUE Cannot normalize the wrapped value ERR_04226 I do not know how to handle NameAndOptionalUID normalization with objects of class: dhcpStatements
[19:29:44] INFO [org.apache.directory.api.ldap.model.entry.AbstractValue] - ERR_04447_CANNOT_NORMALIZE_VALUE Cannot normalize the wrapped value ERR_04226 I do not know how to handle NameAndOptionalUID normalization with objects of class: dhcpSubclassesDN
[19:29:44] INFO [org.apache.directory.api.ldap.model.entry.AbstractValue] - ERR_04447_CANNOT_NORMALIZE_VALUE Cannot normalize the wrapped value ERR_04226 I do not know how to handle NameAndOptionalUID normalization with objects of class: dhcpOptionsDN
[19:29:44] INFO [org.apache.directory.api.ldap.model.entry.AbstractValue] - ERR_04447_CANNOT_NORMALIZE_VALUE Cannot normalize the wrapped value ERR_04226 I do not know how to handle NameAndOptionalUID normalization with objects of class: dhcpStatements
[19:29:44] INFO [org.apache.directory.api.ldap.model.entry.AbstractValue] - ERR_04447_CANNOT_NORMALIZE_VALUE Cannot normalize the wrapped value ERR_04226 I do not know how to handle NameAndOptionalUID normalization with objects of class: dhcpClassData
[19:29:44] INFO [org.apache.directory.api.ldap.model.entry.AbstractValue] - ERR_04447_CANNOT_NORMALIZE_VALUE Cannot normalize the wrapped value ERR_04226 I do not know how to handle NameAndOptionalUID normalization with objects of class: dhcpOptionsDN
[19:29:44] INFO [org.apache.directory.api.ldap.model.entry.AbstractValue] - ERR_04447_CANNOT_NORMALIZE_VALUE Cannot normalize the wrapped value ERR_04226 I do not know how to handle NameAndOptionalUID normalization with objects of class: dhcpStatements
[19:29:44] INFO [org.apache.directory.api.ldap.model.entry.AbstractValue] - ERR_04447_CANNOT_NORMALIZE_VALUE Cannot normalize the wrapped value ERR_04226 I do not know how to handle NameAndOptionalUID normalization with objects of class: dhcpOption
[19:29:44] INFO [org.apache.directory.api.ldap.model.entry.AbstractValue] - ERR_04447_CANNOT_NORMALIZE_VALUE Cannot normalize the wrapped value ERR_04226 I do not know how to handle NameAndOptionalUID normalization with objects of class: xmozillanickname
[19:29:44] INFO [org.apache.directory.api.ldap.model.entry.AbstractValue] - ERR_04447_CANNOT_NORMALIZE_VALUE Cannot normalize the wrapped value ERR_04226 I do not know how to handle NameAndOptionalUID normalization with objects of class: xmozillausehtmlmail
[19:29:44] INFO [org.apache.directory.api.ldap.model.entry.AbstractValue] - ERR_04447_CANNOT_NORMALIZE_VALUE Cannot normalize the wrapped value ERR_04226 I do not know how to handle NameAndOptionalUID normalization with objects of class: mozillaSecondEmail
[19:29:44] INFO [org.apache.directory.api.ldap.model.entry.AbstractValue] - ERR_04447_CANNOT_NORMALIZE_VALUE Cannot normalize the wrapped value ERR_04226 I do not know how to handle NameAndOptionalUID normalization with objects of class: mozillaPostalAddress2
[19:29:44] INFO [org.apache.directory.api.ldap.model.entry.AbstractValue] - ERR_04447_CANNOT_NORMALIZE_VALUE Cannot normalize the wrapped value ERR_04226 I do not know how to handle NameAndOptionalUID normalization with objects of class: mozillaHomePostalAddress2
[19:29:44] INFO [org.apache.directory.api.ldap.model.entry.AbstractValue] - ERR_04447_CANNOT_NORMALIZE_VALUE Cannot normalize the wrapped value ERR_04226 I do not know how to handle NameAndOptionalUID normalization with objects of class: mozillaHomeLocalityName
[19:29:44] INFO [org.apache.directory.api.ldap.model.entry.AbstractValue] - ERR_04447_CANNOT_NORMALIZE_VALUE Cannot normalize the wrapped value ERR_04226 I do not know how to handle NameAndOptionalUID normalization with objects of class: mozillaHomeState
[19:29:44] INFO [org.apache.directory.api.ldap.model.entry.AbstractValue] - ERR_04447_CANNOT_NORMALIZE_VALUE Cannot normalize the wrapped value ERR_04226 I do not know how to handle NameAndOptionalUID normalization with objects of class: mozillaHomePostalCode
[19:29:44] INFO [org.apache.directory.api.ldap.model.entry.AbstractValue] - ERR_04447_CANNOT_NORMALIZE_VALUE Cannot normalize the wrapped value ERR_04226 I do not know how to handle NameAndOptionalUID normalization with objects of class: mozillaHomeCountryName
[19:29:44] INFO [org.apache.directory.api.ldap.model.entry.AbstractValue] - ERR_04447_CANNOT_NORMALIZE_VALUE Cannot normalize the wrapped value ERR_04226 I do not know how to handle NameAndOptionalUID normalization with objects of class: mozillaHomeFriendlyCountryName
[19:29:44] INFO [org.apache.directory.api.ldap.model.entry.AbstractValue] - ERR_04447_CANNOT_NORMALIZE_VALUE Cannot normalize the wrapped value ERR_04226 I do not know how to handle NameAndOptionalUID normalization with objects of class: homeurl
[19:29:44] INFO [org.apache.directory.api.ldap.model.entry.AbstractValue] - ERR_04447_CANNOT_NORMALIZE_VALUE Cannot normalize the wrapped value ERR_04226 I do not know how to handle NameAndOptionalUID normalization with objects of class: workurl
[19:29:44] INFO [org.apache.directory.api.ldap.model.entry.AbstractValue] - ERR_04447_CANNOT_NORMALIZE_VALUE Cannot normalize the wrapped value ERR_04226 I do not know how to handle NameAndOptionalUID normalization with objects of class: custom1
[19:29:44] INFO [org.apache.directory.api.ldap.model.entry.AbstractValue] - ERR_04447_CANNOT_NORMALIZE_VALUE Cannot normalize the wrapped value ERR_04226 I do not know how to handle NameAndOptionalUID normalization with objects of class: custom2
[19:29:44] INFO [org.apache.directory.api.ldap.model.entry.AbstractValue] - ERR_04447_CANNOT_NORMALIZE_VALUE Cannot normalize the wrapped value ERR_04226 I do not know how to handle NameAndOptionalUID normalization with objects of class: custom3
[19:29:44] INFO [org.apache.directory.api.ldap.model.entry.AbstractValue] - ERR_04447_CANNOT_NORMALIZE_VALUE Cannot normalize the wrapped value ERR_04226 I do not know how to handle NameAndOptionalUID normalization with objects of class: custom4
[19:29:44] INFO [org.apache.directory.api.ldap.model.entry.AbstractValue] - ERR_04447_CANNOT_NORMALIZE_VALUE Cannot normalize the wrapped value ERR_04226 I do not know how to handle NameAndOptionalUID normalization with objects of class: nsAIMid
[19:29:44] INFO [org.apache.directory.api.ldap.model.entry.AbstractValue] - ERR_04447_CANNOT_NORMALIZE_VALUE Cannot normalize the wrapped value ERR_04226 I do not know how to handle NameAndOptionalUID normalization with objects of class: caseExactIA5SubstringsMatch
[19:29:44] INFO [org.apache.directory.api.ldap.model.entry.AbstractValue] - ERR_04447_CANNOT_NORMALIZE_VALUE Cannot normalize the wrapped value ERR_04226 I do not know how to handle NameAndOptionalUID normalization with objects of class: caseExactIA5SubstringsMatch
[19:29:44] INFO [org.apache.directory.api.ldap.model.entry.AbstractValue] - ERR_04447_CANNOT_NORMALIZE_VALUE Cannot normalize the wrapped value ERR_04226 I do not know how to handle NameAndOptionalUID normalization with objects of class: caseExactIA5SubstringsMatch
[19:29:44] INFO [org.apache.directory.api.ldap.model.entry.AbstractValue] - ERR_04447_CANNOT_NORMALIZE_VALUE Cannot normalize the wrapped value ERR_04226 I do not know how to handle NameAndOptionalUID normalization with objects of class: loginShell
[19:29:44] INFO [org.apache.directory.api.ldap.model.entry.AbstractValue] - ERR_04447_CANNOT_NORMALIZE_VALUE Cannot normalize the wrapped value ERR_04226 I do not know how to handle NameAndOptionalUID normalization with objects of class: gecos
[19:29:44] INFO [org.apache.directory.api.ldap.model.entry.AbstractValue] - ERR_04447_CANNOT_NORMALIZE_VALUE Cannot normalize the wrapped value ERR_04226 I do not know how to handle NameAndOptionalUID normalization with objects of class: uidNumber
[19:29:44] INFO [org.apache.directory.api.ldap.model.entry.AbstractValue] - ERR_04447_CANNOT_NORMALIZE_VALUE Cannot normalize the wrapped value ERR_04226 I do not know how to handle NameAndOptionalUID normalization with objects of class: gidNumber
[19:29:44] INFO [org.apache.directory.api.ldap.model.entry.AbstractValue] - ERR_04447_CANNOT_NORMALIZE_VALUE Cannot normalize the wrapped value ERR_04226 I do not know how to handle NameAndOptionalUID normalization with objects of class: homeDirectory
[19:29:44] INFO [org.apache.directory.api.ldap.model.entry.AbstractValue] - ERR_04447_CANNOT_NORMALIZE_VALUE Cannot normalize the wrapped value ERR_04226 I do not know how to handle NameAndOptionalUID normalization with objects of class: shadowLastChange
[19:29:44] INFO [org.apache.directory.api.ldap.model.entry.AbstractValue] - ERR_04447_CANNOT_NORMALIZE_VALUE Cannot normalize the wrapped value ERR_04226 I do not know how to handle NameAndOptionalUID normalization with objects of class: shadowMin
[19:29:44] INFO [org.apache.directory.api.ldap.model.entry.AbstractValue] - ERR_04447_CANNOT_NORMALIZE_VALUE Cannot normalize the wrapped value ERR_04226 I do not know how to handle NameAndOptionalUID normalization with objects of class: shadowMax
[19:29:44] INFO [org.apache.directory.api.ldap.model.entry.AbstractValue] - ERR_04447_CANNOT_NORMALIZE_VALUE Cannot normalize the wrapped value ERR_04226 I do not know how to handle NameAndOptionalUID normalization with objects of class: shadowWarning
[19:29:44] INFO [org.apache.directory.api.ldap.model.entry.AbstractValue] - ERR_04447_CANNOT_NORMALIZE_VALUE Cannot normalize the wrapped value ERR_04226 I do not know how to handle NameAndOptionalUID normalization with objects of class: shadowInactive
[19:29:44] INFO [org.apache.directory.api.ldap.model.entry.AbstractValue] - ERR_04447_CANNOT_NORMALIZE_VALUE Cannot normalize the wrapped value ERR_04226 I do not know how to handle NameAndOptionalUID normalization with objects of class: shadowExpire
[19:29:44] INFO [org.apache.directory.api.ldap.model.entry.AbstractValue] - ERR_04447_CANNOT_NORMALIZE_VALUE Cannot normalize the wrapped value ERR_04226 I do not know how to handle NameAndOptionalUID normalization with objects of class: shadowFlag
[19:29:44] INFO [org.apache.directory.api.ldap.model.entry.AbstractValue] - ERR_04447_CANNOT_NORMALIZE_VALUE Cannot normalize the wrapped value ERR_04226 I do not know how to handle NameAndOptionalUID normalization with objects of class: nisMapEntry
[19:29:44] INFO [org.apache.directory.api.ldap.model.entry.AbstractValue] - ERR_04447_CANNOT_NORMALIZE_VALUE Cannot normalize the wrapped value ERR_04226 I do not know how to handle NameAndOptionalUID normalization with objects of class: nisMapName
[19:29:44] INFO [org.apache.directory.api.ldap.model.entry.AbstractValue] - ERR_04447_CANNOT_NORMALIZE_VALUE Cannot normalize the wrapped value ERR_04226 I do not know how to handle NameAndOptionalUID normalization with objects of class: macAddress
[19:29:44] INFO [org.apache.directory.api.ldap.model.entry.AbstractValue] - ERR_04447_CANNOT_NORMALIZE_VALUE Cannot normalize the wrapped value ERR_04226 I do not know how to handle NameAndOptionalUID normalization with objects of class: bootFile
[19:29:44] INFO [org.apache.directory.api.ldap.model.entry.AbstractValue] - ERR_04447_CANNOT_NORMALIZE_VALUE Cannot normalize the wrapped value ERR_04226 I do not know how to handle NameAndOptionalUID normalization with objects of class: bootParameter
[19:29:44] INFO [org.apache.directory.api.ldap.model.entry.AbstractValue] - ERR_04447_CANNOT_NORMALIZE_VALUE Cannot normalize the wrapped value ERR_04226 I do not know how to handle NameAndOptionalUID normalization with objects of class: memberUid
[19:29:44] INFO [org.apache.directory.api.ldap.model.entry.AbstractValue] - ERR_04447_CANNOT_NORMALIZE_VALUE Cannot normalize the wrapped value ERR_04226 I do not know how to handle NameAndOptionalUID normalization with objects of class: gidNumber
[19:29:44] INFO [org.apache.directory.api.ldap.model.entry.AbstractValue] - ERR_04447_CANNOT_NORMALIZE_VALUE Cannot normalize the wrapped value ERR_04226 I do not know how to handle NameAndOptionalUID normalization with objects of class: ipServicePort
[19:29:44] INFO [org.apache.directory.api.ldap.model.entry.AbstractValue] - ERR_04447_CANNOT_NORMALIZE_VALUE Cannot normalize the wrapped value ERR_04226 I do not know how to handle NameAndOptionalUID normalization with objects of class: ipServiceProtocol
[19:29:44] INFO [org.apache.directory.api.ldap.model.entry.AbstractValue] - ERR_04447_CANNOT_NORMALIZE_VALUE Cannot normalize the wrapped value ERR_04226 I do not know how to handle NameAndOptionalUID normalization with objects of class: ipProtocolNumber
[19:29:44] INFO [org.apache.directory.api.ldap.model.entry.AbstractValue] - ERR_04447_CANNOT_NORMALIZE_VALUE Cannot normalize the wrapped value ERR_04226 I do not know how to handle NameAndOptionalUID normalization with objects of class: oncRpcNumber
[19:29:44] INFO [org.apache.directory.api.ldap.model.entry.AbstractValue] - ERR_04447_CANNOT_NORMALIZE_VALUE Cannot normalize the wrapped value ERR_04226 I do not know how to handle NameAndOptionalUID normalization with objects of class: ipHostNumber
[19:29:44] INFO [org.apache.directory.api.ldap.model.entry.AbstractValue] - ERR_04447_CANNOT_NORMALIZE_VALUE Cannot normalize the wrapped value ERR_04226 I do not know how to handle NameAndOptionalUID normalization with objects of class: ipNetmaskNumber
[19:29:44] INFO [org.apache.directory.api.ldap.model.entry.AbstractValue] - ERR_04447_CANNOT_NORMALIZE_VALUE Cannot normalize the wrapped value ERR_04226 I do not know how to handle NameAndOptionalUID normalization with objects of class: ipNetworkNumber
[19:29:44] INFO [org.apache.directory.api.ldap.model.entry.AbstractValue] - ERR_04447_CANNOT_NORMALIZE_VALUE Cannot normalize the wrapped value ERR_04226 I do not know how to handle NameAndOptionalUID normalization with objects of class: nisNetgroupTriple
[19:29:44] INFO [org.apache.directory.api.ldap.model.entry.AbstractValue] - ERR_04447_CANNOT_NORMALIZE_VALUE Cannot normalize the wrapped value ERR_04226 I do not know how to handle NameAndOptionalUID normalization with objects of class: memberNisNetgroup
[19:29:44] INFO [org.apache.directory.api.ldap.model.entry.AbstractValue] - ERR_04447_CANNOT_NORMALIZE_VALUE Cannot normalize the wrapped value ERR_04226 I do not know how to handle NameAndOptionalUID normalization with objects of class: nisMapName
[19:29:44] INFO [org.apache.directory.api.ldap.model.ldif.LdifReader] - No version information : assuming version: 1
[19:29:44] INFO [org.apache.directory.api.ldap.model.ldif.LdifReader] - No version information : assuming version: 1
[19:29:44] INFO [org.apache.directory.api.ldap.model.ldif.LdifReader] - No version information : assuming version: 1
[19:29:44] INFO [org.apache.directory.api.ldap.model.entry.AbstractValue] - ERR_04447_CANNOT_NORMALIZE_VALUE Cannot normalize the wrapped value ERR_04226 I do not know how to handle NameAndOptionalUID normalization with objects of class: caseExactIA5SubstringsMatch
[19:29:44] INFO [org.apache.directory.api.ldap.model.ldif.LdifReader] - No version information : assuming version: 1
[19:29:44] INFO [org.apache.directory.api.ldap.model.entry.AbstractValue] - ERR_04447_CANNOT_NORMALIZE_VALUE Cannot normalize the wrapped value ERR_04226 I do not know how to handle NameAndOptionalUID normalization with objects of class: caseExactIA5SubstringsMatch
[19:29:44] INFO [org.apache.directory.api.ldap.model.ldif.LdifReader] - No version information : assuming version: 1
[19:29:44] INFO [org.apache.directory.api.ldap.model.entry.AbstractValue] - ERR_04447_CANNOT_NORMALIZE_VALUE Cannot normalize the wrapped value ERR_04226 I do not know how to handle NameAndOptionalUID normalization with objects of class: uidNumber
[19:29:44] INFO [org.apache.directory.api.ldap.model.entry.AbstractValue] - ERR_04447_CANNOT_NORMALIZE_VALUE Cannot normalize the wrapped value ERR_04226 I do not know how to handle NameAndOptionalUID normalization with objects of class: nisPublicKey
[19:29:44] INFO [org.apache.directory.api.ldap.model.entry.AbstractValue] - ERR_04447_CANNOT_NORMALIZE_VALUE Cannot normalize the wrapped value ERR_04226 I do not know how to handle NameAndOptionalUID normalization with objects of class: nisSecretKey
[19:29:44] INFO [org.apache.directory.api.ldap.model.ldif.LdifReader] - No version information : assuming version: 1
[19:29:44] INFO [org.apache.directory.api.ldap.model.entry.AbstractValue] - ERR_04447_CANNOT_NORMALIZE_VALUE Cannot normalize the wrapped value ERR_04226 I do not know how to handle NameAndOptionalUID normalization with objects of class: nisDomain
[19:29:44] INFO [org.apache.directory.api.ldap.model.ldif.LdifReader] - No version information : assuming version: 1
[19:29:44] INFO [org.apache.directory.api.ldap.model.entry.AbstractValue] - ERR_04447_CANNOT_NORMALIZE_VALUE Cannot normalize the wrapped value ERR_04226 I do not know how to handle NameAndOptionalUID normalization with objects of class: sambaShareName
[19:29:44] INFO [org.apache.directory.api.ldap.model.entry.AbstractValue] - ERR_04447_CANNOT_NORMALIZE_VALUE Cannot normalize the wrapped value ERR_04226 I do not know how to handle NameAndOptionalUID normalization with objects of class: sambaBoolOption
[19:29:44] INFO [org.apache.directory.api.ldap.model.entry.AbstractValue] - ERR_04447_CANNOT_NORMALIZE_VALUE Cannot normalize the wrapped value ERR_04226 I do not know how to handle NameAndOptionalUID normalization with objects of class: sambaIntegerOption
[19:29:44] INFO [org.apache.directory.api.ldap.model.entry.AbstractValue] - ERR_04447_CANNOT_NORMALIZE_VALUE Cannot normalize the wrapped value ERR_04226 I do not know how to handle NameAndOptionalUID normalization with objects of class: sambaStringListOption
[19:29:44] INFO [org.apache.directory.api.ldap.model.entry.AbstractValue] - ERR_04447_CANNOT_NORMALIZE_VALUE Cannot normalize the wrapped value ERR_04226 I do not know how to handle NameAndOptionalUID normalization with objects of class: sambaStringOption
[19:29:44] INFO [org.apache.directory.api.ldap.model.entry.AbstractValue] - ERR_04447_CANNOT_NORMALIZE_VALUE Cannot normalize the wrapped value ERR_04226 I do not know how to handle NameAndOptionalUID normalization with objects of class: sambaOptionName
[19:29:44] INFO [org.apache.directory.api.ldap.model.entry.AbstractValue] - ERR_04447_CANNOT_NORMALIZE_VALUE Cannot normalize the wrapped value ERR_04226 I do not know how to handle NameAndOptionalUID normalization with objects of class: sambaPrivilegeList
[19:29:44] INFO [org.apache.directory.api.ldap.model.entry.AbstractValue] - ERR_04447_CANNOT_NORMALIZE_VALUE Cannot normalize the wrapped value ERR_04226 I do not know how to handle NameAndOptionalUID normalization with objects of class: sambaSID
[19:29:44] INFO [org.apache.directory.api.ldap.model.entry.AbstractValue] - ERR_04447_CANNOT_NORMALIZE_VALUE Cannot normalize the wrapped value ERR_04226 I do not know how to handle NameAndOptionalUID normalization with objects of class: sambaPwdLastSet
[19:29:44] INFO [org.apache.directory.api.ldap.model.entry.AbstractValue] - ERR_04447_CANNOT_NORMALIZE_VALUE Cannot normalize the wrapped value ERR_04226 I do not know how to handle NameAndOptionalUID normalization with objects of class: sambaSID
[19:29:44] INFO [org.apache.directory.api.ldap.model.entry.AbstractValue] - ERR_04447_CANNOT_NORMALIZE_VALUE Cannot normalize the wrapped value ERR_04226 I do not know how to handle NameAndOptionalUID normalization with objects of class: sambaDomainName
[19:29:44] INFO [org.apache.directory.api.ldap.model.entry.AbstractValue] - ERR_04447_CANNOT_NORMALIZE_VALUE Cannot normalize the wrapped value ERR_04226 I do not know how to handle NameAndOptionalUID normalization with objects of class: sambaNTPassword
[19:29:44] INFO [org.apache.directory.api.ldap.model.entry.AbstractValue] - ERR_04447_CANNOT_NORMALIZE_VALUE Cannot normalize the wrapped value ERR_04226 I do not know how to handle NameAndOptionalUID normalization with objects of class: sambaTrustFlags
[19:29:44] INFO [org.apache.directory.api.ldap.model.entry.AbstractValue] - ERR_04447_CANNOT_NORMALIZE_VALUE Cannot normalize the wrapped value ERR_04226 I do not know how to handle NameAndOptionalUID normalization with objects of class: sambaSIDList
[19:29:44] INFO [org.apache.directory.api.ldap.model.entry.AbstractValue] - ERR_04447_CANNOT_NORMALIZE_VALUE Cannot normalize the wrapped value ERR_04226 I do not know how to handle NameAndOptionalUID normalization with objects of class: gidNumber
[19:29:44] INFO [org.apache.directory.api.ldap.model.entry.AbstractValue] - ERR_04447_CANNOT_NORMALIZE_VALUE Cannot normalize the wrapped value ERR_04226 I do not know how to handle NameAndOptionalUID normalization with objects of class: sambaGroupType
[19:29:44] INFO [org.apache.directory.api.ldap.model.entry.AbstractValue] - ERR_04447_CANNOT_NORMALIZE_VALUE Cannot normalize the wrapped value ERR_04226 I do not know how to handle NameAndOptionalUID normalization with objects of class: sambaSID
[19:29:44] INFO [org.apache.directory.api.ldap.model.entry.AbstractValue] - ERR_04447_CANNOT_NORMALIZE_VALUE Cannot normalize the wrapped value ERR_04226 I do not know how to handle NameAndOptionalUID normalization with objects of class: sambaAlgorithmicRidBase
[19:29:44] INFO [org.apache.directory.api.ldap.model.entry.AbstractValue] - ERR_04447_CANNOT_NORMALIZE_VALUE Cannot normalize the wrapped value ERR_04226 I do not know how to handle NameAndOptionalUID normalization with objects of class: sambaForceLogoff
[19:29:44] INFO [org.apache.directory.api.ldap.model.entry.AbstractValue] - ERR_04447_CANNOT_NORMALIZE_VALUE Cannot normalize the wrapped value ERR_04226 I do not know how to handle NameAndOptionalUID normalization with objects of class: sambaLockoutDuration
[19:29:44] INFO [org.apache.directory.api.ldap.model.entry.AbstractValue] - ERR_04447_CANNOT_NORMALIZE_VALUE Cannot normalize the wrapped value ERR_04226 I do not know how to handle NameAndOptionalUID normalization with objects of class: sambaLockoutObservationWindow
[19:29:44] INFO [org.apache.directory.api.ldap.model.entry.AbstractValue] - ERR_04447_CANNOT_NORMALIZE_VALUE Cannot normalize the wrapped value ERR_04226 I do not know how to handle NameAndOptionalUID normalization with objects of class: sambaLockoutThreshold
[19:29:44] INFO [org.apache.directory.api.ldap.model.entry.AbstractValue] - ERR_04447_CANNOT_NORMALIZE_VALUE Cannot normalize the wrapped value ERR_04226 I do not know how to handle NameAndOptionalUID normalization with objects of class: sambaLogonToChgPwd
[19:29:44] INFO [org.apache.directory.api.ldap.model.entry.AbstractValue] - ERR_04447_CANNOT_NORMALIZE_VALUE Cannot normalize the wrapped value ERR_04226 I do not know how to handle NameAndOptionalUID normalization with objects of class: sambaMaxPwdAge
[19:29:44] INFO [org.apache.directory.api.ldap.model.entry.AbstractValue] - ERR_04447_CANNOT_NORMALIZE_VALUE Cannot normalize the wrapped value ERR_04226 I do not know how to handle NameAndOptionalUID normalization with objects of class: sambaMinPwdAge
[19:29:44] INFO [org.apache.directory.api.ldap.model.entry.AbstractValue] - ERR_04447_CANNOT_NORMALIZE_VALUE Cannot normalize the wrapped value ERR_04226 I do not know how to handle NameAndOptionalUID normalization with objects of class: sambaMinPwdLength
[19:29:44] INFO [org.apache.directory.api.ldap.model.entry.AbstractValue] - ERR_04447_CANNOT_NORMALIZE_VALUE Cannot normalize the wrapped value ERR_04226 I do not know how to handle NameAndOptionalUID normalization with objects of class: sambaNextGroupRid
[19:29:44] INFO [org.apache.directory.api.ldap.model.entry.AbstractValue] - ERR_04447_CANNOT_NORMALIZE_VALUE Cannot normalize the wrapped value ERR_04226 I do not know how to handle NameAndOptionalUID normalization with objects of class: sambaNextRid
[19:29:44] INFO [org.apache.directory.api.ldap.model.entry.AbstractValue] - ERR_04447_CANNOT_NORMALIZE_VALUE Cannot normalize the wrapped value ERR_04226 I do not know how to handle NameAndOptionalUID normalization with objects of class: sambaNextUserRid
[19:29:44] INFO [org.apache.directory.api.ldap.model.entry.AbstractValue] - ERR_04447_CANNOT_NORMALIZE_VALUE Cannot normalize the wrapped value ERR_04226 I do not know how to handle NameAndOptionalUID normalization with objects of class: sambaPwdHistoryLength
[19:29:44] INFO [org.apache.directory.api.ldap.model.entry.AbstractValue] - ERR_04447_CANNOT_NORMALIZE_VALUE Cannot normalize the wrapped value ERR_04226 I do not know how to handle NameAndOptionalUID normalization with objects of class: sambaRefuseMachinePwdChange
[19:29:44] INFO [org.apache.directory.api.ldap.model.entry.AbstractValue] - ERR_04447_CANNOT_NORMALIZE_VALUE Cannot normalize the wrapped value ERR_04226 I do not know how to handle NameAndOptionalUID normalization with objects of class: sambaDomainName
[19:29:44] INFO [org.apache.directory.api.ldap.model.entry.AbstractValue] - ERR_04447_CANNOT_NORMALIZE_VALUE Cannot normalize the wrapped value ERR_04226 I do not know how to handle NameAndOptionalUID normalization with objects of class: sambaSID
[19:29:44] INFO [org.apache.directory.api.ldap.model.entry.AbstractValue] - ERR_04447_CANNOT_NORMALIZE_VALUE Cannot normalize the wrapped value ERR_04226 I do not know how to handle NameAndOptionalUID normalization with objects of class: sambaAcctFlags
[19:29:44] INFO [org.apache.directory.api.ldap.model.entry.AbstractValue] - ERR_04447_CANNOT_NORMALIZE_VALUE Cannot normalize the wrapped value ERR_04226 I do not know how to handle NameAndOptionalUID normalization with objects of class: sambaBadPasswordCount
[19:29:44] INFO [org.apache.directory.api.ldap.model.entry.AbstractValue] - ERR_04447_CANNOT_NORMALIZE_VALUE Cannot normalize the wrapped value ERR_04226 I do not know how to handle NameAndOptionalUID normalization with objects of class: sambaBadPasswordTime
[19:29:44] INFO [org.apache.directory.api.ldap.model.entry.AbstractValue] - ERR_04447_CANNOT_NORMALIZE_VALUE Cannot normalize the wrapped value ERR_04226 I do not know how to handle NameAndOptionalUID normalization with objects of class: sambaDomainName
[19:29:44] INFO [org.apache.directory.api.ldap.model.entry.AbstractValue] - ERR_04447_CANNOT_NORMALIZE_VALUE Cannot normalize the wrapped value ERR_04226 I do not know how to handle NameAndOptionalUID normalization with objects of class: sambaHomeDrive
[19:29:44] INFO [org.apache.directory.api.ldap.model.entry.AbstractValue] - ERR_04447_CANNOT_NORMALIZE_VALUE Cannot normalize the wrapped value ERR_04226 I do not know how to handle NameAndOptionalUID normalization with objects of class: sambaHomePath
[19:29:44] INFO [org.apache.directory.api.ldap.model.entry.AbstractValue] - ERR_04447_CANNOT_NORMALIZE_VALUE Cannot normalize the wrapped value ERR_04226 I do not know how to handle NameAndOptionalUID normalization with objects of class: sambaKickoffTime
[19:29:44] INFO [org.apache.directory.api.ldap.model.entry.AbstractValue] - ERR_04447_CANNOT_NORMALIZE_VALUE Cannot normalize the wrapped value ERR_04226 I do not know how to handle NameAndOptionalUID normalization with objects of class: sambaLMPassword
[19:29:44] INFO [org.apache.directory.api.ldap.model.entry.AbstractValue] - ERR_04447_CANNOT_NORMALIZE_VALUE Cannot normalize the wrapped value ERR_04226 I do not know how to handle NameAndOptionalUID normalization with objects of class: sambaLogoffTime
[19:29:44] INFO [org.apache.directory.api.ldap.model.entry.AbstractValue] - ERR_04447_CANNOT_NORMALIZE_VALUE Cannot normalize the wrapped value ERR_04226 I do not know how to handle NameAndOptionalUID normalization with objects of class: sambaLogonHours
[19:29:44] INFO [org.apache.directory.api.ldap.model.entry.AbstractValue] - ERR_04447_CANNOT_NORMALIZE_VALUE Cannot normalize the wrapped value ERR_04226 I do not know how to handle NameAndOptionalUID normalization with objects of class: sambaLogonScript
[19:29:44] INFO [org.apache.directory.api.ldap.model.entry.AbstractValue] - ERR_04447_CANNOT_NORMALIZE_VALUE Cannot normalize the wrapped value ERR_04226 I do not know how to handle NameAndOptionalUID normalization with objects of class: sambaLogonTime
[19:29:44] INFO [org.apache.directory.api.ldap.model.entry.AbstractValue] - ERR_04447_CANNOT_NORMALIZE_VALUE Cannot normalize the wrapped value ERR_04226 I do not know how to handle NameAndOptionalUID normalization with objects of class: sambaMungedDial
[19:29:44] INFO [org.apache.directory.api.ldap.model.entry.AbstractValue] - ERR_04447_CANNOT_NORMALIZE_VALUE Cannot normalize the wrapped value ERR_04226 I do not know how to handle NameAndOptionalUID normalization with objects of class: sambaNTPassword
[19:29:44] INFO [org.apache.directory.api.ldap.model.entry.AbstractValue] - ERR_04447_CANNOT_NORMALIZE_VALUE Cannot normalize the wrapped value ERR_04226 I do not know how to handle NameAndOptionalUID normalization with objects of class: sambaPasswordHistory
[19:29:44] INFO [org.apache.directory.api.ldap.model.entry.AbstractValue] - ERR_04447_CANNOT_NORMALIZE_VALUE Cannot normalize the wrapped value ERR_04226 I do not know how to handle NameAndOptionalUID normalization with objects of class: sambaPrimaryGroupSID
[19:29:44] INFO [org.apache.directory.api.ldap.model.entry.AbstractValue] - ERR_04447_CANNOT_NORMALIZE_VALUE Cannot normalize the wrapped value ERR_04226 I do not know how to handle NameAndOptionalUID normalization with objects of class: sambaProfilePath
[19:29:44] INFO [org.apache.directory.api.ldap.model.entry.AbstractValue] - ERR_04447_CANNOT_NORMALIZE_VALUE Cannot normalize the wrapped value ERR_04226 I do not know how to handle NameAndOptionalUID normalization with objects of class: sambaPwdCanChange
[19:29:44] INFO [org.apache.directory.api.ldap.model.entry.AbstractValue] - ERR_04447_CANNOT_NORMALIZE_VALUE Cannot normalize the wrapped value ERR_04226 I do not know how to handle NameAndOptionalUID normalization with objects of class: sambaPwdLastSet
[19:29:44] INFO [org.apache.directory.api.ldap.model.entry.AbstractValue] - ERR_04447_CANNOT_NORMALIZE_VALUE Cannot normalize the wrapped value ERR_04226 I do not know how to handle NameAndOptionalUID normalization with objects of class: sambaPwdMustChange
[19:29:44] INFO [org.apache.directory.api.ldap.model.entry.AbstractValue] - ERR_04447_CANNOT_NORMALIZE_VALUE Cannot normalize the wrapped value ERR_04226 I do not know how to handle NameAndOptionalUID normalization with objects of class: sambaUserWorkstations
[19:29:44] INFO [org.apache.directory.api.ldap.model.entry.AbstractValue] - ERR_04447_CANNOT_NORMALIZE_VALUE Cannot normalize the wrapped value ERR_04226 I do not know how to handle NameAndOptionalUID normalization with objects of class: sambaSID
[19:29:44] INFO [org.apache.directory.api.ldap.model.entry.AbstractValue] - ERR_04447_CANNOT_NORMALIZE_VALUE Cannot normalize the wrapped value ERR_04226 I do not know how to handle NameAndOptionalUID normalization with objects of class: gidNumber
[19:29:44] INFO [org.apache.directory.api.ldap.model.entry.AbstractValue] - ERR_04447_CANNOT_NORMALIZE_VALUE Cannot normalize the wrapped value ERR_04226 I do not know how to handle NameAndOptionalUID normalization with objects of class: uidNumber
[19:29:44] INFO [org.apache.directory.api.ldap.model.entry.AbstractValue] - ERR_04447_CANNOT_NORMALIZE_VALUE Cannot normalize the wrapped value ERR_04226 I do not know how to handle NameAndOptionalUID normalization with objects of class: gidNumber
[19:29:44] INFO [org.apache.directory.api.ldap.model.entry.AbstractValue] - ERR_04447_CANNOT_NORMALIZE_VALUE Cannot normalize the wrapped value ERR_04226 I do not know how to handle NameAndOptionalUID normalization with objects of class: uidNumber
[19:29:44] INFO [org.apache.directory.api.ldap.model.entry.AbstractValue] - ERR_04447_CANNOT_NORMALIZE_VALUE Cannot normalize the wrapped value ERR_04226 I do not know how to handle NameAndOptionalUID normalization with objects of class: sambaSID
[19:29:44] INFO [org.apache.directory.api.ldap.model.entry.AbstractValue] - ERR_04447_CANNOT_NORMALIZE_VALUE Cannot normalize the wrapped value ERR_04226 I do not know how to handle NameAndOptionalUID normalization with objects of class: sambaSID
[19:29:44] INFO [org.apache.directory.server.core.api.CacheService] - fetching the cache named alias
[19:29:44] INFO [org.apache.directory.server.core.api.CacheService] - fetching the cache named piar
[19:29:44] INFO [org.apache.directory.server.core.api.CacheService] - fetching the cache named entryDn
[19:29:44] INFO [org.apache.directory.server.core.api.CacheService] - fetching the cache named system
[19:29:44] INFO [org.apache.directory.server.core.api.CacheService] - No cache with name system exists, creating one
[19:29:45] INFO [org.apache.directory.server.core.api.CacheService] - fetching the cache named groupCache
[19:29:45] INFO [org.apache.directory.server.core.event.EventInterceptor] - Initializing ...
[19:29:45] INFO [org.apache.directory.server.core.event.EventInterceptor] - Initialization complete.
[19:29:45] WARN [org.apache.directory.server.core.DefaultDirectoryService] - You didn't change the admin password of directory service instance 'null'.  Please update the admin password as soon as possible to prevent a possible security breach.
[19:29:45] INFO [org.apache.directory.api.ldap.model.ldif.LdifReader] - No version information : assuming version: 1
[19:29:45] INFO [org.apache.directory.api.ldap.schema.manager.impl.DefaultSchemaManager] - Loading microsoft enabled schema: 
	Schema Name: microsoft
		Disabled: false
		Owner: 0.9.2342.19200300.100.1.1=admin,2.5.4.11=system
		Dependencies: []
		SchemaLoader : 
[19:29:45] INFO [org.apache.directory.api.ldap.schema.manager.impl.DefaultSchemaManager] - Loading microsoft enabled schema: 
	Schema Name: microsoft
		Disabled: false
		Owner: 0.9.2342.19200300.100.1.1=admin,2.5.4.11=system
		Dependencies: []
		SchemaLoader : 
[19:29:45] INFO [org.apache.directory.server.protocol.shared.store.LdifFileLoader] - Created cn=microsoft, ou=schema.
[19:29:45] INFO [org.apache.directory.server.protocol.shared.store.LdifFileLoader] - Created ou=attributetypes, cn=microsoft, ou=schema.
[19:29:45] INFO [org.apache.directory.server.protocol.shared.store.LdifFileLoader] - Created m-oid=1.2.840.113556.1.4.221, ou=attributetypes, cn=microsoft, ou=schema.
[19:29:45] INFO [org.apache.directory.server.protocol.shared.store.LdifFileLoader] - Created m-oid=1.2.840.113556.1.4.222, ou=attributetypes, cn=microsoft, ou=schema.
[19:29:45] INFO [org.apache.directory.server.protocol.shared.store.LdifFileLoader] - Created ou=objectclasses, cn=microsoft, ou=schema.
[19:29:45] INFO [org.apache.directory.server.protocol.shared.store.LdifFileLoader] - Created m-oid=1.2.840.113556.1.5.6, ou=objectclasses, cn=microsoft, ou=schema.
[19:29:45] INFO [org.apache.directory.server.protocol.shared.store.LdifFileLoader] - Found ou=attributetypes, cn=microsoft, ou=schema, will not create.
[19:29:45] INFO [org.apache.directory.server.protocol.shared.store.LdifFileLoader] - Found ou=objectclasses, cn=microsoft, ou=schema, will not create.
[19:29:45] INFO [org.apache.directory.server.protocol.shared.store.LdifFileLoader] - Created m-oid=1.2.840.113556.1.5.9, ou=objectclasses, cn=microsoft, ou=schema.
[19:29:45] INFO [com.krish.ead.server.EmbeddedADSVerM23] - Krish schema has been loaded with count 7
[19:29:45] INFO [org.apache.directory.server.core.api.CacheService] - fetching the cache named alias
[19:29:45] INFO [org.apache.directory.server.core.api.CacheService] - fetching the cache named piar
[19:29:45] INFO [org.apache.directory.server.core.api.CacheService] - fetching the cache named entryDn
[19:29:45] INFO [org.apache.directory.server.core.api.CacheService] - fetching the cache named jpmis
[19:29:45] INFO [org.apache.directory.server.core.api.CacheService] - No cache with name jpmis exists, creating one
[19:29:45] WARN [org.apache.directory.server.core.normalization.NormalizationInterceptor] - The Rdn 'dc=jpmis' is not present in the entry
[19:29:45] INFO [com.krish.ead.server.EADGroupMappingUpdater] - Initializing Updater class for Providers ....
[19:29:45] INFO [com.krish.directory.service.EadSchemaService] - Creating user with Cn: krishdey
[19:29:45] INFO [com.krish.ead.server.EADServer] - Start the shutdown listener on port 50451
[19:29:45] INFO [com.krish.directory.service.EadSchemaService] - Created user in the EAD krishdey
[19:29:45] INFO [com.krish.directory.service.EadSchemaService] - Creating Group with : ND-DEY-ENG
[19:29:45] INFO [com.krish.directory.service.EadSchemaService] - Adding user with Cn: krishdey to group ND-DEY-ENG
[19:29:46] INFO [com.krish.security.hadoop.impl.GroupsMappingBuilder] - Loading mapping providers configuration
[19:29:46] INFO [com.krish.ead.server.EADServer] - Providers updater started successfully 
[19:29:46] INFO [com.krish.ead.server.EADGroupMappingUpdater] - Going to run schema update
[19:29:46] INFO [com.krish.directory.service.DefaultGroupMappingService] - Going to update Schemas..
[19:29:46] INFO [com.krish.security.hadoop.impl.LdapGroupsMapping] - Trying to get users for group ND-POC-ENG for NAEAST
[19:29:46] WARN [com.krish.security.hadoop.impl.LdapGroupsMapping] - Connection is closed, will try to reconnect for NAEAST LDAP URL: ldap://localhost:10689
[19:29:46] WARN [com.krish.security.hadoop.impl.LdapGroupsMapping] - Connection being closed, reconnecting failed, retryCount = 1
[19:29:46] WARN [com.krish.security.hadoop.impl.LdapGroupsMapping] - Connection being closed, reconnecting failed, retryCount = 2
[19:29:46] WARN [com.krish.security.hadoop.impl.LdapGroupsMapping] - Connection being closed, reconnecting failed, retryCount = 3
[19:29:46] INFO [com.krish.directory.service.DefaultGroupMappingService] - The users for the group ND-POC-ENG are []
[19:29:46] INFO [com.krish.ead.server.EADGroupMappingUpdater] - Schema update finishded
[19:30:46] INFO [com.krish.ead.server.EADGroupMappingUpdater] - Going to run schema update
[19:30:46] INFO [com.krish.directory.service.DefaultGroupMappingService] - Going to update Schemas..
[19:30:46] INFO [com.krish.security.hadoop.impl.LdapGroupsMapping] - Trying to get users for group ND-POC-ENG for NAEAST
[19:30:46] WARN [com.krish.security.hadoop.impl.LdapGroupsMapping] - Connection is closed, will try to reconnect for NAEAST LDAP URL: ldap://localhost:10689
[19:30:46] WARN [com.krish.security.hadoop.impl.LdapGroupsMapping] - Connection being closed, reconnecting failed, retryCount = 1
[19:30:46] WARN [com.krish.security.hadoop.impl.LdapGroupsMapping] - Connection being closed, reconnecting failed, retryCount = 2
[19:30:46] WARN [com.krish.security.hadoop.impl.LdapGroupsMapping] - Connection being closed, reconnecting failed, retryCount = 3
[19:30:46] INFO [com.krish.directory.service.DefaultGroupMappingService] - The users for the group ND-POC-ENG are []
[19:30:46] INFO [com.krish.ead.server.EADGroupMappingUpdater] - Schema update finishded
[19:31:46] INFO [com.krish.ead.server.EADGroupMappingUpdater] - Going to run schema update
[19:31:46] INFO [com.krish.directory.service.DefaultGroupMappingService] - Going to update Schemas..
[19:31:46] INFO [com.krish.security.hadoop.impl.LdapGroupsMapping] - Trying to get users for group ND-POC-ENG for NAEAST
[19:31:46] WARN [com.krish.security.hadoop.impl.LdapGroupsMapping] - Connection is closed, will try to reconnect for NAEAST LDAP URL: ldap://localhost:10689
[19:31:46] WARN [com.krish.security.hadoop.impl.LdapGroupsMapping] - Connection being closed, reconnecting failed, retryCount = 1
[19:31:46] WARN [com.krish.security.hadoop.impl.LdapGroupsMapping] - Connection being closed, reconnecting failed, retryCount = 2
[19:31:46] WARN [com.krish.security.hadoop.impl.LdapGroupsMapping] - Connection being closed, reconnecting failed, retryCount = 3
[19:31:46] INFO [com.krish.directory.service.DefaultGroupMappingService] - The users for the group ND-POC-ENG are []
[19:31:46] INFO [com.krish.ead.server.EADGroupMappingUpdater] - Schema update finishded
[19:32:46] INFO [com.krish.ead.server.EADGroupMappingUpdater] - Going to run schema update
[19:32:46] INFO [com.krish.directory.service.DefaultGroupMappingService] - Going to update Schemas..
[19:32:46] INFO [com.krish.security.hadoop.impl.LdapGroupsMapping] - Trying to get users for group ND-POC-ENG for NAEAST
[19:32:46] WARN [com.krish.security.hadoop.impl.LdapGroupsMapping] - Connection is closed, will try to reconnect for NAEAST LDAP URL: ldap://localhost:10689
[19:32:46] WARN [com.krish.security.hadoop.impl.LdapGroupsMapping] - Connection being closed, reconnecting failed, retryCount = 1
[19:32:46] WARN [com.krish.security.hadoop.impl.LdapGroupsMapping] - Connection being closed, reconnecting failed, retryCount = 2
[19:32:46] WARN [com.krish.security.hadoop.impl.LdapGroupsMapping] - Connection being closed, reconnecting failed, retryCount = 3
[19:32:46] INFO [com.krish.directory.service.DefaultGroupMappingService] - The users for the group ND-POC-ENG are []
[19:32:46] INFO [com.krish.ead.server.EADGroupMappingUpdater] - Schema update finishded
[19:33:46] INFO [com.krish.ead.server.EADGroupMappingUpdater] - Going to run schema update
[19:33:46] INFO [com.krish.directory.service.DefaultGroupMappingService] - Going to update Schemas..
[19:33:46] INFO [com.krish.security.hadoop.impl.LdapGroupsMapping] - Trying to get users for group ND-POC-ENG for NAEAST
[19:33:46] WARN [com.krish.security.hadoop.impl.LdapGroupsMapping] - Connection is closed, will try to reconnect for NAEAST LDAP URL: ldap://localhost:10689
[19:33:46] WARN [com.krish.security.hadoop.impl.LdapGroupsMapping] - Connection being closed, reconnecting failed, retryCount = 1
[19:33:46] WARN [com.krish.security.hadoop.impl.LdapGroupsMapping] - Connection being closed, reconnecting failed, retryCount = 2
[19:33:46] WARN [com.krish.security.hadoop.impl.LdapGroupsMapping] - Connection being closed, reconnecting failed, retryCount = 3
[19:33:46] INFO [com.krish.directory.service.DefaultGroupMappingService] - The users for the group ND-POC-ENG are []
[19:33:46] INFO [com.krish.ead.server.EADGroupMappingUpdater] - Schema update finishded
[19:33:50] INFO [org.apache.directory.server.core.api.CacheService] - clearing all the caches
