++ /usr/bin/java -Dlog4j.configuration=file:/Hadoop/git/CM-CSD-EAD/JPMISEAD-1.0.0/conf/log4j.properties -Dapacheds.log.dir=/Hadoop/git/CM-CSD-EAD/JPMISEAD-1.0.0/log -Dead.server.port=10389 -Dhadoop-group-mapping=/Hadoop/hadoop-group-mapping.xml -classpath /Hadoop/git/CM-CSD-EAD/JPMISEAD-1.0.0/lib/JPMISEAD-0.0.1-SNAPSHOT.jar:/Hadoop/git/CM-CSD-EAD/JPMISEAD-1.0.0/lib/LdapGroupMapping-0.0.1-SNAPSHOT.jar:/Hadoop/git/CM-CSD-EAD/JPMISEAD-1.0.0/lib/activation-1.1.jar:/Hadoop/git/CM-CSD-EAD/JPMISEAD-1.0.0/lib/apacheds-all-2.0.0-M23.jar:/Hadoop/git/CM-CSD-EAD/JPMISEAD-1.0.0/lib/apacheds-i18n-2.0.0-M15.jar:/Hadoop/git/CM-CSD-EAD/JPMISEAD-1.0.0/lib/apacheds-kerberos-codec-2.0.0-M15.jar:/Hadoop/git/CM-CSD-EAD/JPMISEAD-1.0.0/lib/api-asn1-api-1.0.0-M20.jar:/Hadoop/git/CM-CSD-EAD/JPMISEAD-1.0.0/lib/api-util-1.0.0-M20.jar:/Hadoop/git/CM-CSD-EAD/JPMISEAD-1.0.0/lib/asm-3.1.jar:/Hadoop/git/CM-CSD-EAD/JPMISEAD-1.0.0/lib/avro-1.7.6-cdh5.7.3.jar:/Hadoop/git/CM-CSD-EAD/JPMISEAD-1.0.0/lib/commons-beanutils-1.7.0.jar:/Hadoop/git/CM-CSD-EAD/JPMISEAD-1.0.0/lib/commons-beanutils-core-1.8.0.jar:/Hadoop/git/CM-CSD-EAD/JPMISEAD-1.0.0/lib/commons-cli-1.2.jar:/Hadoop/git/CM-CSD-EAD/JPMISEAD-1.0.0/lib/commons-codec-1.4.jar:/Hadoop/git/CM-CSD-EAD/JPMISEAD-1.0.0/lib/commons-collections-3.2.2.jar:/Hadoop/git/CM-CSD-EAD/JPMISEAD-1.0.0/lib/commons-compress-1.4.1.jar:/Hadoop/git/CM-CSD-EAD/JPMISEAD-1.0.0/lib/commons-configuration-1.6.jar:/Hadoop/git/CM-CSD-EAD/JPMISEAD-1.0.0/lib/commons-digester-1.8.jar:/Hadoop/git/CM-CSD-EAD/JPMISEAD-1.0.0/lib/commons-el-1.0.jar:/Hadoop/git/CM-CSD-EAD/JPMISEAD-1.0.0/lib/commons-httpclient-3.1.jar:/Hadoop/git/CM-CSD-EAD/JPMISEAD-1.0.0/lib/commons-io-2.4.jar:/Hadoop/git/CM-CSD-EAD/JPMISEAD-1.0.0/lib/commons-lang-2.6.jar:/Hadoop/git/CM-CSD-EAD/JPMISEAD-1.0.0/lib/commons-logging-1.1.3.jar:/Hadoop/git/CM-CSD-EAD/JPMISEAD-1.0.0/lib/commons-math3-3.1.1.jar:/Hadoop/git/CM-CSD-EAD/JPMISEAD-1.0.0/lib/commons-net-3.1.jar:/Hadoop/git/CM-CSD-EAD/JPMISEAD-1.0.0/lib/curator-client-2.7.1.jar:/Hadoop/git/CM-CSD-EAD/JPMISEAD-1.0.0/lib/curator-framework-2.7.1.jar:/Hadoop/git/CM-CSD-EAD/JPMISEAD-1.0.0/lib/curator-recipes-2.7.1.jar:/Hadoop/git/CM-CSD-EAD/JPMISEAD-1.0.0/lib/gson-2.2.4.jar:/Hadoop/git/CM-CSD-EAD/JPMISEAD-1.0.0/lib/guava-11.0.2.jar:/Hadoop/git/CM-CSD-EAD/JPMISEAD-1.0.0/lib/hadoop-annotations-2.6.0-cdh5.7.3.jar:/Hadoop/git/CM-CSD-EAD/JPMISEAD-1.0.0/lib/hadoop-auth-2.6.0-cdh5.7.3.jar:/Hadoop/git/CM-CSD-EAD/JPMISEAD-1.0.0/lib/hadoop-common-2.6.0-cdh5.7.3.jar:/Hadoop/git/CM-CSD-EAD/JPMISEAD-1.0.0/lib/hamcrest-core-1.3.jar:/Hadoop/git/CM-CSD-EAD/JPMISEAD-1.0.0/lib/htrace-core4-4.0.1-incubating.jar:/Hadoop/git/CM-CSD-EAD/JPMISEAD-1.0.0/lib/httpclient-4.1.2.jar:/Hadoop/git/CM-CSD-EAD/JPMISEAD-1.0.0/lib/httpcore-4.1.2.jar:/Hadoop/git/CM-CSD-EAD/JPMISEAD-1.0.0/lib/jackson-core-asl-1.8.8.jar:/Hadoop/git/CM-CSD-EAD/JPMISEAD-1.0.0/lib/jackson-jaxrs-1.8.3.jar:/Hadoop/git/CM-CSD-EAD/JPMISEAD-1.0.0/lib/jackson-mapper-asl-1.8.8.jar:/Hadoop/git/CM-CSD-EAD/JPMISEAD-1.0.0/lib/jackson-xc-1.8.3.jar:/Hadoop/git/CM-CSD-EAD/JPMISEAD-1.0.0/lib/jasper-compiler-5.5.23.jar:/Hadoop/git/CM-CSD-EAD/JPMISEAD-1.0.0/lib/jasper-runtime-5.5.23.jar:/Hadoop/git/CM-CSD-EAD/JPMISEAD-1.0.0/lib/java-xmlbuilder-0.4.jar:/Hadoop/git/CM-CSD-EAD/JPMISEAD-1.0.0/lib/jaxb-api-2.2.2.jar:/Hadoop/git/CM-CSD-EAD/JPMISEAD-1.0.0/lib/jaxb-impl-2.2.3-1.jar:/Hadoop/git/CM-CSD-EAD/JPMISEAD-1.0.0/lib/jersey-core-1.9.jar:/Hadoop/git/CM-CSD-EAD/JPMISEAD-1.0.0/lib/jersey-json-1.9.jar:/Hadoop/git/CM-CSD-EAD/JPMISEAD-1.0.0/lib/jersey-server-1.9.jar:/Hadoop/git/CM-CSD-EAD/JPMISEAD-1.0.0/lib/jets3t-0.9.0.jar:/Hadoop/git/CM-CSD-EAD/JPMISEAD-1.0.0/lib/jettison-1.1.jar:/Hadoop/git/CM-CSD-EAD/JPMISEAD-1.0.0/lib/jetty-6.1.26.cloudera.4.jar:/Hadoop/git/CM-CSD-EAD/JPMISEAD-1.0.0/lib/jetty-util-6.1.26.cloudera.4.jar:/Hadoop/git/CM-CSD-EAD/JPMISEAD-1.0.0/lib/jsch-0.1.42.jar:/Hadoop/git/CM-CSD-EAD/JPMISEAD-1.0.0/lib/jsp-api-2.1.jar:/Hadoop/git/CM-CSD-EAD/JPMISEAD-1.0.0/lib/jsr305-3.0.0.jar:/Hadoop/git/CM-CSD-EAD/JPMISEAD-1.0.0/lib/junit-4.12.jar:/Hadoop/git/CM-CSD-EAD/JPMISEAD-1.0.0/lib/log4j-1.2.17.jar:/Hadoop/git/CM-CSD-EAD/JPMISEAD-1.0.0/lib/paranamer-2.3.jar:/Hadoop/git/CM-CSD-EAD/JPMISEAD-1.0.0/lib/protobuf-java-2.5.0.jar:/Hadoop/git/CM-CSD-EAD/JPMISEAD-1.0.0/lib/servlet-api-2.5.jar:/Hadoop/git/CM-CSD-EAD/JPMISEAD-1.0.0/lib/slf4j-api-1.7.14.jar:/Hadoop/git/CM-CSD-EAD/JPMISEAD-1.0.0/lib/slf4j-log4j12-1.7.5.jar:/Hadoop/git/CM-CSD-EAD/JPMISEAD-1.0.0/lib/snappy-java-1.0.4.1.jar:/Hadoop/git/CM-CSD-EAD/JPMISEAD-1.0.0/lib/stax-api-1.0-2.jar:/Hadoop/git/CM-CSD-EAD/JPMISEAD-1.0.0/lib/wrapper-3.2.3.jar:/Hadoop/git/CM-CSD-EAD/JPMISEAD-1.0.0/lib/xmlenc-0.52.jar:/Hadoop/git/CM-CSD-EAD/JPMISEAD-1.0.0/lib/xz-1.0.jar:/Hadoop/git/CM-CSD-EAD/JPMISEAD-1.0.0/lib/zookeeper-3.4.5-cdh5.7.3.jar com.krish.ead.server.EADServer /Hadoop/git/CM-CSD-EAD/JPMISEAD-1.0.0/instances/krish
[23:15:46] INFO [com.krish.ead.server.EADServer] - Starting the service.
[23:15:46] INFO [org.apache.directory.api.ldap.codec.osgi.DefaultLdapCodecService] - Registered pre-bundled control factory: 1.3.6.1.4.1.18060.0.0.1
[23:15:46] INFO [org.apache.directory.api.ldap.codec.osgi.DefaultLdapCodecService] - Registered pre-bundled control factory: 2.16.840.1.113730.3.4.7
[23:15:46] INFO [org.apache.directory.api.ldap.codec.osgi.DefaultLdapCodecService] - Registered pre-bundled control factory: 2.16.840.1.113730.3.4.2
[23:15:46] INFO [org.apache.directory.api.ldap.codec.osgi.DefaultLdapCodecService] - Registered pre-bundled control factory: 2.16.840.1.113730.3.4.18
[23:15:46] INFO [org.apache.directory.api.ldap.codec.osgi.DefaultLdapCodecService] - Registered pre-bundled control factory: 1.2.840.113556.1.4.319
[23:15:46] INFO [org.apache.directory.api.ldap.codec.osgi.DefaultLdapCodecService] - Registered pre-bundled control factory: 2.16.840.1.113730.3.4.3
[23:15:46] INFO [org.apache.directory.api.ldap.codec.osgi.DefaultLdapCodecService] - Registered pre-bundled control factory: 1.3.6.1.4.1.4203.1.10.1
[23:15:46] INFO [org.apache.directory.api.ldap.codec.standalone.CodecFactoryUtil] - Registered pre-bundled control factory: 1.3.6.1.4.1.18060.0.0.1
[23:15:46] INFO [org.apache.directory.api.ldap.codec.standalone.CodecFactoryUtil] - Registered pre-bundled control factory: 2.16.840.1.113730.3.4.7
[23:15:46] INFO [org.apache.directory.api.ldap.codec.standalone.CodecFactoryUtil] - Registered pre-bundled control factory: 2.16.840.1.113730.3.4.2
[23:15:46] INFO [org.apache.directory.api.ldap.codec.standalone.CodecFactoryUtil] - Registered pre-bundled control factory: 2.16.840.1.113730.3.4.18
[23:15:46] INFO [org.apache.directory.api.ldap.codec.standalone.CodecFactoryUtil] - Registered pre-bundled control factory: 1.2.840.113556.1.4.319
[23:15:46] INFO [org.apache.directory.api.ldap.codec.standalone.CodecFactoryUtil] - Registered pre-bundled control factory: 2.16.840.1.113730.3.4.3
[23:15:46] INFO [org.apache.directory.api.ldap.codec.standalone.CodecFactoryUtil] - Registered pre-bundled control factory: 1.3.6.1.4.1.4203.1.10.1
[23:15:46] INFO [org.apache.directory.api.ldap.codec.standalone.CodecFactoryUtil] - Registered pre-bundled control factory: 1.3.6.1.4.1.42.2.27.8.5.1
[23:15:46] INFO [org.apache.directory.api.ldap.codec.standalone.CodecFactoryUtil] - Registered pre-bundled control factory: 2.16.840.1.113730.3.4.9
[23:15:46] INFO [org.apache.directory.api.ldap.codec.standalone.CodecFactoryUtil] - Registered pre-bundled control factory: 2.16.840.1.113730.3.4.10
[23:15:46] INFO [org.apache.directory.api.ldap.codec.standalone.CodecFactoryUtil] - Registered pre-bundled control factory: 1.3.6.1.4.1.4203.1.9.1.3
[23:15:46] INFO [org.apache.directory.api.ldap.codec.standalone.CodecFactoryUtil] - Registered pre-bundled control factory: 1.3.6.1.4.1.4203.1.9.1.4
[23:15:46] INFO [org.apache.directory.api.ldap.codec.standalone.CodecFactoryUtil] - Registered pre-bundled control factory: 1.3.6.1.4.1.4203.1.9.1.1
[23:15:46] INFO [org.apache.directory.api.ldap.codec.standalone.CodecFactoryUtil] - Registered pre-bundled control factory: 1.3.6.1.4.1.4203.1.9.1.2
[23:15:46] INFO [org.apache.directory.api.ldap.codec.standalone.CodecFactoryUtil] - Registered pre-bundled control factory: 1.2.840.113556.1.4.473
[23:15:46] INFO [org.apache.directory.api.ldap.codec.standalone.CodecFactoryUtil] - Registered pre-bundled control factory: 1.2.840.113556.1.4.474
[23:15:46] INFO [org.apache.directory.api.ldap.codec.standalone.CodecFactoryUtil] - Registered pre-bundled control factory: 1.2.840.113556.1.4.841
[23:15:46] INFO [org.apache.directory.api.ldap.codec.standalone.CodecFactoryUtil] - Registered pre-bundled control factory: 1.2.840.113556.1.4.417
[23:15:46] INFO [org.apache.directory.api.ldap.codec.standalone.CodecFactoryUtil] - Registered pre-bundled control factory: 1.2.840.113556.1.4.1413
[23:15:46] INFO [org.apache.directory.api.ldap.codec.standalone.CodecFactoryUtil] - Registered pre-bundled control factory: 1.2.840.113556.1.4.528
[23:15:46] INFO [org.apache.directory.api.ldap.codec.standalone.CodecFactoryUtil] - Registered pre-bundled extended operation factory: 1.3.6.1.1.8
[23:15:46] INFO [org.apache.directory.api.ldap.codec.standalone.CodecFactoryUtil] - Registered pre-bundled extended operation factory: 1.3.6.1.4.1.18060.0.1.8
[23:15:46] INFO [org.apache.directory.api.ldap.codec.standalone.CodecFactoryUtil] - Registered pre-bundled extended operation factory: 1.3.6.1.4.1.18060.0.1.3
[23:15:46] INFO [org.apache.directory.api.ldap.codec.standalone.CodecFactoryUtil] - Registered pre-bundled extended operation factory: 1.3.6.1.4.1.18060.0.1.6
[23:15:46] INFO [org.apache.directory.api.ldap.codec.standalone.CodecFactoryUtil] - Registered pre-bundled extended operation factory: 1.3.6.1.4.1.18060.0.1.5
[23:15:46] INFO [org.apache.directory.api.ldap.codec.standalone.CodecFactoryUtil] - Registered pre-bundled extended operation factory: 1.3.6.1.4.1.4203.1.11.1
[23:15:46] INFO [org.apache.directory.api.ldap.codec.standalone.CodecFactoryUtil] - Registered pre-bundled extended operation factory: 1.3.6.1.4.1.4203.1.11.3
[23:15:46] INFO [org.apache.directory.api.ldap.codec.standalone.CodecFactoryUtil] - Registered pre-bundled extended operation factory: 1.3.6.1.4.1.1466.20037
[23:15:47] INFO [org.apache.directory.server.core.api.CacheService] - no custom cache configuration was set, loading the default cache configuration
[23:15:47] INFO [org.apache.directory.api.ldap.schema.extractor.impl.DefaultSchemaLdifExtractor] - Schema directory '/Hadoop/git/CM-CSD-EAD/JPMISEAD-1.0.0/instances/krish/partitions/schema' does NOT exist: extracted state set to false.
[23:15:48] INFO [org.apache.directory.api.ldap.model.ldif.LdifReader] - No version information : assuming version: 1
[23:15:48] INFO [org.apache.directory.api.ldap.schema.manager.impl.DefaultSchemaManager] - Loading system enabled schema: 
	Schema Name: system
		Disabled: false
		Owner: uid=admin,ou=system
		Dependencies: []
		SchemaLoader : LdifSchemaLoader
[23:15:48] INFO [org.apache.directory.api.ldap.schema.manager.impl.DefaultSchemaManager] - Loading core enabled schema: 
	Schema Name: core
		Disabled: false
		Owner: uid=admin,ou=system
		Dependencies: [system]
		SchemaLoader : LdifSchemaLoader
[23:15:48] INFO [org.apache.directory.api.ldap.schema.manager.impl.DefaultSchemaManager] - system schema has already been loaded
[23:15:48] INFO [org.apache.directory.api.ldap.schema.manager.impl.DefaultSchemaManager] - core schema has already been loaded
[23:15:48] INFO [org.apache.directory.api.ldap.schema.manager.impl.DefaultSchemaManager] - system schema has already been loaded
[23:15:48] INFO [org.apache.directory.api.ldap.schema.manager.impl.DefaultSchemaManager] - Loading apache enabled schema: 
	Schema Name: apache
		Disabled: false
		Owner: uid=admin,ou=system
		Dependencies: [core, system]
		SchemaLoader : LdifSchemaLoader
[23:15:48] INFO [org.apache.directory.api.ldap.schema.manager.impl.DefaultSchemaManager] - system schema has already been loaded
[23:15:48] INFO [org.apache.directory.api.ldap.schema.manager.impl.DefaultSchemaManager] - Loading apachemeta enabled schema: 
	Schema Name: apachemeta
		Disabled: false
		Owner: uid=admin,ou=system
		Dependencies: [system]
		SchemaLoader : LdifSchemaLoader
[23:15:48] INFO [org.apache.directory.api.ldap.schema.manager.impl.DefaultSchemaManager] - Loading other enabled schema: 
	Schema Name: other
		Disabled: false
		Owner: uid=admin,ou=system
		Dependencies: [core, system, apache, apachemeta]
		SchemaLoader : LdifSchemaLoader
[23:15:48] INFO [org.apache.directory.api.ldap.schema.manager.impl.DefaultSchemaManager] - core schema has already been loaded
[23:15:48] INFO [org.apache.directory.api.ldap.schema.manager.impl.DefaultSchemaManager] - system schema has already been loaded
[23:15:48] INFO [org.apache.directory.api.ldap.schema.manager.impl.DefaultSchemaManager] - core schema has already been loaded
[23:15:48] INFO [org.apache.directory.api.ldap.schema.manager.impl.DefaultSchemaManager] - system schema has already been loaded
[23:15:48] INFO [org.apache.directory.api.ldap.schema.manager.impl.DefaultSchemaManager] - Loading cosine enabled schema: 
	Schema Name: cosine
		Disabled: false
		Owner: uid=admin,ou=system
		Dependencies: [core, system]
		SchemaLoader : LdifSchemaLoader
[23:15:48] INFO [org.apache.directory.api.ldap.schema.manager.impl.DefaultSchemaManager] - Loading inetorgperson enabled schema: 
	Schema Name: inetorgperson
		Disabled: false
		Owner: uid=admin,ou=system
		Dependencies: [core, system, cosine]
		SchemaLoader : LdifSchemaLoader
[23:15:48] INFO [org.apache.directory.api.ldap.schema.manager.impl.DefaultSchemaManager] - apachemeta schema has already been loaded
[23:15:48] INFO [org.apache.directory.api.ldap.schema.manager.impl.DefaultSchemaManager] - core schema has already been loaded
[23:15:48] INFO [org.apache.directory.api.ldap.schema.manager.impl.DefaultSchemaManager] - core schema has already been loaded
[23:15:48] INFO [org.apache.directory.api.ldap.schema.manager.impl.DefaultSchemaManager] - system schema has already been loaded
[23:15:48] INFO [org.apache.directory.api.ldap.schema.manager.impl.DefaultSchemaManager] - Loading krb5kdc enabled schema: 
	Schema Name: krb5kdc
		Disabled: false
		Owner: uid=admin,ou=system
		Dependencies: [core, system]
		SchemaLoader : LdifSchemaLoader
[23:15:48] INFO [org.apache.directory.api.ldap.schema.manager.impl.DefaultSchemaManager] - apache schema has already been loaded
[23:15:48] INFO [org.apache.directory.api.ldap.schema.manager.impl.DefaultSchemaManager] - core schema has already been loaded
[23:15:48] INFO [org.apache.directory.api.ldap.schema.manager.impl.DefaultSchemaManager] - system schema has already been loaded
[23:15:48] INFO [org.apache.directory.api.ldap.schema.manager.impl.DefaultSchemaManager] - Loading java enabled schema: 
	Schema Name: java
		Disabled: false
		Owner: uid=admin,ou=system
		Dependencies: [core, system]
		SchemaLoader : LdifSchemaLoader
[23:15:48] INFO [org.apache.directory.api.ldap.schema.manager.impl.DefaultSchemaManager] - system schema has already been loaded
[23:15:48] INFO [org.apache.directory.api.ldap.schema.manager.impl.DefaultSchemaManager] - system schema has already been loaded
[23:15:48] INFO [org.apache.directory.api.ldap.schema.manager.impl.DefaultSchemaManager] - Loading pwdpolicy enabled schema: 
	Schema Name: pwdpolicy
		Disabled: false
		Owner: uid=admin,ou=system
		Dependencies: [system]
		SchemaLoader : LdifSchemaLoader
[23:15:48] INFO [org.apache.directory.api.ldap.schema.manager.impl.DefaultSchemaManager] - cosine schema has already been loaded
[23:15:48] INFO [org.apache.directory.api.ldap.schema.manager.impl.DefaultSchemaManager] - core schema has already been loaded
[23:15:48] INFO [org.apache.directory.api.ldap.schema.manager.impl.DefaultSchemaManager] - system schema has already been loaded
[23:15:48] INFO [org.apache.directory.api.ldap.schema.manager.impl.DefaultSchemaManager] - Loading collective enabled schema: 
	Schema Name: collective
		Disabled: false
		Owner: uid=admin,ou=system
		Dependencies: [core, system]
		SchemaLoader : LdifSchemaLoader
[23:15:48] INFO [org.apache.directory.api.ldap.schema.manager.impl.DefaultSchemaManager] - core schema has already been loaded
[23:15:48] INFO [org.apache.directory.api.ldap.schema.manager.impl.DefaultSchemaManager] - apache schema has already been loaded
[23:15:48] INFO [org.apache.directory.api.ldap.schema.manager.impl.DefaultSchemaManager] - system schema has already been loaded
[23:15:48] INFO [org.apache.directory.api.ldap.schema.manager.impl.DefaultSchemaManager] - Loading adsconfig enabled schema: 
	Schema Name: adsconfig
		Disabled: false
		Owner: uid=admin,ou=system
		Dependencies: [core, apache, system]
		SchemaLoader : LdifSchemaLoader
[23:15:48] INFO [org.apache.directory.api.ldap.model.ldif.LdifReader] - No version information : assuming version: 1
[23:15:48] INFO [org.apache.directory.api.ldap.model.ldif.LdifReader] - No version information : assuming version: 1
[23:15:48] INFO [org.apache.directory.api.ldap.model.ldif.LdifReader] - No version information : assuming version: 1
[23:15:48] INFO [org.apache.directory.api.ldap.model.ldif.LdifReader] - No version information : assuming version: 1
[23:15:48] INFO [org.apache.directory.api.ldap.model.ldif.LdifReader] - No version information : assuming version: 1
[23:15:48] INFO [org.apache.directory.api.ldap.model.ldif.LdifReader] - No version information : assuming version: 1
[23:15:48] INFO [org.apache.directory.api.ldap.model.ldif.LdifReader] - No version information : assuming version: 1
[23:15:48] INFO [org.apache.directory.api.ldap.model.ldif.LdifReader] - No version information : assuming version: 1
[23:15:48] INFO [org.apache.directory.api.ldap.model.ldif.LdifReader] - No version information : assuming version: 1
[23:15:48] INFO [org.apache.directory.api.ldap.model.ldif.LdifReader] - No version information : assuming version: 1
[23:15:48] INFO [org.apache.directory.api.ldap.model.ldif.LdifReader] - No version information : assuming version: 1
[23:15:48] INFO [org.apache.directory.server.core.api.CacheService] - fetching the cache named krish
[23:15:48] INFO [org.apache.directory.server.core.api.CacheService] - No cache with name krish exists, creating one
[23:15:48] INFO [org.apache.directory.server.core.DefaultDirectoryService] - ApacheDS shutdown hook has been registered with the runtime.
[23:15:48] INFO [org.apache.directory.server.core.api.CacheService] - fetching the cache named alias
[23:15:48] INFO [org.apache.directory.server.core.api.CacheService] - No cache with name alias exists, creating one
[23:15:48] INFO [org.apache.directory.server.core.api.CacheService] - fetching the cache named piar
[23:15:48] INFO [org.apache.directory.server.core.api.CacheService] - No cache with name piar exists, creating one
[23:15:48] INFO [org.apache.directory.server.core.api.CacheService] - fetching the cache named entryDn
[23:15:48] INFO [org.apache.directory.server.core.api.CacheService] - No cache with name entryDn exists, creating one
[23:15:48] INFO [org.apache.directory.api.ldap.model.ldif.LdifReader] - No version information : assuming version: 1
[23:15:48] INFO [org.apache.directory.api.ldap.model.ldif.LdifReader] - No version information : assuming version: 1
[23:15:48] INFO [org.apache.directory.api.ldap.model.ldif.LdifReader] - No version information : assuming version: 1
[23:15:48] INFO [org.apache.directory.api.ldap.model.ldif.LdifReader] - No version information : assuming version: 1
[23:15:48] INFO [org.apache.directory.api.ldap.model.ldif.LdifReader] - No version information : assuming version: 1
[23:15:48] INFO [org.apache.directory.api.ldap.model.ldif.LdifReader] - No version information : assuming version: 1
[23:15:48] INFO [org.apache.directory.api.ldap.model.ldif.LdifReader] - No version information : assuming version: 1
[23:15:48] INFO [org.apache.directory.api.ldap.model.ldif.LdifReader] - No version information : assuming version: 1
[23:15:48] INFO [org.apache.directory.api.ldap.model.ldif.LdifReader] - No version information : assuming version: 1
[23:15:48] INFO [org.apache.directory.api.ldap.model.ldif.LdifReader] - No version information : assuming version: 1
[23:15:49] INFO [org.apache.directory.api.ldap.model.ldif.LdifReader] - No version information : assuming version: 1
[23:15:49] INFO [org.apache.directory.api.ldap.model.ldif.LdifReader] - No version information : assuming version: 1
[23:15:49] INFO [org.apache.directory.api.ldap.model.entry.AbstractValue] - ERR_04447_CANNOT_NORMALIZE_VALUE Cannot normalize the wrapped value ERR_04226 I do not know how to handle NameAndOptionalUID normalization with objects of class: apacheDnsDomainName
[23:15:49] INFO [org.apache.directory.api.ldap.model.entry.AbstractValue] - ERR_04447_CANNOT_NORMALIZE_VALUE Cannot normalize the wrapped value ERR_04226 I do not know how to handle NameAndOptionalUID normalization with objects of class: apacheDnsDomainName
[23:15:49] INFO [org.apache.directory.api.ldap.model.entry.AbstractValue] - ERR_04447_CANNOT_NORMALIZE_VALUE Cannot normalize the wrapped value ERR_04226 I do not know how to handle NameAndOptionalUID normalization with objects of class: apacheDnsTtl
[23:15:49] INFO [org.apache.directory.api.ldap.model.entry.AbstractValue] - ERR_04447_CANNOT_NORMALIZE_VALUE Cannot normalize the wrapped value ERR_04226 I do not know how to handle NameAndOptionalUID normalization with objects of class: apacheDnsDomainName
[23:15:49] INFO [org.apache.directory.api.ldap.model.entry.AbstractValue] - ERR_04447_CANNOT_NORMALIZE_VALUE Cannot normalize the wrapped value ERR_04226 I do not know how to handle NameAndOptionalUID normalization with objects of class: apacheDnsAbstractRecord
[23:15:49] INFO [org.apache.directory.api.ldap.model.entry.AbstractValue] - ERR_04447_CANNOT_NORMALIZE_VALUE Cannot normalize the wrapped value ERR_04226 I do not know how to handle NameAndOptionalUID normalization with objects of class: apacheDnsDomainName
[23:15:49] INFO [org.apache.directory.api.ldap.model.entry.AbstractValue] - ERR_04447_CANNOT_NORMALIZE_VALUE Cannot normalize the wrapped value ERR_04226 I do not know how to handle NameAndOptionalUID normalization with objects of class: apacheDnsIpAddress
[23:15:49] INFO [org.apache.directory.api.ldap.model.entry.AbstractValue] - ERR_04447_CANNOT_NORMALIZE_VALUE Cannot normalize the wrapped value ERR_04226 I do not know how to handle NameAndOptionalUID normalization with objects of class: apacheDnsAbstractRecord
[23:15:49] INFO [org.apache.directory.api.ldap.model.entry.AbstractValue] - ERR_04447_CANNOT_NORMALIZE_VALUE Cannot normalize the wrapped value ERR_04226 I do not know how to handle NameAndOptionalUID normalization with objects of class: apacheDnsIpAddress
[23:15:49] INFO [org.apache.directory.api.ldap.model.entry.AbstractValue] - ERR_04447_CANNOT_NORMALIZE_VALUE Cannot normalize the wrapped value ERR_04226 I do not know how to handle NameAndOptionalUID normalization with objects of class: apacheDnsAbstractRecord
[23:15:49] INFO [org.apache.directory.api.ldap.model.entry.AbstractValue] - ERR_04447_CANNOT_NORMALIZE_VALUE Cannot normalize the wrapped value ERR_04226 I do not know how to handle NameAndOptionalUID normalization with objects of class: apacheDnsDomainName
[23:15:49] INFO [org.apache.directory.api.ldap.model.entry.AbstractValue] - ERR_04447_CANNOT_NORMALIZE_VALUE Cannot normalize the wrapped value ERR_04226 I do not know how to handle NameAndOptionalUID normalization with objects of class: apacheDnsAbstractRecord
[23:15:49] INFO [org.apache.directory.api.ldap.model.entry.AbstractValue] - ERR_04447_CANNOT_NORMALIZE_VALUE Cannot normalize the wrapped value ERR_04226 I do not know how to handle NameAndOptionalUID normalization with objects of class: apacheDnsDomainName
[23:15:49] INFO [org.apache.directory.api.ldap.model.entry.AbstractValue] - ERR_04447_CANNOT_NORMALIZE_VALUE Cannot normalize the wrapped value ERR_04226 I do not know how to handle NameAndOptionalUID normalization with objects of class: apacheDnsAbstractRecord
[23:15:49] INFO [org.apache.directory.api.ldap.model.entry.AbstractValue] - ERR_04447_CANNOT_NORMALIZE_VALUE Cannot normalize the wrapped value ERR_04226 I do not know how to handle NameAndOptionalUID normalization with objects of class: apacheDnsClass
[23:15:49] INFO [org.apache.directory.api.ldap.model.entry.AbstractValue] - ERR_04447_CANNOT_NORMALIZE_VALUE Cannot normalize the wrapped value ERR_04226 I do not know how to handle NameAndOptionalUID normalization with objects of class: apacheDnsSoaSerial
[23:15:49] INFO [org.apache.directory.api.ldap.model.entry.AbstractValue] - ERR_04447_CANNOT_NORMALIZE_VALUE Cannot normalize the wrapped value ERR_04226 I do not know how to handle NameAndOptionalUID normalization with objects of class: apacheDnsSoaRefresh
[23:15:49] INFO [org.apache.directory.api.ldap.model.entry.AbstractValue] - ERR_04447_CANNOT_NORMALIZE_VALUE Cannot normalize the wrapped value ERR_04226 I do not know how to handle NameAndOptionalUID normalization with objects of class: apacheDnsSoaRetry
[23:15:49] INFO [org.apache.directory.api.ldap.model.entry.AbstractValue] - ERR_04447_CANNOT_NORMALIZE_VALUE Cannot normalize the wrapped value ERR_04226 I do not know how to handle NameAndOptionalUID normalization with objects of class: apacheDnsSoaExpire
[23:15:49] INFO [org.apache.directory.api.ldap.model.entry.AbstractValue] - ERR_04447_CANNOT_NORMALIZE_VALUE Cannot normalize the wrapped value ERR_04226 I do not know how to handle NameAndOptionalUID normalization with objects of class: apacheDnsSoaMName
[23:15:49] INFO [org.apache.directory.api.ldap.model.entry.AbstractValue] - ERR_04447_CANNOT_NORMALIZE_VALUE Cannot normalize the wrapped value ERR_04226 I do not know how to handle NameAndOptionalUID normalization with objects of class: apacheDnsSoaRName
[23:15:49] INFO [org.apache.directory.api.ldap.model.entry.AbstractValue] - ERR_04447_CANNOT_NORMALIZE_VALUE Cannot normalize the wrapped value ERR_04226 I do not know how to handle NameAndOptionalUID normalization with objects of class: apacheDnsSoaMinimum
[23:15:49] INFO [org.apache.directory.api.ldap.model.entry.AbstractValue] - ERR_04447_CANNOT_NORMALIZE_VALUE Cannot normalize the wrapped value ERR_04226 I do not know how to handle NameAndOptionalUID normalization with objects of class: apacheDnsAbstractRecord
[23:15:49] INFO [org.apache.directory.api.ldap.model.entry.AbstractValue] - ERR_04447_CANNOT_NORMALIZE_VALUE Cannot normalize the wrapped value ERR_04226 I do not know how to handle NameAndOptionalUID normalization with objects of class: apacheDnsDomainName
[23:15:49] INFO [org.apache.directory.api.ldap.model.entry.AbstractValue] - ERR_04447_CANNOT_NORMALIZE_VALUE Cannot normalize the wrapped value ERR_04226 I do not know how to handle NameAndOptionalUID normalization with objects of class: apacheDnsAbstractRecord
[23:15:49] INFO [org.apache.directory.api.ldap.model.entry.AbstractValue] - ERR_04447_CANNOT_NORMALIZE_VALUE Cannot normalize the wrapped value ERR_04226 I do not know how to handle NameAndOptionalUID normalization with objects of class: apacheDnsMxPreference
[23:15:49] INFO [org.apache.directory.api.ldap.model.entry.AbstractValue] - ERR_04447_CANNOT_NORMALIZE_VALUE Cannot normalize the wrapped value ERR_04226 I do not know how to handle NameAndOptionalUID normalization with objects of class: apacheDnsDomainName
[23:15:49] INFO [org.apache.directory.api.ldap.model.entry.AbstractValue] - ERR_04447_CANNOT_NORMALIZE_VALUE Cannot normalize the wrapped value ERR_04226 I do not know how to handle NameAndOptionalUID normalization with objects of class: apacheDnsAbstractRecord
[23:15:49] INFO [org.apache.directory.api.ldap.model.entry.AbstractValue] - ERR_04447_CANNOT_NORMALIZE_VALUE Cannot normalize the wrapped value ERR_04226 I do not know how to handle NameAndOptionalUID normalization with objects of class: apacheDnsCharacterString
[23:15:49] INFO [org.apache.directory.api.ldap.model.entry.AbstractValue] - ERR_04447_CANNOT_NORMALIZE_VALUE Cannot normalize the wrapped value ERR_04226 I do not know how to handle NameAndOptionalUID normalization with objects of class: apacheDnsAbstractRecord
[23:15:49] INFO [org.apache.directory.api.ldap.model.entry.AbstractValue] - ERR_04447_CANNOT_NORMALIZE_VALUE Cannot normalize the wrapped value ERR_04226 I do not know how to handle NameAndOptionalUID normalization with objects of class: apacheDnsServicePriority
[23:15:49] INFO [org.apache.directory.api.ldap.model.entry.AbstractValue] - ERR_04447_CANNOT_NORMALIZE_VALUE Cannot normalize the wrapped value ERR_04226 I do not know how to handle NameAndOptionalUID normalization with objects of class: apacheDnsServiceWeight
[23:15:49] INFO [org.apache.directory.api.ldap.model.entry.AbstractValue] - ERR_04447_CANNOT_NORMALIZE_VALUE Cannot normalize the wrapped value ERR_04226 I do not know how to handle NameAndOptionalUID normalization with objects of class: apacheDnsServicePort
[23:15:49] INFO [org.apache.directory.api.ldap.model.entry.AbstractValue] - ERR_04447_CANNOT_NORMALIZE_VALUE Cannot normalize the wrapped value ERR_04226 I do not know how to handle NameAndOptionalUID normalization with objects of class: apacheDnsDomainName
[23:15:49] INFO [org.apache.directory.api.ldap.model.entry.AbstractValue] - ERR_04447_CANNOT_NORMALIZE_VALUE Cannot normalize the wrapped value ERR_04226 I do not know how to handle NameAndOptionalUID normalization with objects of class: apacheDnsAbstractRecord
[23:15:49] INFO [org.apache.directory.api.ldap.model.entry.AbstractValue] - ERR_04447_CANNOT_NORMALIZE_VALUE Cannot normalize the wrapped value ERR_04226 I do not know how to handle NameAndOptionalUID normalization with objects of class: automountInformation
[23:15:49] INFO [org.apache.directory.api.ldap.model.entry.AbstractValue] - ERR_04447_CANNOT_NORMALIZE_VALUE Cannot normalize the wrapped value ERR_04226 I do not know how to handle NameAndOptionalUID normalization with objects of class: corbaIor
[23:15:49] INFO [org.apache.directory.api.ldap.model.entry.AbstractValue] - ERR_04447_CANNOT_NORMALIZE_VALUE Cannot normalize the wrapped value ERR_04226 I do not know how to handle NameAndOptionalUID normalization with objects of class: corbaObject
[23:15:49] INFO [org.apache.directory.api.ldap.model.entry.AbstractValue] - ERR_04447_CANNOT_NORMALIZE_VALUE Cannot normalize the wrapped value ERR_04226 I do not know how to handle NameAndOptionalUID normalization with objects of class: corbaRepositoryId
[23:15:49] INFO [org.apache.directory.api.ldap.model.entry.AbstractValue] - ERR_04447_CANNOT_NORMALIZE_VALUE Cannot normalize the wrapped value ERR_04226 I do not know how to handle NameAndOptionalUID normalization with objects of class: dhcpSecondaryDN
[23:15:49] INFO [org.apache.directory.api.ldap.model.entry.AbstractValue] - ERR_04447_CANNOT_NORMALIZE_VALUE Cannot normalize the wrapped value ERR_04226 I do not know how to handle NameAndOptionalUID normalization with objects of class: dhcpSharedNetworkDN
[23:15:49] INFO [org.apache.directory.api.ldap.model.entry.AbstractValue] - ERR_04447_CANNOT_NORMALIZE_VALUE Cannot normalize the wrapped value ERR_04226 I do not know how to handle NameAndOptionalUID normalization with objects of class: dhcpSubnetDN
[23:15:49] INFO [org.apache.directory.api.ldap.model.entry.AbstractValue] - ERR_04447_CANNOT_NORMALIZE_VALUE Cannot normalize the wrapped value ERR_04226 I do not know how to handle NameAndOptionalUID normalization with objects of class: dhcpGroupDN
[23:15:49] INFO [org.apache.directory.api.ldap.model.entry.AbstractValue] - ERR_04447_CANNOT_NORMALIZE_VALUE Cannot normalize the wrapped value ERR_04226 I do not know how to handle NameAndOptionalUID normalization with objects of class: dhcpHostDN
[23:15:49] INFO [org.apache.directory.api.ldap.model.entry.AbstractValue] - ERR_04447_CANNOT_NORMALIZE_VALUE Cannot normalize the wrapped value ERR_04226 I do not know how to handle NameAndOptionalUID normalization with objects of class: dhcpClassesDN
[23:15:49] INFO [org.apache.directory.api.ldap.model.entry.AbstractValue] - ERR_04447_CANNOT_NORMALIZE_VALUE Cannot normalize the wrapped value ERR_04226 I do not know how to handle NameAndOptionalUID normalization with objects of class: dhcpOptionsDN
[23:15:49] INFO [org.apache.directory.api.ldap.model.entry.AbstractValue] - ERR_04447_CANNOT_NORMALIZE_VALUE Cannot normalize the wrapped value ERR_04226 I do not know how to handle NameAndOptionalUID normalization with objects of class: dhcpStatements
[23:15:49] INFO [org.apache.directory.api.ldap.model.entry.AbstractValue] - ERR_04447_CANNOT_NORMALIZE_VALUE Cannot normalize the wrapped value ERR_04226 I do not know how to handle NameAndOptionalUID normalization with objects of class: dhcpPrimaryDN
[23:15:49] INFO [org.apache.directory.api.ldap.model.entry.AbstractValue] - ERR_04447_CANNOT_NORMALIZE_VALUE Cannot normalize the wrapped value ERR_04226 I do not know how to handle NameAndOptionalUID normalization with objects of class: dhcpExpirationTime
[23:15:49] INFO [org.apache.directory.api.ldap.model.entry.AbstractValue] - ERR_04447_CANNOT_NORMALIZE_VALUE Cannot normalize the wrapped value ERR_04226 I do not know how to handle NameAndOptionalUID normalization with objects of class: dhcpStartTimeOfState
[23:15:49] INFO [org.apache.directory.api.ldap.model.entry.AbstractValue] - ERR_04447_CANNOT_NORMALIZE_VALUE Cannot normalize the wrapped value ERR_04226 I do not know how to handle NameAndOptionalUID normalization with objects of class: dhcpLastTransactionTime
[23:15:49] INFO [org.apache.directory.api.ldap.model.entry.AbstractValue] - ERR_04447_CANNOT_NORMALIZE_VALUE Cannot normalize the wrapped value ERR_04226 I do not know how to handle NameAndOptionalUID normalization with objects of class: dhcpBootpFlag
[23:15:49] INFO [org.apache.directory.api.ldap.model.entry.AbstractValue] - ERR_04447_CANNOT_NORMALIZE_VALUE Cannot normalize the wrapped value ERR_04226 I do not know how to handle NameAndOptionalUID normalization with objects of class: dhcpDomainName
[23:15:49] INFO [org.apache.directory.api.ldap.model.entry.AbstractValue] - ERR_04447_CANNOT_NORMALIZE_VALUE Cannot normalize the wrapped value ERR_04226 I do not know how to handle NameAndOptionalUID normalization with objects of class: dhcpDnsStatus
[23:15:49] INFO [org.apache.directory.api.ldap.model.entry.AbstractValue] - ERR_04447_CANNOT_NORMALIZE_VALUE Cannot normalize the wrapped value ERR_04226 I do not know how to handle NameAndOptionalUID normalization with objects of class: dhcpRequestedHostName
[23:15:49] INFO [org.apache.directory.api.ldap.model.entry.AbstractValue] - ERR_04447_CANNOT_NORMALIZE_VALUE Cannot normalize the wrapped value ERR_04226 I do not know how to handle NameAndOptionalUID normalization with objects of class: dhcpAssignedHostName
[23:15:49] INFO [org.apache.directory.api.ldap.model.entry.AbstractValue] - ERR_04447_CANNOT_NORMALIZE_VALUE Cannot normalize the wrapped value ERR_04226 I do not know how to handle NameAndOptionalUID normalization with objects of class: dhcpReservedForClient
[23:15:49] INFO [org.apache.directory.api.ldap.model.entry.AbstractValue] - ERR_04447_CANNOT_NORMALIZE_VALUE Cannot normalize the wrapped value ERR_04226 I do not know how to handle NameAndOptionalUID normalization with objects of class: dhcpAssignedToClient
[23:15:49] INFO [org.apache.directory.api.ldap.model.entry.AbstractValue] - ERR_04447_CANNOT_NORMALIZE_VALUE Cannot normalize the wrapped value ERR_04226 I do not know how to handle NameAndOptionalUID normalization with objects of class: dhcpRelayAgentInfo
[23:15:49] INFO [org.apache.directory.api.ldap.model.entry.AbstractValue] - ERR_04447_CANNOT_NORMALIZE_VALUE Cannot normalize the wrapped value ERR_04226 I do not know how to handle NameAndOptionalUID normalization with objects of class: dhcpHWAddress
[23:15:49] INFO [org.apache.directory.api.ldap.model.entry.AbstractValue] - ERR_04447_CANNOT_NORMALIZE_VALUE Cannot normalize the wrapped value ERR_04226 I do not know how to handle NameAndOptionalUID normalization with objects of class: dhcpAddressState
[23:15:49] INFO [org.apache.directory.api.ldap.model.entry.AbstractValue] - ERR_04447_CANNOT_NORMALIZE_VALUE Cannot normalize the wrapped value ERR_04226 I do not know how to handle NameAndOptionalUID normalization with objects of class: dhcpAddressState
[23:15:49] INFO [org.apache.directory.api.ldap.model.entry.AbstractValue] - ERR_04447_CANNOT_NORMALIZE_VALUE Cannot normalize the wrapped value ERR_04226 I do not know how to handle NameAndOptionalUID normalization with objects of class: dhcpExpirationTime
[23:15:49] INFO [org.apache.directory.api.ldap.model.entry.AbstractValue] - ERR_04447_CANNOT_NORMALIZE_VALUE Cannot normalize the wrapped value ERR_04226 I do not know how to handle NameAndOptionalUID normalization with objects of class: dhcpStartTimeOfState
[23:15:49] INFO [org.apache.directory.api.ldap.model.entry.AbstractValue] - ERR_04447_CANNOT_NORMALIZE_VALUE Cannot normalize the wrapped value ERR_04226 I do not know how to handle NameAndOptionalUID normalization with objects of class: dhcpLastTransactionTime
[23:15:49] INFO [org.apache.directory.api.ldap.model.entry.AbstractValue] - ERR_04447_CANNOT_NORMALIZE_VALUE Cannot normalize the wrapped value ERR_04226 I do not know how to handle NameAndOptionalUID normalization with objects of class: dhcpBootpFlag
[23:15:49] INFO [org.apache.directory.api.ldap.model.entry.AbstractValue] - ERR_04447_CANNOT_NORMALIZE_VALUE Cannot normalize the wrapped value ERR_04226 I do not know how to handle NameAndOptionalUID normalization with objects of class: dhcpDomainName
[23:15:49] INFO [org.apache.directory.api.ldap.model.entry.AbstractValue] - ERR_04447_CANNOT_NORMALIZE_VALUE Cannot normalize the wrapped value ERR_04226 I do not know how to handle NameAndOptionalUID normalization with objects of class: dhcpDnsStatus
[23:15:49] INFO [org.apache.directory.api.ldap.model.entry.AbstractValue] - ERR_04447_CANNOT_NORMALIZE_VALUE Cannot normalize the wrapped value ERR_04226 I do not know how to handle NameAndOptionalUID normalization with objects of class: dhcpRequestedHostName
[23:15:49] INFO [org.apache.directory.api.ldap.model.entry.AbstractValue] - ERR_04447_CANNOT_NORMALIZE_VALUE Cannot normalize the wrapped value ERR_04226 I do not know how to handle NameAndOptionalUID normalization with objects of class: dhcpAssignedHostName
[23:15:49] INFO [org.apache.directory.api.ldap.model.entry.AbstractValue] - ERR_04447_CANNOT_NORMALIZE_VALUE Cannot normalize the wrapped value ERR_04226 I do not know how to handle NameAndOptionalUID normalization with objects of class: dhcpReservedForClient
[23:15:49] INFO [org.apache.directory.api.ldap.model.entry.AbstractValue] - ERR_04447_CANNOT_NORMALIZE_VALUE Cannot normalize the wrapped value ERR_04226 I do not know how to handle NameAndOptionalUID normalization with objects of class: dhcpAssignedToClient
[23:15:49] INFO [org.apache.directory.api.ldap.model.entry.AbstractValue] - ERR_04447_CANNOT_NORMALIZE_VALUE Cannot normalize the wrapped value ERR_04226 I do not know how to handle NameAndOptionalUID normalization with objects of class: dhcpRelayAgentInfo
[23:15:49] INFO [org.apache.directory.api.ldap.model.entry.AbstractValue] - ERR_04447_CANNOT_NORMALIZE_VALUE Cannot normalize the wrapped value ERR_04226 I do not know how to handle NameAndOptionalUID normalization with objects of class: dhcpHWAddress
[23:15:49] INFO [org.apache.directory.api.ldap.model.entry.AbstractValue] - ERR_04447_CANNOT_NORMALIZE_VALUE Cannot normalize the wrapped value ERR_04226 I do not know how to handle NameAndOptionalUID normalization with objects of class: dhcpErrorLog
[23:15:49] INFO [org.apache.directory.api.ldap.model.entry.AbstractValue] - ERR_04447_CANNOT_NORMALIZE_VALUE Cannot normalize the wrapped value ERR_04226 I do not know how to handle NameAndOptionalUID normalization with objects of class: dhcpVersion
[23:15:49] INFO [org.apache.directory.api.ldap.model.entry.AbstractValue] - ERR_04447_CANNOT_NORMALIZE_VALUE Cannot normalize the wrapped value ERR_04226 I do not know how to handle NameAndOptionalUID normalization with objects of class: dhcpImplementation
[23:15:49] INFO [org.apache.directory.api.ldap.model.entry.AbstractValue] - ERR_04447_CANNOT_NORMALIZE_VALUE Cannot normalize the wrapped value ERR_04226 I do not know how to handle NameAndOptionalUID normalization with objects of class: dhcpHashBucketAssignment
[23:15:49] INFO [org.apache.directory.api.ldap.model.entry.AbstractValue] - ERR_04447_CANNOT_NORMALIZE_VALUE Cannot normalize the wrapped value ERR_04226 I do not know how to handle NameAndOptionalUID normalization with objects of class: dhcpDelayedServiceParameter
[23:15:49] INFO [org.apache.directory.api.ldap.model.entry.AbstractValue] - ERR_04447_CANNOT_NORMALIZE_VALUE Cannot normalize the wrapped value ERR_04226 I do not know how to handle NameAndOptionalUID normalization with objects of class: dhcpMaxClientLeadTime
[23:15:49] INFO [org.apache.directory.api.ldap.model.entry.AbstractValue] - ERR_04447_CANNOT_NORMALIZE_VALUE Cannot normalize the wrapped value ERR_04226 I do not know how to handle NameAndOptionalUID normalization with objects of class: dhcpFailOverEndpointState
[23:15:49] INFO [org.apache.directory.api.ldap.model.entry.AbstractValue] - ERR_04447_CANNOT_NORMALIZE_VALUE Cannot normalize the wrapped value ERR_04226 I do not know how to handle NameAndOptionalUID normalization with objects of class: dhcpStatements
[23:15:49] INFO [org.apache.directory.api.ldap.model.entry.AbstractValue] - ERR_04447_CANNOT_NORMALIZE_VALUE Cannot normalize the wrapped value ERR_04226 I do not know how to handle NameAndOptionalUID normalization with objects of class: dhcpServiceDN
[23:15:49] INFO [org.apache.directory.api.ldap.model.entry.AbstractValue] - ERR_04447_CANNOT_NORMALIZE_VALUE Cannot normalize the wrapped value ERR_04226 I do not know how to handle NameAndOptionalUID normalization with objects of class: dhcpSubnetDN
[23:15:49] INFO [org.apache.directory.api.ldap.model.entry.AbstractValue] - ERR_04447_CANNOT_NORMALIZE_VALUE Cannot normalize the wrapped value ERR_04226 I do not know how to handle NameAndOptionalUID normalization with objects of class: dhcpPoolDN
[23:15:49] INFO [org.apache.directory.api.ldap.model.entry.AbstractValue] - ERR_04447_CANNOT_NORMALIZE_VALUE Cannot normalize the wrapped value ERR_04226 I do not know how to handle NameAndOptionalUID normalization with objects of class: dhcpOptionsDN
[23:15:49] INFO [org.apache.directory.api.ldap.model.entry.AbstractValue] - ERR_04447_CANNOT_NORMALIZE_VALUE Cannot normalize the wrapped value ERR_04226 I do not know how to handle NameAndOptionalUID normalization with objects of class: dhcpStatements
[23:15:49] INFO [org.apache.directory.api.ldap.model.entry.AbstractValue] - ERR_04447_CANNOT_NORMALIZE_VALUE Cannot normalize the wrapped value ERR_04226 I do not know how to handle NameAndOptionalUID normalization with objects of class: dhcpRange
[23:15:49] INFO [org.apache.directory.api.ldap.model.entry.AbstractValue] - ERR_04447_CANNOT_NORMALIZE_VALUE Cannot normalize the wrapped value ERR_04226 I do not know how to handle NameAndOptionalUID normalization with objects of class: dhcpPoolDN
[23:15:49] INFO [org.apache.directory.api.ldap.model.entry.AbstractValue] - ERR_04447_CANNOT_NORMALIZE_VALUE Cannot normalize the wrapped value ERR_04226 I do not know how to handle NameAndOptionalUID normalization with objects of class: dhcpGroupDN
[23:15:49] INFO [org.apache.directory.api.ldap.model.entry.AbstractValue] - ERR_04447_CANNOT_NORMALIZE_VALUE Cannot normalize the wrapped value ERR_04226 I do not know how to handle NameAndOptionalUID normalization with objects of class: dhcpHostDN
[23:15:49] INFO [org.apache.directory.api.ldap.model.entry.AbstractValue] - ERR_04447_CANNOT_NORMALIZE_VALUE Cannot normalize the wrapped value ERR_04226 I do not know how to handle NameAndOptionalUID normalization with objects of class: dhcpClassesDN
[23:15:49] INFO [org.apache.directory.api.ldap.model.entry.AbstractValue] - ERR_04447_CANNOT_NORMALIZE_VALUE Cannot normalize the wrapped value ERR_04226 I do not know how to handle NameAndOptionalUID normalization with objects of class: dhcpLeasesDN
[23:15:49] INFO [org.apache.directory.api.ldap.model.entry.AbstractValue] - ERR_04447_CANNOT_NORMALIZE_VALUE Cannot normalize the wrapped value ERR_04226 I do not know how to handle NameAndOptionalUID normalization with objects of class: dhcpOptionsDN
[23:15:49] INFO [org.apache.directory.api.ldap.model.entry.AbstractValue] - ERR_04447_CANNOT_NORMALIZE_VALUE Cannot normalize the wrapped value ERR_04226 I do not know how to handle NameAndOptionalUID normalization with objects of class: dhcpStatements
[23:15:49] INFO [org.apache.directory.api.ldap.model.entry.AbstractValue] - ERR_04447_CANNOT_NORMALIZE_VALUE Cannot normalize the wrapped value ERR_04226 I do not know how to handle NameAndOptionalUID normalization with objects of class: dhcpNetMask
[23:15:49] INFO [org.apache.directory.api.ldap.model.entry.AbstractValue] - ERR_04447_CANNOT_NORMALIZE_VALUE Cannot normalize the wrapped value ERR_04226 I do not know how to handle NameAndOptionalUID normalization with objects of class: dhcpClassesDN
[23:15:49] INFO [org.apache.directory.api.ldap.model.entry.AbstractValue] - ERR_04447_CANNOT_NORMALIZE_VALUE Cannot normalize the wrapped value ERR_04226 I do not know how to handle NameAndOptionalUID normalization with objects of class: dhcpPermitList
[23:15:49] INFO [org.apache.directory.api.ldap.model.entry.AbstractValue] - ERR_04447_CANNOT_NORMALIZE_VALUE Cannot normalize the wrapped value ERR_04226 I do not know how to handle NameAndOptionalUID normalization with objects of class: dhcpLeasesDN
[23:15:49] INFO [org.apache.directory.api.ldap.model.entry.AbstractValue] - ERR_04447_CANNOT_NORMALIZE_VALUE Cannot normalize the wrapped value ERR_04226 I do not know how to handle NameAndOptionalUID normalization with objects of class: dhcpOptionsDN
[23:15:49] INFO [org.apache.directory.api.ldap.model.entry.AbstractValue] - ERR_04447_CANNOT_NORMALIZE_VALUE Cannot normalize the wrapped value ERR_04226 I do not know how to handle NameAndOptionalUID normalization with objects of class: dhcpStatements
[23:15:49] INFO [org.apache.directory.api.ldap.model.entry.AbstractValue] - ERR_04447_CANNOT_NORMALIZE_VALUE Cannot normalize the wrapped value ERR_04226 I do not know how to handle NameAndOptionalUID normalization with objects of class: dhcpRange
[23:15:49] INFO [org.apache.directory.api.ldap.model.entry.AbstractValue] - ERR_04447_CANNOT_NORMALIZE_VALUE Cannot normalize the wrapped value ERR_04226 I do not know how to handle NameAndOptionalUID normalization with objects of class: dhcpHostDN
[23:15:49] INFO [org.apache.directory.api.ldap.model.entry.AbstractValue] - ERR_04447_CANNOT_NORMALIZE_VALUE Cannot normalize the wrapped value ERR_04226 I do not know how to handle NameAndOptionalUID normalization with objects of class: dhcpOptionsDN
[23:15:49] INFO [org.apache.directory.api.ldap.model.entry.AbstractValue] - ERR_04447_CANNOT_NORMALIZE_VALUE Cannot normalize the wrapped value ERR_04226 I do not know how to handle NameAndOptionalUID normalization with objects of class: dhcpStatements
[23:15:49] INFO [org.apache.directory.api.ldap.model.entry.AbstractValue] - ERR_04447_CANNOT_NORMALIZE_VALUE Cannot normalize the wrapped value ERR_04226 I do not know how to handle NameAndOptionalUID normalization with objects of class: dhcpLeaseDN
[23:15:49] INFO [org.apache.directory.api.ldap.model.entry.AbstractValue] - ERR_04447_CANNOT_NORMALIZE_VALUE Cannot normalize the wrapped value ERR_04226 I do not know how to handle NameAndOptionalUID normalization with objects of class: dhcpHWAddress
[23:15:49] INFO [org.apache.directory.api.ldap.model.entry.AbstractValue] - ERR_04447_CANNOT_NORMALIZE_VALUE Cannot normalize the wrapped value ERR_04226 I do not know how to handle NameAndOptionalUID normalization with objects of class: dhcpOptionsDN
[23:15:49] INFO [org.apache.directory.api.ldap.model.entry.AbstractValue] - ERR_04447_CANNOT_NORMALIZE_VALUE Cannot normalize the wrapped value ERR_04226 I do not know how to handle NameAndOptionalUID normalization with objects of class: dhcpStatements
[23:15:49] INFO [org.apache.directory.api.ldap.model.entry.AbstractValue] - ERR_04447_CANNOT_NORMALIZE_VALUE Cannot normalize the wrapped value ERR_04226 I do not know how to handle NameAndOptionalUID normalization with objects of class: dhcpSubclassesDN
[23:15:49] INFO [org.apache.directory.api.ldap.model.entry.AbstractValue] - ERR_04447_CANNOT_NORMALIZE_VALUE Cannot normalize the wrapped value ERR_04226 I do not know how to handle NameAndOptionalUID normalization with objects of class: dhcpOptionsDN
[23:15:49] INFO [org.apache.directory.api.ldap.model.entry.AbstractValue] - ERR_04447_CANNOT_NORMALIZE_VALUE Cannot normalize the wrapped value ERR_04226 I do not know how to handle NameAndOptionalUID normalization with objects of class: dhcpStatements
[23:15:49] INFO [org.apache.directory.api.ldap.model.entry.AbstractValue] - ERR_04447_CANNOT_NORMALIZE_VALUE Cannot normalize the wrapped value ERR_04226 I do not know how to handle NameAndOptionalUID normalization with objects of class: dhcpClassData
[23:15:49] INFO [org.apache.directory.api.ldap.model.entry.AbstractValue] - ERR_04447_CANNOT_NORMALIZE_VALUE Cannot normalize the wrapped value ERR_04226 I do not know how to handle NameAndOptionalUID normalization with objects of class: dhcpOptionsDN
[23:15:49] INFO [org.apache.directory.api.ldap.model.entry.AbstractValue] - ERR_04447_CANNOT_NORMALIZE_VALUE Cannot normalize the wrapped value ERR_04226 I do not know how to handle NameAndOptionalUID normalization with objects of class: dhcpStatements
[23:15:49] INFO [org.apache.directory.api.ldap.model.entry.AbstractValue] - ERR_04447_CANNOT_NORMALIZE_VALUE Cannot normalize the wrapped value ERR_04226 I do not know how to handle NameAndOptionalUID normalization with objects of class: dhcpOption
[23:15:49] INFO [org.apache.directory.api.ldap.model.entry.AbstractValue] - ERR_04447_CANNOT_NORMALIZE_VALUE Cannot normalize the wrapped value ERR_04226 I do not know how to handle NameAndOptionalUID normalization with objects of class: xmozillanickname
[23:15:49] INFO [org.apache.directory.api.ldap.model.entry.AbstractValue] - ERR_04447_CANNOT_NORMALIZE_VALUE Cannot normalize the wrapped value ERR_04226 I do not know how to handle NameAndOptionalUID normalization with objects of class: xmozillausehtmlmail
[23:15:49] INFO [org.apache.directory.api.ldap.model.entry.AbstractValue] - ERR_04447_CANNOT_NORMALIZE_VALUE Cannot normalize the wrapped value ERR_04226 I do not know how to handle NameAndOptionalUID normalization with objects of class: mozillaSecondEmail
[23:15:49] INFO [org.apache.directory.api.ldap.model.entry.AbstractValue] - ERR_04447_CANNOT_NORMALIZE_VALUE Cannot normalize the wrapped value ERR_04226 I do not know how to handle NameAndOptionalUID normalization with objects of class: mozillaPostalAddress2
[23:15:49] INFO [org.apache.directory.api.ldap.model.entry.AbstractValue] - ERR_04447_CANNOT_NORMALIZE_VALUE Cannot normalize the wrapped value ERR_04226 I do not know how to handle NameAndOptionalUID normalization with objects of class: mozillaHomePostalAddress2
[23:15:49] INFO [org.apache.directory.api.ldap.model.entry.AbstractValue] - ERR_04447_CANNOT_NORMALIZE_VALUE Cannot normalize the wrapped value ERR_04226 I do not know how to handle NameAndOptionalUID normalization with objects of class: mozillaHomeLocalityName
[23:15:49] INFO [org.apache.directory.api.ldap.model.entry.AbstractValue] - ERR_04447_CANNOT_NORMALIZE_VALUE Cannot normalize the wrapped value ERR_04226 I do not know how to handle NameAndOptionalUID normalization with objects of class: mozillaHomeState
[23:15:49] INFO [org.apache.directory.api.ldap.model.entry.AbstractValue] - ERR_04447_CANNOT_NORMALIZE_VALUE Cannot normalize the wrapped value ERR_04226 I do not know how to handle NameAndOptionalUID normalization with objects of class: mozillaHomePostalCode
[23:15:49] INFO [org.apache.directory.api.ldap.model.entry.AbstractValue] - ERR_04447_CANNOT_NORMALIZE_VALUE Cannot normalize the wrapped value ERR_04226 I do not know how to handle NameAndOptionalUID normalization with objects of class: mozillaHomeCountryName
[23:15:49] INFO [org.apache.directory.api.ldap.model.entry.AbstractValue] - ERR_04447_CANNOT_NORMALIZE_VALUE Cannot normalize the wrapped value ERR_04226 I do not know how to handle NameAndOptionalUID normalization with objects of class: mozillaHomeFriendlyCountryName
[23:15:49] INFO [org.apache.directory.api.ldap.model.entry.AbstractValue] - ERR_04447_CANNOT_NORMALIZE_VALUE Cannot normalize the wrapped value ERR_04226 I do not know how to handle NameAndOptionalUID normalization with objects of class: homeurl
[23:15:49] INFO [org.apache.directory.api.ldap.model.entry.AbstractValue] - ERR_04447_CANNOT_NORMALIZE_VALUE Cannot normalize the wrapped value ERR_04226 I do not know how to handle NameAndOptionalUID normalization with objects of class: workurl
[23:15:49] INFO [org.apache.directory.api.ldap.model.entry.AbstractValue] - ERR_04447_CANNOT_NORMALIZE_VALUE Cannot normalize the wrapped value ERR_04226 I do not know how to handle NameAndOptionalUID normalization with objects of class: custom1
[23:15:49] INFO [org.apache.directory.api.ldap.model.entry.AbstractValue] - ERR_04447_CANNOT_NORMALIZE_VALUE Cannot normalize the wrapped value ERR_04226 I do not know how to handle NameAndOptionalUID normalization with objects of class: custom2
[23:15:49] INFO [org.apache.directory.api.ldap.model.entry.AbstractValue] - ERR_04447_CANNOT_NORMALIZE_VALUE Cannot normalize the wrapped value ERR_04226 I do not know how to handle NameAndOptionalUID normalization with objects of class: custom3
[23:15:49] INFO [org.apache.directory.api.ldap.model.entry.AbstractValue] - ERR_04447_CANNOT_NORMALIZE_VALUE Cannot normalize the wrapped value ERR_04226 I do not know how to handle NameAndOptionalUID normalization with objects of class: custom4
[23:15:49] INFO [org.apache.directory.api.ldap.model.entry.AbstractValue] - ERR_04447_CANNOT_NORMALIZE_VALUE Cannot normalize the wrapped value ERR_04226 I do not know how to handle NameAndOptionalUID normalization with objects of class: nsAIMid
[23:15:49] INFO [org.apache.directory.api.ldap.model.entry.AbstractValue] - ERR_04447_CANNOT_NORMALIZE_VALUE Cannot normalize the wrapped value ERR_04226 I do not know how to handle NameAndOptionalUID normalization with objects of class: caseExactIA5SubstringsMatch
[23:15:49] INFO [org.apache.directory.api.ldap.model.entry.AbstractValue] - ERR_04447_CANNOT_NORMALIZE_VALUE Cannot normalize the wrapped value ERR_04226 I do not know how to handle NameAndOptionalUID normalization with objects of class: caseExactIA5SubstringsMatch
[23:15:49] INFO [org.apache.directory.api.ldap.model.entry.AbstractValue] - ERR_04447_CANNOT_NORMALIZE_VALUE Cannot normalize the wrapped value ERR_04226 I do not know how to handle NameAndOptionalUID normalization with objects of class: caseExactIA5SubstringsMatch
[23:15:49] INFO [org.apache.directory.api.ldap.model.entry.AbstractValue] - ERR_04447_CANNOT_NORMALIZE_VALUE Cannot normalize the wrapped value ERR_04226 I do not know how to handle NameAndOptionalUID normalization with objects of class: loginShell
[23:15:49] INFO [org.apache.directory.api.ldap.model.entry.AbstractValue] - ERR_04447_CANNOT_NORMALIZE_VALUE Cannot normalize the wrapped value ERR_04226 I do not know how to handle NameAndOptionalUID normalization with objects of class: gecos
[23:15:49] INFO [org.apache.directory.api.ldap.model.entry.AbstractValue] - ERR_04447_CANNOT_NORMALIZE_VALUE Cannot normalize the wrapped value ERR_04226 I do not know how to handle NameAndOptionalUID normalization with objects of class: uidNumber
[23:15:49] INFO [org.apache.directory.api.ldap.model.entry.AbstractValue] - ERR_04447_CANNOT_NORMALIZE_VALUE Cannot normalize the wrapped value ERR_04226 I do not know how to handle NameAndOptionalUID normalization with objects of class: gidNumber
[23:15:49] INFO [org.apache.directory.api.ldap.model.entry.AbstractValue] - ERR_04447_CANNOT_NORMALIZE_VALUE Cannot normalize the wrapped value ERR_04226 I do not know how to handle NameAndOptionalUID normalization with objects of class: homeDirectory
[23:15:49] INFO [org.apache.directory.api.ldap.model.entry.AbstractValue] - ERR_04447_CANNOT_NORMALIZE_VALUE Cannot normalize the wrapped value ERR_04226 I do not know how to handle NameAndOptionalUID normalization with objects of class: shadowLastChange
[23:15:49] INFO [org.apache.directory.api.ldap.model.entry.AbstractValue] - ERR_04447_CANNOT_NORMALIZE_VALUE Cannot normalize the wrapped value ERR_04226 I do not know how to handle NameAndOptionalUID normalization with objects of class: shadowMin
[23:15:49] INFO [org.apache.directory.api.ldap.model.entry.AbstractValue] - ERR_04447_CANNOT_NORMALIZE_VALUE Cannot normalize the wrapped value ERR_04226 I do not know how to handle NameAndOptionalUID normalization with objects of class: shadowMax
[23:15:49] INFO [org.apache.directory.api.ldap.model.entry.AbstractValue] - ERR_04447_CANNOT_NORMALIZE_VALUE Cannot normalize the wrapped value ERR_04226 I do not know how to handle NameAndOptionalUID normalization with objects of class: shadowWarning
[23:15:49] INFO [org.apache.directory.api.ldap.model.entry.AbstractValue] - ERR_04447_CANNOT_NORMALIZE_VALUE Cannot normalize the wrapped value ERR_04226 I do not know how to handle NameAndOptionalUID normalization with objects of class: shadowInactive
[23:15:49] INFO [org.apache.directory.api.ldap.model.entry.AbstractValue] - ERR_04447_CANNOT_NORMALIZE_VALUE Cannot normalize the wrapped value ERR_04226 I do not know how to handle NameAndOptionalUID normalization with objects of class: shadowExpire
[23:15:49] INFO [org.apache.directory.api.ldap.model.entry.AbstractValue] - ERR_04447_CANNOT_NORMALIZE_VALUE Cannot normalize the wrapped value ERR_04226 I do not know how to handle NameAndOptionalUID normalization with objects of class: shadowFlag
[23:15:49] INFO [org.apache.directory.api.ldap.model.entry.AbstractValue] - ERR_04447_CANNOT_NORMALIZE_VALUE Cannot normalize the wrapped value ERR_04226 I do not know how to handle NameAndOptionalUID normalization with objects of class: nisMapEntry
[23:15:49] INFO [org.apache.directory.api.ldap.model.entry.AbstractValue] - ERR_04447_CANNOT_NORMALIZE_VALUE Cannot normalize the wrapped value ERR_04226 I do not know how to handle NameAndOptionalUID normalization with objects of class: nisMapName
[23:15:49] INFO [org.apache.directory.api.ldap.model.entry.AbstractValue] - ERR_04447_CANNOT_NORMALIZE_VALUE Cannot normalize the wrapped value ERR_04226 I do not know how to handle NameAndOptionalUID normalization with objects of class: macAddress
[23:15:49] INFO [org.apache.directory.api.ldap.model.entry.AbstractValue] - ERR_04447_CANNOT_NORMALIZE_VALUE Cannot normalize the wrapped value ERR_04226 I do not know how to handle NameAndOptionalUID normalization with objects of class: bootFile
[23:15:49] INFO [org.apache.directory.api.ldap.model.entry.AbstractValue] - ERR_04447_CANNOT_NORMALIZE_VALUE Cannot normalize the wrapped value ERR_04226 I do not know how to handle NameAndOptionalUID normalization with objects of class: bootParameter
[23:15:49] INFO [org.apache.directory.api.ldap.model.entry.AbstractValue] - ERR_04447_CANNOT_NORMALIZE_VALUE Cannot normalize the wrapped value ERR_04226 I do not know how to handle NameAndOptionalUID normalization with objects of class: memberUid
[23:15:49] INFO [org.apache.directory.api.ldap.model.entry.AbstractValue] - ERR_04447_CANNOT_NORMALIZE_VALUE Cannot normalize the wrapped value ERR_04226 I do not know how to handle NameAndOptionalUID normalization with objects of class: gidNumber
[23:15:49] INFO [org.apache.directory.api.ldap.model.entry.AbstractValue] - ERR_04447_CANNOT_NORMALIZE_VALUE Cannot normalize the wrapped value ERR_04226 I do not know how to handle NameAndOptionalUID normalization with objects of class: ipServicePort
[23:15:49] INFO [org.apache.directory.api.ldap.model.entry.AbstractValue] - ERR_04447_CANNOT_NORMALIZE_VALUE Cannot normalize the wrapped value ERR_04226 I do not know how to handle NameAndOptionalUID normalization with objects of class: ipServiceProtocol
[23:15:49] INFO [org.apache.directory.api.ldap.model.entry.AbstractValue] - ERR_04447_CANNOT_NORMALIZE_VALUE Cannot normalize the wrapped value ERR_04226 I do not know how to handle NameAndOptionalUID normalization with objects of class: ipProtocolNumber
[23:15:49] INFO [org.apache.directory.api.ldap.model.entry.AbstractValue] - ERR_04447_CANNOT_NORMALIZE_VALUE Cannot normalize the wrapped value ERR_04226 I do not know how to handle NameAndOptionalUID normalization with objects of class: oncRpcNumber
[23:15:49] INFO [org.apache.directory.api.ldap.model.entry.AbstractValue] - ERR_04447_CANNOT_NORMALIZE_VALUE Cannot normalize the wrapped value ERR_04226 I do not know how to handle NameAndOptionalUID normalization with objects of class: ipHostNumber
[23:15:49] INFO [org.apache.directory.api.ldap.model.entry.AbstractValue] - ERR_04447_CANNOT_NORMALIZE_VALUE Cannot normalize the wrapped value ERR_04226 I do not know how to handle NameAndOptionalUID normalization with objects of class: ipNetmaskNumber
[23:15:49] INFO [org.apache.directory.api.ldap.model.entry.AbstractValue] - ERR_04447_CANNOT_NORMALIZE_VALUE Cannot normalize the wrapped value ERR_04226 I do not know how to handle NameAndOptionalUID normalization with objects of class: ipNetworkNumber
[23:15:49] INFO [org.apache.directory.api.ldap.model.entry.AbstractValue] - ERR_04447_CANNOT_NORMALIZE_VALUE Cannot normalize the wrapped value ERR_04226 I do not know how to handle NameAndOptionalUID normalization with objects of class: nisNetgroupTriple
[23:15:49] INFO [org.apache.directory.api.ldap.model.entry.AbstractValue] - ERR_04447_CANNOT_NORMALIZE_VALUE Cannot normalize the wrapped value ERR_04226 I do not know how to handle NameAndOptionalUID normalization with objects of class: memberNisNetgroup
[23:15:49] INFO [org.apache.directory.api.ldap.model.entry.AbstractValue] - ERR_04447_CANNOT_NORMALIZE_VALUE Cannot normalize the wrapped value ERR_04226 I do not know how to handle NameAndOptionalUID normalization with objects of class: nisMapName
[23:15:49] INFO [org.apache.directory.api.ldap.model.ldif.LdifReader] - No version information : assuming version: 1
[23:15:49] INFO [org.apache.directory.api.ldap.model.ldif.LdifReader] - No version information : assuming version: 1
[23:15:49] INFO [org.apache.directory.api.ldap.model.ldif.LdifReader] - No version information : assuming version: 1
[23:15:49] INFO [org.apache.directory.api.ldap.model.entry.AbstractValue] - ERR_04447_CANNOT_NORMALIZE_VALUE Cannot normalize the wrapped value ERR_04226 I do not know how to handle NameAndOptionalUID normalization with objects of class: caseExactIA5SubstringsMatch
[23:15:49] INFO [org.apache.directory.api.ldap.model.ldif.LdifReader] - No version information : assuming version: 1
[23:15:49] INFO [org.apache.directory.api.ldap.model.entry.AbstractValue] - ERR_04447_CANNOT_NORMALIZE_VALUE Cannot normalize the wrapped value ERR_04226 I do not know how to handle NameAndOptionalUID normalization with objects of class: caseExactIA5SubstringsMatch
[23:15:49] INFO [org.apache.directory.api.ldap.model.ldif.LdifReader] - No version information : assuming version: 1
[23:15:49] INFO [org.apache.directory.api.ldap.model.entry.AbstractValue] - ERR_04447_CANNOT_NORMALIZE_VALUE Cannot normalize the wrapped value ERR_04226 I do not know how to handle NameAndOptionalUID normalization with objects of class: uidNumber
[23:15:49] INFO [org.apache.directory.api.ldap.model.entry.AbstractValue] - ERR_04447_CANNOT_NORMALIZE_VALUE Cannot normalize the wrapped value ERR_04226 I do not know how to handle NameAndOptionalUID normalization with objects of class: nisPublicKey
[23:15:49] INFO [org.apache.directory.api.ldap.model.entry.AbstractValue] - ERR_04447_CANNOT_NORMALIZE_VALUE Cannot normalize the wrapped value ERR_04226 I do not know how to handle NameAndOptionalUID normalization with objects of class: nisSecretKey
[23:15:49] INFO [org.apache.directory.api.ldap.model.ldif.LdifReader] - No version information : assuming version: 1
[23:15:49] INFO [org.apache.directory.api.ldap.model.entry.AbstractValue] - ERR_04447_CANNOT_NORMALIZE_VALUE Cannot normalize the wrapped value ERR_04226 I do not know how to handle NameAndOptionalUID normalization with objects of class: nisDomain
[23:15:49] INFO [org.apache.directory.api.ldap.model.ldif.LdifReader] - No version information : assuming version: 1
[23:15:49] INFO [org.apache.directory.api.ldap.model.entry.AbstractValue] - ERR_04447_CANNOT_NORMALIZE_VALUE Cannot normalize the wrapped value ERR_04226 I do not know how to handle NameAndOptionalUID normalization with objects of class: sambaShareName
[23:15:49] INFO [org.apache.directory.api.ldap.model.entry.AbstractValue] - ERR_04447_CANNOT_NORMALIZE_VALUE Cannot normalize the wrapped value ERR_04226 I do not know how to handle NameAndOptionalUID normalization with objects of class: sambaBoolOption
[23:15:49] INFO [org.apache.directory.api.ldap.model.entry.AbstractValue] - ERR_04447_CANNOT_NORMALIZE_VALUE Cannot normalize the wrapped value ERR_04226 I do not know how to handle NameAndOptionalUID normalization with objects of class: sambaIntegerOption
[23:15:49] INFO [org.apache.directory.api.ldap.model.entry.AbstractValue] - ERR_04447_CANNOT_NORMALIZE_VALUE Cannot normalize the wrapped value ERR_04226 I do not know how to handle NameAndOptionalUID normalization with objects of class: sambaStringListOption
[23:15:49] INFO [org.apache.directory.api.ldap.model.entry.AbstractValue] - ERR_04447_CANNOT_NORMALIZE_VALUE Cannot normalize the wrapped value ERR_04226 I do not know how to handle NameAndOptionalUID normalization with objects of class: sambaStringOption
[23:15:49] INFO [org.apache.directory.api.ldap.model.entry.AbstractValue] - ERR_04447_CANNOT_NORMALIZE_VALUE Cannot normalize the wrapped value ERR_04226 I do not know how to handle NameAndOptionalUID normalization with objects of class: sambaOptionName
[23:15:49] INFO [org.apache.directory.api.ldap.model.entry.AbstractValue] - ERR_04447_CANNOT_NORMALIZE_VALUE Cannot normalize the wrapped value ERR_04226 I do not know how to handle NameAndOptionalUID normalization with objects of class: sambaPrivilegeList
[23:15:49] INFO [org.apache.directory.api.ldap.model.entry.AbstractValue] - ERR_04447_CANNOT_NORMALIZE_VALUE Cannot normalize the wrapped value ERR_04226 I do not know how to handle NameAndOptionalUID normalization with objects of class: sambaSID
[23:15:49] INFO [org.apache.directory.api.ldap.model.entry.AbstractValue] - ERR_04447_CANNOT_NORMALIZE_VALUE Cannot normalize the wrapped value ERR_04226 I do not know how to handle NameAndOptionalUID normalization with objects of class: sambaPwdLastSet
[23:15:49] INFO [org.apache.directory.api.ldap.model.entry.AbstractValue] - ERR_04447_CANNOT_NORMALIZE_VALUE Cannot normalize the wrapped value ERR_04226 I do not know how to handle NameAndOptionalUID normalization with objects of class: sambaSID
[23:15:49] INFO [org.apache.directory.api.ldap.model.entry.AbstractValue] - ERR_04447_CANNOT_NORMALIZE_VALUE Cannot normalize the wrapped value ERR_04226 I do not know how to handle NameAndOptionalUID normalization with objects of class: sambaDomainName
[23:15:49] INFO [org.apache.directory.api.ldap.model.entry.AbstractValue] - ERR_04447_CANNOT_NORMALIZE_VALUE Cannot normalize the wrapped value ERR_04226 I do not know how to handle NameAndOptionalUID normalization with objects of class: sambaNTPassword
[23:15:49] INFO [org.apache.directory.api.ldap.model.entry.AbstractValue] - ERR_04447_CANNOT_NORMALIZE_VALUE Cannot normalize the wrapped value ERR_04226 I do not know how to handle NameAndOptionalUID normalization with objects of class: sambaTrustFlags
[23:15:49] INFO [org.apache.directory.api.ldap.model.entry.AbstractValue] - ERR_04447_CANNOT_NORMALIZE_VALUE Cannot normalize the wrapped value ERR_04226 I do not know how to handle NameAndOptionalUID normalization with objects of class: sambaSIDList
[23:15:49] INFO [org.apache.directory.api.ldap.model.entry.AbstractValue] - ERR_04447_CANNOT_NORMALIZE_VALUE Cannot normalize the wrapped value ERR_04226 I do not know how to handle NameAndOptionalUID normalization with objects of class: gidNumber
[23:15:49] INFO [org.apache.directory.api.ldap.model.entry.AbstractValue] - ERR_04447_CANNOT_NORMALIZE_VALUE Cannot normalize the wrapped value ERR_04226 I do not know how to handle NameAndOptionalUID normalization with objects of class: sambaGroupType
[23:15:49] INFO [org.apache.directory.api.ldap.model.entry.AbstractValue] - ERR_04447_CANNOT_NORMALIZE_VALUE Cannot normalize the wrapped value ERR_04226 I do not know how to handle NameAndOptionalUID normalization with objects of class: sambaSID
[23:15:49] INFO [org.apache.directory.api.ldap.model.entry.AbstractValue] - ERR_04447_CANNOT_NORMALIZE_VALUE Cannot normalize the wrapped value ERR_04226 I do not know how to handle NameAndOptionalUID normalization with objects of class: sambaAlgorithmicRidBase
[23:15:49] INFO [org.apache.directory.api.ldap.model.entry.AbstractValue] - ERR_04447_CANNOT_NORMALIZE_VALUE Cannot normalize the wrapped value ERR_04226 I do not know how to handle NameAndOptionalUID normalization with objects of class: sambaForceLogoff
[23:15:49] INFO [org.apache.directory.api.ldap.model.entry.AbstractValue] - ERR_04447_CANNOT_NORMALIZE_VALUE Cannot normalize the wrapped value ERR_04226 I do not know how to handle NameAndOptionalUID normalization with objects of class: sambaLockoutDuration
[23:15:49] INFO [org.apache.directory.api.ldap.model.entry.AbstractValue] - ERR_04447_CANNOT_NORMALIZE_VALUE Cannot normalize the wrapped value ERR_04226 I do not know how to handle NameAndOptionalUID normalization with objects of class: sambaLockoutObservationWindow
[23:15:49] INFO [org.apache.directory.api.ldap.model.entry.AbstractValue] - ERR_04447_CANNOT_NORMALIZE_VALUE Cannot normalize the wrapped value ERR_04226 I do not know how to handle NameAndOptionalUID normalization with objects of class: sambaLockoutThreshold
[23:15:49] INFO [org.apache.directory.api.ldap.model.entry.AbstractValue] - ERR_04447_CANNOT_NORMALIZE_VALUE Cannot normalize the wrapped value ERR_04226 I do not know how to handle NameAndOptionalUID normalization with objects of class: sambaLogonToChgPwd
[23:15:49] INFO [org.apache.directory.api.ldap.model.entry.AbstractValue] - ERR_04447_CANNOT_NORMALIZE_VALUE Cannot normalize the wrapped value ERR_04226 I do not know how to handle NameAndOptionalUID normalization with objects of class: sambaMaxPwdAge
[23:15:49] INFO [org.apache.directory.api.ldap.model.entry.AbstractValue] - ERR_04447_CANNOT_NORMALIZE_VALUE Cannot normalize the wrapped value ERR_04226 I do not know how to handle NameAndOptionalUID normalization with objects of class: sambaMinPwdAge
[23:15:49] INFO [org.apache.directory.api.ldap.model.entry.AbstractValue] - ERR_04447_CANNOT_NORMALIZE_VALUE Cannot normalize the wrapped value ERR_04226 I do not know how to handle NameAndOptionalUID normalization with objects of class: sambaMinPwdLength
[23:15:49] INFO [org.apache.directory.api.ldap.model.entry.AbstractValue] - ERR_04447_CANNOT_NORMALIZE_VALUE Cannot normalize the wrapped value ERR_04226 I do not know how to handle NameAndOptionalUID normalization with objects of class: sambaNextGroupRid
[23:15:49] INFO [org.apache.directory.api.ldap.model.entry.AbstractValue] - ERR_04447_CANNOT_NORMALIZE_VALUE Cannot normalize the wrapped value ERR_04226 I do not know how to handle NameAndOptionalUID normalization with objects of class: sambaNextRid
[23:15:49] INFO [org.apache.directory.api.ldap.model.entry.AbstractValue] - ERR_04447_CANNOT_NORMALIZE_VALUE Cannot normalize the wrapped value ERR_04226 I do not know how to handle NameAndOptionalUID normalization with objects of class: sambaNextUserRid
[23:15:49] INFO [org.apache.directory.api.ldap.model.entry.AbstractValue] - ERR_04447_CANNOT_NORMALIZE_VALUE Cannot normalize the wrapped value ERR_04226 I do not know how to handle NameAndOptionalUID normalization with objects of class: sambaPwdHistoryLength
[23:15:49] INFO [org.apache.directory.api.ldap.model.entry.AbstractValue] - ERR_04447_CANNOT_NORMALIZE_VALUE Cannot normalize the wrapped value ERR_04226 I do not know how to handle NameAndOptionalUID normalization with objects of class: sambaRefuseMachinePwdChange
[23:15:49] INFO [org.apache.directory.api.ldap.model.entry.AbstractValue] - ERR_04447_CANNOT_NORMALIZE_VALUE Cannot normalize the wrapped value ERR_04226 I do not know how to handle NameAndOptionalUID normalization with objects of class: sambaDomainName
[23:15:49] INFO [org.apache.directory.api.ldap.model.entry.AbstractValue] - ERR_04447_CANNOT_NORMALIZE_VALUE Cannot normalize the wrapped value ERR_04226 I do not know how to handle NameAndOptionalUID normalization with objects of class: sambaSID
[23:15:49] INFO [org.apache.directory.api.ldap.model.entry.AbstractValue] - ERR_04447_CANNOT_NORMALIZE_VALUE Cannot normalize the wrapped value ERR_04226 I do not know how to handle NameAndOptionalUID normalization with objects of class: sambaAcctFlags
[23:15:49] INFO [org.apache.directory.api.ldap.model.entry.AbstractValue] - ERR_04447_CANNOT_NORMALIZE_VALUE Cannot normalize the wrapped value ERR_04226 I do not know how to handle NameAndOptionalUID normalization with objects of class: sambaBadPasswordCount
[23:15:49] INFO [org.apache.directory.api.ldap.model.entry.AbstractValue] - ERR_04447_CANNOT_NORMALIZE_VALUE Cannot normalize the wrapped value ERR_04226 I do not know how to handle NameAndOptionalUID normalization with objects of class: sambaBadPasswordTime
[23:15:49] INFO [org.apache.directory.api.ldap.model.entry.AbstractValue] - ERR_04447_CANNOT_NORMALIZE_VALUE Cannot normalize the wrapped value ERR_04226 I do not know how to handle NameAndOptionalUID normalization with objects of class: sambaDomainName
[23:15:49] INFO [org.apache.directory.api.ldap.model.entry.AbstractValue] - ERR_04447_CANNOT_NORMALIZE_VALUE Cannot normalize the wrapped value ERR_04226 I do not know how to handle NameAndOptionalUID normalization with objects of class: sambaHomeDrive
[23:15:49] INFO [org.apache.directory.api.ldap.model.entry.AbstractValue] - ERR_04447_CANNOT_NORMALIZE_VALUE Cannot normalize the wrapped value ERR_04226 I do not know how to handle NameAndOptionalUID normalization with objects of class: sambaHomePath
[23:15:49] INFO [org.apache.directory.api.ldap.model.entry.AbstractValue] - ERR_04447_CANNOT_NORMALIZE_VALUE Cannot normalize the wrapped value ERR_04226 I do not know how to handle NameAndOptionalUID normalization with objects of class: sambaKickoffTime
[23:15:49] INFO [org.apache.directory.api.ldap.model.entry.AbstractValue] - ERR_04447_CANNOT_NORMALIZE_VALUE Cannot normalize the wrapped value ERR_04226 I do not know how to handle NameAndOptionalUID normalization with objects of class: sambaLMPassword
[23:15:49] INFO [org.apache.directory.api.ldap.model.entry.AbstractValue] - ERR_04447_CANNOT_NORMALIZE_VALUE Cannot normalize the wrapped value ERR_04226 I do not know how to handle NameAndOptionalUID normalization with objects of class: sambaLogoffTime
[23:15:49] INFO [org.apache.directory.api.ldap.model.entry.AbstractValue] - ERR_04447_CANNOT_NORMALIZE_VALUE Cannot normalize the wrapped value ERR_04226 I do not know how to handle NameAndOptionalUID normalization with objects of class: sambaLogonHours
[23:15:49] INFO [org.apache.directory.api.ldap.model.entry.AbstractValue] - ERR_04447_CANNOT_NORMALIZE_VALUE Cannot normalize the wrapped value ERR_04226 I do not know how to handle NameAndOptionalUID normalization with objects of class: sambaLogonScript
[23:15:49] INFO [org.apache.directory.api.ldap.model.entry.AbstractValue] - ERR_04447_CANNOT_NORMALIZE_VALUE Cannot normalize the wrapped value ERR_04226 I do not know how to handle NameAndOptionalUID normalization with objects of class: sambaLogonTime
[23:15:49] INFO [org.apache.directory.api.ldap.model.entry.AbstractValue] - ERR_04447_CANNOT_NORMALIZE_VALUE Cannot normalize the wrapped value ERR_04226 I do not know how to handle NameAndOptionalUID normalization with objects of class: sambaMungedDial
[23:15:49] INFO [org.apache.directory.api.ldap.model.entry.AbstractValue] - ERR_04447_CANNOT_NORMALIZE_VALUE Cannot normalize the wrapped value ERR_04226 I do not know how to handle NameAndOptionalUID normalization with objects of class: sambaNTPassword
[23:15:49] INFO [org.apache.directory.api.ldap.model.entry.AbstractValue] - ERR_04447_CANNOT_NORMALIZE_VALUE Cannot normalize the wrapped value ERR_04226 I do not know how to handle NameAndOptionalUID normalization with objects of class: sambaPasswordHistory
[23:15:49] INFO [org.apache.directory.api.ldap.model.entry.AbstractValue] - ERR_04447_CANNOT_NORMALIZE_VALUE Cannot normalize the wrapped value ERR_04226 I do not know how to handle NameAndOptionalUID normalization with objects of class: sambaPrimaryGroupSID
[23:15:49] INFO [org.apache.directory.api.ldap.model.entry.AbstractValue] - ERR_04447_CANNOT_NORMALIZE_VALUE Cannot normalize the wrapped value ERR_04226 I do not know how to handle NameAndOptionalUID normalization with objects of class: sambaProfilePath
[23:15:49] INFO [org.apache.directory.api.ldap.model.entry.AbstractValue] - ERR_04447_CANNOT_NORMALIZE_VALUE Cannot normalize the wrapped value ERR_04226 I do not know how to handle NameAndOptionalUID normalization with objects of class: sambaPwdCanChange
[23:15:49] INFO [org.apache.directory.api.ldap.model.entry.AbstractValue] - ERR_04447_CANNOT_NORMALIZE_VALUE Cannot normalize the wrapped value ERR_04226 I do not know how to handle NameAndOptionalUID normalization with objects of class: sambaPwdLastSet
[23:15:49] INFO [org.apache.directory.api.ldap.model.entry.AbstractValue] - ERR_04447_CANNOT_NORMALIZE_VALUE Cannot normalize the wrapped value ERR_04226 I do not know how to handle NameAndOptionalUID normalization with objects of class: sambaPwdMustChange
[23:15:49] INFO [org.apache.directory.api.ldap.model.entry.AbstractValue] - ERR_04447_CANNOT_NORMALIZE_VALUE Cannot normalize the wrapped value ERR_04226 I do not know how to handle NameAndOptionalUID normalization with objects of class: sambaUserWorkstations
[23:15:49] INFO [org.apache.directory.api.ldap.model.entry.AbstractValue] - ERR_04447_CANNOT_NORMALIZE_VALUE Cannot normalize the wrapped value ERR_04226 I do not know how to handle NameAndOptionalUID normalization with objects of class: sambaSID
[23:15:49] INFO [org.apache.directory.api.ldap.model.entry.AbstractValue] - ERR_04447_CANNOT_NORMALIZE_VALUE Cannot normalize the wrapped value ERR_04226 I do not know how to handle NameAndOptionalUID normalization with objects of class: gidNumber
[23:15:49] INFO [org.apache.directory.api.ldap.model.entry.AbstractValue] - ERR_04447_CANNOT_NORMALIZE_VALUE Cannot normalize the wrapped value ERR_04226 I do not know how to handle NameAndOptionalUID normalization with objects of class: uidNumber
[23:15:49] INFO [org.apache.directory.api.ldap.model.entry.AbstractValue] - ERR_04447_CANNOT_NORMALIZE_VALUE Cannot normalize the wrapped value ERR_04226 I do not know how to handle NameAndOptionalUID normalization with objects of class: gidNumber
[23:15:49] INFO [org.apache.directory.api.ldap.model.entry.AbstractValue] - ERR_04447_CANNOT_NORMALIZE_VALUE Cannot normalize the wrapped value ERR_04226 I do not know how to handle NameAndOptionalUID normalization with objects of class: uidNumber
[23:15:49] INFO [org.apache.directory.api.ldap.model.entry.AbstractValue] - ERR_04447_CANNOT_NORMALIZE_VALUE Cannot normalize the wrapped value ERR_04226 I do not know how to handle NameAndOptionalUID normalization with objects of class: sambaSID
[23:15:49] INFO [org.apache.directory.api.ldap.model.entry.AbstractValue] - ERR_04447_CANNOT_NORMALIZE_VALUE Cannot normalize the wrapped value ERR_04226 I do not know how to handle NameAndOptionalUID normalization with objects of class: sambaSID
[23:15:49] INFO [org.apache.directory.server.core.api.CacheService] - fetching the cache named alias
[23:15:49] INFO [org.apache.directory.server.core.api.CacheService] - fetching the cache named piar
[23:15:49] INFO [org.apache.directory.server.core.api.CacheService] - fetching the cache named entryDn
[23:15:49] INFO [org.apache.directory.server.core.api.CacheService] - fetching the cache named system
[23:15:49] INFO [org.apache.directory.server.core.api.CacheService] - No cache with name system exists, creating one
[23:15:50] INFO [org.apache.directory.server.core.api.CacheService] - fetching the cache named groupCache
[23:15:50] INFO [org.apache.directory.server.core.event.EventInterceptor] - Initializing ...
[23:15:50] INFO [org.apache.directory.server.core.event.EventInterceptor] - Initialization complete.
[23:15:50] WARN [org.apache.directory.server.core.DefaultDirectoryService] - You didn't change the admin password of directory service instance 'null'.  Please update the admin password as soon as possible to prevent a possible security breach.
[23:15:50] INFO [org.apache.directory.api.ldap.model.ldif.LdifReader] - No version information : assuming version: 1
[23:15:50] INFO [org.apache.directory.api.ldap.schema.manager.impl.DefaultSchemaManager] - Loading microsoft enabled schema: 
	Schema Name: microsoft
		Disabled: false
		Owner: 0.9.2342.19200300.100.1.1=admin,2.5.4.11=system
		Dependencies: []
		SchemaLoader : 
[23:15:50] INFO [org.apache.directory.api.ldap.schema.manager.impl.DefaultSchemaManager] - Loading microsoft enabled schema: 
	Schema Name: microsoft
		Disabled: false
		Owner: 0.9.2342.19200300.100.1.1=admin,2.5.4.11=system
		Dependencies: []
		SchemaLoader : 
[23:15:50] INFO [org.apache.directory.server.protocol.shared.store.LdifFileLoader] - Created cn=microsoft, ou=schema.
[23:15:50] INFO [org.apache.directory.server.protocol.shared.store.LdifFileLoader] - Created ou=attributetypes, cn=microsoft, ou=schema.
[23:15:50] INFO [org.apache.directory.server.protocol.shared.store.LdifFileLoader] - Created m-oid=1.2.840.113556.1.4.221, ou=attributetypes, cn=microsoft, ou=schema.
[23:15:50] INFO [org.apache.directory.server.protocol.shared.store.LdifFileLoader] - Created m-oid=1.2.840.113556.1.4.222, ou=attributetypes, cn=microsoft, ou=schema.
[23:15:50] INFO [org.apache.directory.server.protocol.shared.store.LdifFileLoader] - Created ou=objectclasses, cn=microsoft, ou=schema.
[23:15:50] INFO [org.apache.directory.server.protocol.shared.store.LdifFileLoader] - Created m-oid=1.2.840.113556.1.5.6, ou=objectclasses, cn=microsoft, ou=schema.
[23:15:50] INFO [org.apache.directory.server.protocol.shared.store.LdifFileLoader] - Found ou=attributetypes, cn=microsoft, ou=schema, will not create.
[23:15:50] INFO [org.apache.directory.server.protocol.shared.store.LdifFileLoader] - Found ou=objectclasses, cn=microsoft, ou=schema, will not create.
[23:15:50] INFO [org.apache.directory.server.protocol.shared.store.LdifFileLoader] - Created m-oid=1.2.840.113556.1.5.9, ou=objectclasses, cn=microsoft, ou=schema.
[23:15:50] INFO [com.krish.ead.server.EmbeddedADSVerM23] - Krish schema has been loaded with count 7
[23:15:50] INFO [org.apache.directory.server.core.api.CacheService] - fetching the cache named alias
[23:15:50] INFO [org.apache.directory.server.core.api.CacheService] - fetching the cache named piar
[23:15:50] INFO [org.apache.directory.server.core.api.CacheService] - fetching the cache named entryDn
[23:15:50] INFO [org.apache.directory.server.core.api.CacheService] - fetching the cache named jpmis
[23:15:50] INFO [org.apache.directory.server.core.api.CacheService] - No cache with name jpmis exists, creating one
[23:15:50] WARN [org.apache.directory.server.core.normalization.NormalizationInterceptor] - The Rdn 'dc=jpmis' is not present in the entry
[23:15:50] INFO [com.krish.ead.server.EADGroupMappingUpdater] - Initializing Updater class for Providers ....
[23:15:50] INFO [com.krish.directory.service.EadSchemaService] - Creating user with Cn: krishdey
[23:15:50] INFO [com.krish.directory.service.EadSchemaService] - Created user in the EAD krishdey
[23:15:50] INFO [com.krish.directory.service.EadSchemaService] - Creating Group with : ND-DEY-ENG
[23:15:50] INFO [com.krish.directory.service.EadSchemaService] - Adding user with Cn: krishdey to group ND-DEY-ENG
[23:15:50] INFO [com.krish.security.hadoop.impl.GroupsMappingBuilder] - Loading mapping providers configuration
[23:15:51] INFO [com.krish.ead.server.EADGroupMappingUpdater] - Going to run schema update
[23:15:51] INFO [com.krish.directory.service.DefaultGroupMappingService] - Going to update Schemas..
[23:15:51] INFO [com.krish.security.hadoop.impl.LdapGroupsMapping] - Trying to get users for group ND-POC-ENG for NAEAST
[23:15:51] INFO [com.krish.ead.server.EADServer] - Providers updater started successfully 
[23:15:51] WARN [com.krish.security.hadoop.impl.LdapGroupsMapping] - Connection is closed, will try to reconnect for NAEAST LDAP URL: ldap://localhost:10689
[23:15:51] WARN [com.krish.security.hadoop.impl.LdapGroupsMapping] - Connection being closed, reconnecting failed, retryCount = 1
[23:15:51] WARN [com.krish.security.hadoop.impl.LdapGroupsMapping] - Connection being closed, reconnecting failed, retryCount = 2
[23:15:51] WARN [com.krish.security.hadoop.impl.LdapGroupsMapping] - Connection being closed, reconnecting failed, retryCount = 3
[23:15:51] INFO [com.krish.directory.service.DefaultGroupMappingService] - The users for the group ND-POC-ENG are []
[23:15:51] INFO [com.krish.ead.server.EADGroupMappingUpdater] - Schema update finishded
[23:15:51] INFO [com.krish.ead.server.EADServer] - Shutdown thread called
[23:15:51] INFO [com.krish.ead.server.EADServer] - Stopping the service.
[23:15:51] INFO [com.krish.ead.server.EADGroupMappingUpdater] - Thread has been interrupted java.lang.InterruptedException: sleep interrupted
[23:15:51] INFO [org.apache.directory.server.core.api.CacheService] - clearing all the caches
[23:15:51] INFO [com.krish.ead.server.EADServer] - Service stopped successfully.
